2023-11-11 17:24:26,125 [INFO] Activator:176 - 


2023-11-11 17:24:26,132 [INFO] Activator:177 - !SESSION log4j initialized
2023-11-11 17:24:34,056 [INFO] LogOutputStream:77 - [STDOUT_REDIRECT] 
2023-11-11 17:24:36,120 [INFO] ApplicationProperties:184 - Using Application install path: C:\ST\STM32CubeIDE_1.13.2\STM32CubeIDE\plugins\com.st.stm32cube.common.mx_6.9.2.202309101412
2023-11-11 17:24:36,138 [INFO] DbMcusXml:78 - Set database path to: C:\ST\STM32CubeIDE_1.13.2\STM32CubeIDE\plugins\com.st.stm32cube.common.mx_6.9.2.202309101412\\db\/mcu/
2023-11-11 17:24:36,139 [INFO] ApiDb:274 - Set plugin database path to: C:\ST\STM32CubeIDE_1.13.2\STM32CubeIDE\plugins\com.st.stm32cube.common.mx_6.9.2.202309101412\\db\/plugins/boardmanager/
2023-11-11 17:24:36,139 [WARN] ApiDb:259 - Overriding images path with different value:  => C:\ST\STM32CubeIDE_1.13.2\STM32CubeIDE\plugins\com.st.stm32cube.common.mx_6.9.2.202309101412\\db\/plugins/mcufinder/images/
2023-11-11 17:24:36,156 [INFO] ApiDb:250 - Set database path to: C:\Users\shady\.stmcufinder\plugins\mcufinder//mcu/
2023-11-11 17:24:36,158 [INFO] DbMcusAds:125 - Set database path to: C:\Users\shady\.stmcufinder\plugins\mcufinder//mcu/
2023-11-11 17:24:36,160 [INFO] CrossReferenceDbSqlite:203 - Set database path to: C:\Users\shady\.stmcufinder\plugins\mcufinder//mcu/cs/
2023-11-11 17:24:36,294 [INFO] RulesReader:64 - Compatibility file has been processed (293 Rules)
2023-11-11 17:24:36,399 [INFO] DbMcusXml:78 - Set database path to: C:\ST\STM32CubeIDE_1.13.2\STM32CubeIDE\plugins\com.st.stm32cube.common.mx_6.9.2.202309101412\\db\/mcu/
2023-11-11 17:24:36,399 [INFO] ApiDb:274 - Set plugin database path to: C:\ST\STM32CubeIDE_1.13.2\STM32CubeIDE\plugins\com.st.stm32cube.common.mx_6.9.2.202309101412\\db\/plugins/boardmanager/
2023-11-11 17:24:36,399 [INFO] ApiDb:261 - Set plugin images path to: C:\ST\STM32CubeIDE_1.13.2\STM32CubeIDE\plugins\com.st.stm32cube.common.mx_6.9.2.202309101412\\db\/plugins/mcufinder/images/
2023-11-11 17:24:36,399 [WARN] DbFile:41 - Overriding database path with different value: C:\Users\shady\.stmcufinder\plugins\mcufinder/ => C:\Users\shady\.stmcufinder\plugins\mcufinder
2023-11-11 17:24:36,399 [INFO] ApiDb:250 - Set database path to: C:\Users\shady\.stmcufinder\plugins\mcufinder//mcu/
2023-11-11 17:24:36,399 [WARN] DbFile:41 - Overriding database path with different value: C:\Users\shady\.stmcufinder\plugins\mcufinder/ => C:\Users\shady\.stmcufinder\plugins\mcufinder
2023-11-11 17:24:36,400 [INFO] DbMcusAds:125 - Set database path to: C:\Users\shady\.stmcufinder\plugins\mcufinder//mcu/
2023-11-11 17:24:36,400 [WARN] DbFile:41 - Overriding database path with different value: C:\Users\shady\.stmcufinder\plugins\mcufinder/ => C:\Users\shady\.stmcufinder\plugins\mcufinder
2023-11-11 17:24:36,400 [WARN] DbFile:41 - Overriding database path with different value: C:\Users\shady\.stmcufinder\plugins\mcufinder/ => C:\Users\shady\.stmcufinder\plugins\mcufinder
2023-11-11 17:24:36,400 [INFO] CrossReferenceDbSqlite:203 - Set database path to: C:\Users\shady\.stmcufinder\plugins\mcufinder//mcu/cs/
2023-11-11 17:24:36,483 [INFO] MainPanel:262 - HeapMemory: 268435456
2023-11-11 17:24:36,601 [INFO] DbMcusXml:78 - Set database path to: C:\ST\STM32CubeIDE_1.13.2\STM32CubeIDE\plugins\com.st.stm32cube.common.mx_6.9.2.202309101412\\db\/mcu/
2023-11-11 17:24:36,601 [INFO] ApiDb:274 - Set plugin database path to: C:\ST\STM32CubeIDE_1.13.2\STM32CubeIDE\plugins\com.st.stm32cube.common.mx_6.9.2.202309101412\\db\/plugins/boardmanager/
2023-11-11 17:24:36,601 [INFO] ApiDb:261 - Set plugin images path to: C:\ST\STM32CubeIDE_1.13.2\STM32CubeIDE\plugins\com.st.stm32cube.common.mx_6.9.2.202309101412\\db\/plugins/mcufinder/images/
2023-11-11 17:24:36,602 [WARN] DbFile:41 - Overriding database path with different value: C:\Users\shady\.stmcufinder\plugins\mcufinder/ => C:\Users\shady\.stmcufinder\plugins\mcufinder
2023-11-11 17:24:36,602 [INFO] ApiDb:250 - Set database path to: C:\Users\shady\.stmcufinder\plugins\mcufinder//mcu/
2023-11-11 17:24:36,602 [WARN] DbFile:41 - Overriding database path with different value: C:\Users\shady\.stmcufinder\plugins\mcufinder/ => C:\Users\shady\.stmcufinder\plugins\mcufinder
2023-11-11 17:24:36,602 [INFO] DbMcusAds:125 - Set database path to: C:\Users\shady\.stmcufinder\plugins\mcufinder//mcu/
2023-11-11 17:24:36,602 [WARN] DbFile:41 - Overriding database path with different value: C:\Users\shady\.stmcufinder\plugins\mcufinder/ => C:\Users\shady\.stmcufinder\plugins\mcufinder
2023-11-11 17:24:36,602 [WARN] DbFile:41 - Overriding database path with different value: C:\Users\shady\.stmcufinder\plugins\mcufinder/ => C:\Users\shady\.stmcufinder\plugins\mcufinder
2023-11-11 17:24:36,602 [INFO] CrossReferenceDbSqlite:203 - Set database path to: C:\Users\shady\.stmcufinder\plugins\mcufinder//mcu/cs/
2023-11-11 17:24:36,634 [INFO] ApplicationProperties:184 - Using Application install path: C:\ST\STM32CubeIDE_1.13.2\STM32CubeIDE\plugins\com.st.stm32cube.common.mx_6.9.2.202309101412
2023-11-11 17:24:36,636 [INFO] PluginManage:196 - Search for loadable plugins [exclusion list=, ]
2023-11-11 17:24:36,637 [INFO] PluginManage:310 - Check plugin analytics
2023-11-11 17:24:36,864 [INFO] AnalyticsPlugin:253 - Accepted Software Licenses: 
2023-11-11 17:24:36,865 [INFO] AnalyticsPlugin:255 - Accepted CMSIS Pack Licenses: 
2023-11-11 17:24:36,865 [INFO] AnalyticsPlugin:257 - Accepted Firmware Licenses: 
2023-11-11 17:24:36,868 [INFO] PluginManage:359 - Loaded plugin analytics (category:tool,tabindex:-1)
2023-11-11 17:24:36,869 [INFO] PluginManage:310 - Check plugin cadmodel
2023-11-11 17:24:36,884 [INFO] CADModel:105 - Init CAD model plugin
2023-11-11 17:24:36,884 [INFO] PluginManage:359 - Loaded plugin cadmodel (category:power,tabindex:5)
2023-11-11 17:24:36,884 [INFO] PluginManage:310 - Check plugin clock
2023-11-11 17:24:36,901 [INFO] PluginManage:359 - Loaded plugin clock (category:base,tabindex:2)
2023-11-11 17:24:36,901 [INFO] PluginManage:310 - Check plugin ddr
2023-11-11 17:24:36,904 [INFO] PluginManage:359 - Loaded plugin ddr (category:tool,tabindex:6)
2023-11-11 17:24:36,904 [INFO] PluginManage:310 - Check plugin filemanager
2023-11-11 17:24:37,539 [INFO] PluginManage:359 - Loaded plugin filemanager (category:base,tabindex:10)
2023-11-11 17:24:37,540 [INFO] PluginManage:310 - Check plugin ipmanager
2023-11-11 17:24:37,548 [INFO] PluginManage:359 - Loaded plugin ipmanager (category:base,tabindex:5)
2023-11-11 17:24:37,548 [INFO] PluginManage:310 - Check plugin lpbam
2023-11-11 17:24:37,563 [INFO] PluginManage:359 - Loaded plugin lpbam (category:base,tabindex:0)
2023-11-11 17:24:37,563 [INFO] PluginManage:310 - Check plugin memorymap
2023-11-11 17:24:37,594 [INFO] PluginManage:359 - Loaded plugin memorymap (category:base,tabindex:4)
2023-11-11 17:24:37,594 [INFO] PluginManage:310 - Check plugin pinoutandconfiguration
2023-11-11 17:24:37,619 [INFO] PluginManage:359 - Loaded plugin pinoutandconfiguration (category:base,tabindex:1)
2023-11-11 17:24:37,619 [INFO] PluginManage:310 - Check plugin pinoutconfig
2023-11-11 17:24:37,730 [WARN] SupportedApi:132 - Cannot load RTOS API schema: s4s-elt-must-match.1: The content of 'definitions' must match (annotation?, (simpleType | complexType)?, (unique | key | keyref)*)). A problem was found starting at: attribute.
2023-11-11 17:24:37,888 [INFO] PluginManage:359 - Loaded plugin pinoutconfig (category:base,tabindex:0)
2023-11-11 17:24:37,888 [INFO] PluginManage:310 - Check plugin power
2023-11-11 17:24:37,911 [INFO] PluginManage:359 - Loaded plugin power (category:power,tabindex:4)
2023-11-11 17:24:37,911 [INFO] PluginManage:310 - Check plugin projectmanager
2023-11-11 17:24:37,925 [INFO] PluginManage:359 - Loaded plugin projectmanager (category:projectmanager,tabindex:3)
2023-11-11 17:24:37,925 [INFO] PluginManage:310 - Check plugin thirdparty
2023-11-11 17:24:38,223 [INFO] PluginManage:359 - Loaded plugin thirdparty (category:base,tabindex:-1)
2023-11-11 17:24:38,223 [WARN] IntegrityCheckThread:84 - waiting for thirdparty lock release [integrity check]
2023-11-11 17:24:38,223 [INFO] IntegrityCheckThread:86 - entering critical section [integrity check]
2023-11-11 17:24:38,223 [INFO] PluginManage:310 - Check plugin tools
2023-11-11 17:24:38,223 [INFO] ThirdPartyUpdaterWithRetryManager:70 - Updater plugin not ready yet. [1/15]
2023-11-11 17:24:38,253 [INFO] PluginManage:359 - Loaded plugin tools (category:base,tabindex:7)
2023-11-11 17:24:38,253 [INFO] PluginManage:310 - Check plugin tutovideos
2023-11-11 17:24:38,533 [INFO] PluginManage:359 - Loaded plugin tutovideos (category:base,tabindex:-1)
2023-11-11 17:24:38,533 [INFO] PluginManage:310 - Check plugin updater
2023-11-11 17:24:38,551 [INFO] PluginManage:359 - Loaded plugin updater (category:base,tabindex:12)
2023-11-11 17:24:38,551 [INFO] PluginManage:310 - Check plugin userauth
2023-11-11 17:24:38,558 [INFO] UserAuth:113 - Init User Auth plugin
2023-11-11 17:24:38,558 [INFO] PluginManage:359 - Loaded plugin userauth (category:base,tabindex:14)
2023-11-11 17:24:38,559 [INFO] PluginManage:283 - PluginManage : Loaded plugins [17]
2023-11-11 17:24:38,901 [INFO] PinOutPanel:1499 - setPackage(No Configuration,No Configuration)
2023-11-11 17:24:39,035 [INFO] CADModel:165 - CPN selected for project level
2023-11-11 17:24:39,035 [INFO] CADModel:114 - Register for checkConnection events
2023-11-11 17:24:39,066 [INFO] IPUIPlugin:80 - create IPUIPlugin
2023-11-11 17:24:39,066 [INFO] PluginManager:220 - loadIPPluginJar : add adc
2023-11-11 17:24:39,102 [INFO] IPUIPlugin:80 - create IPUIPlugin
2023-11-11 17:24:39,102 [INFO] PluginManager:220 - loadIPPluginJar : add aes
2023-11-11 17:24:39,142 [INFO] IPUIPlugin:80 - create IPUIPlugin
2023-11-11 17:24:39,143 [INFO] PluginManager:220 - loadIPPluginJar : add can
2023-11-11 17:24:39,166 [INFO] IPUIPlugin:80 - create IPUIPlugin
2023-11-11 17:24:39,166 [INFO] PluginManager:220 - loadIPPluginJar : add comp
2023-11-11 17:24:39,195 [INFO] IPUIPlugin:80 - create IPUIPlugin
2023-11-11 17:24:39,195 [INFO] PluginManager:220 - loadIPPluginJar : add cryp
2023-11-11 17:24:39,218 [INFO] IPUIPlugin:80 - create IPUIPlugin
2023-11-11 17:24:39,219 [INFO] PluginManager:220 - loadIPPluginJar : add dfsdm
2023-11-11 17:24:39,231 [INFO] IPUIPlugin:80 - create IPUIPlugin
2023-11-11 17:24:39,231 [INFO] PluginManager:220 - loadIPPluginJar : add dma
2023-11-11 17:24:39,263 [INFO] IPUIPlugin:80 - create IPUIPlugin
2023-11-11 17:24:39,263 [INFO] PluginManager:220 - loadIPPluginJar : add dma3
2023-11-11 17:24:39,280 [INFO] IPUIPlugin:80 - create IPUIPlugin
2023-11-11 17:24:39,280 [INFO] PluginManager:220 - loadIPPluginJar : add fatfs
2023-11-11 17:24:39,315 [INFO] IPUIPlugin:80 - create IPUIPlugin
2023-11-11 17:24:39,315 [INFO] PluginManager:220 - loadIPPluginJar : add fmc
2023-11-11 17:24:39,329 [INFO] IPUIPlugin:80 - create IPUIPlugin
2023-11-11 17:24:39,330 [INFO] PluginManager:220 - loadIPPluginJar : add freertos
2023-11-11 17:24:39,349 [INFO] IPUIPlugin:80 - create IPUIPlugin
2023-11-11 17:24:39,349 [INFO] PluginManager:220 - loadIPPluginJar : add genericplugin
2023-11-11 17:24:39,436 [INFO] IPUIPlugin:80 - create IPUIPlugin
2023-11-11 17:24:39,436 [INFO] PluginManager:220 - loadIPPluginJar : add gfxmmu
2023-11-11 17:24:39,558 [INFO] IPUIPlugin:80 - create IPUIPlugin
2023-11-11 17:24:39,558 [INFO] PluginManager:220 - loadIPPluginJar : add gic
2023-11-11 17:24:39,569 [INFO] IPUIPlugin:80 - create IPUIPlugin
2023-11-11 17:24:39,569 [INFO] PluginManager:220 - loadIPPluginJar : add gpio
2023-11-11 17:24:39,648 [INFO] IPUIPlugin:80 - create IPUIPlugin
2023-11-11 17:24:39,648 [INFO] PluginManager:220 - loadIPPluginJar : add gtzc
2023-11-11 17:24:39,675 [INFO] IPUIPlugin:80 - create IPUIPlugin
2023-11-11 17:24:39,676 [INFO] PluginManager:220 - loadIPPluginJar : add hash
2023-11-11 17:24:39,719 [INFO] IPUIPlugin:80 - create IPUIPlugin
2023-11-11 17:24:39,719 [INFO] PluginManager:220 - loadIPPluginJar : add i2c
2023-11-11 17:24:39,751 [INFO] IPUIPlugin:80 - create IPUIPlugin
2023-11-11 17:24:39,751 [INFO] PluginManager:220 - loadIPPluginJar : add i2s
2023-11-11 17:24:39,785 [INFO] IPUIPlugin:80 - create IPUIPlugin
2023-11-11 17:24:39,785 [INFO] PluginManager:220 - loadIPPluginJar : add i3c
2023-11-11 17:24:39,869 [INFO] IPUIPlugin:80 - create IPUIPlugin
2023-11-11 17:24:39,869 [INFO] PluginManager:220 - loadIPPluginJar : add ipddr
2023-11-11 17:24:39,946 [INFO] IPUIPlugin:80 - create IPUIPlugin
2023-11-11 17:24:39,946 [INFO] PluginManager:220 - loadIPPluginJar : add linkedlist
2023-11-11 17:24:39,974 [INFO] IPUIPlugin:80 - create IPUIPlugin
2023-11-11 17:24:39,974 [INFO] PluginManager:220 - loadIPPluginJar : add lorawan
2023-11-11 17:24:40,005 [INFO] IPUIPlugin:80 - create IPUIPlugin
2023-11-11 17:24:40,005 [INFO] PluginManager:220 - loadIPPluginJar : add ltdc
2023-11-11 17:24:40,017 [INFO] IPUIPlugin:80 - create IPUIPlugin
2023-11-11 17:24:40,018 [INFO] PluginManager:220 - loadIPPluginJar : add mdma
2023-11-11 17:24:40,029 [INFO] IPUIPlugin:80 - create IPUIPlugin
2023-11-11 17:24:40,029 [INFO] PluginManager:220 - loadIPPluginJar : add nvic
2023-11-11 17:24:40,058 [INFO] IPUIPlugin:80 - create IPUIPlugin
2023-11-11 17:24:40,058 [INFO] PluginManager:220 - loadIPPluginJar : add opamp
2023-11-11 17:24:40,109 [INFO] IPUIPlugin:80 - create IPUIPlugin
2023-11-11 17:24:40,110 [INFO] PluginManager:220 - loadIPPluginJar : add openamp
2023-11-11 17:24:40,145 [INFO] IPUIPlugin:80 - create IPUIPlugin
2023-11-11 17:24:40,145 [INFO] PluginManager:220 - loadIPPluginJar : add pdm2pcm
2023-11-11 17:24:40,158 [INFO] IPUIPlugin:80 - create IPUIPlugin
2023-11-11 17:24:40,160 [INFO] PluginManager:220 - loadIPPluginJar : add plateformsettings
2023-11-11 17:24:40,177 [INFO] IPUIPlugin:80 - create IPUIPlugin
2023-11-11 17:24:40,177 [INFO] PluginManager:220 - loadIPPluginJar : add quadspi
2023-11-11 17:24:40,188 [INFO] IPUIPlugin:80 - create IPUIPlugin
2023-11-11 17:24:40,188 [INFO] PluginManager:220 - loadIPPluginJar : add resmgrutility
2023-11-11 17:24:40,227 [INFO] IPUIPlugin:80 - create IPUIPlugin
2023-11-11 17:24:40,228 [INFO] PluginManager:220 - loadIPPluginJar : add sai
2023-11-11 17:24:40,260 [INFO] IPUIPlugin:80 - create IPUIPlugin
2023-11-11 17:24:40,260 [INFO] PluginManager:220 - loadIPPluginJar : add spi
2023-11-11 17:24:40,309 [INFO] IPUIPlugin:80 - create IPUIPlugin
2023-11-11 17:24:40,309 [INFO] PluginManager:220 - loadIPPluginJar : add stm32_wpan
2023-11-11 17:24:40,328 [INFO] IPUIPlugin:80 - create IPUIPlugin
2023-11-11 17:24:40,328 [INFO] PluginManager:220 - loadIPPluginJar : add tim
2023-11-11 17:24:40,375 [INFO] IPUIPlugin:80 - create IPUIPlugin
2023-11-11 17:24:40,375 [INFO] PluginManager:220 - loadIPPluginJar : add touchsensing
2023-11-11 17:24:40,393 [INFO] IPUIPlugin:80 - create IPUIPlugin
2023-11-11 17:24:40,393 [INFO] PluginManager:220 - loadIPPluginJar : add tracer_emb
2023-11-11 17:24:40,412 [INFO] IPUIPlugin:80 - create IPUIPlugin
2023-11-11 17:24:40,413 [INFO] PluginManager:220 - loadIPPluginJar : add ts
2023-11-11 17:24:40,430 [INFO] IPUIPlugin:80 - create IPUIPlugin
2023-11-11 17:24:40,430 [INFO] PluginManager:220 - loadIPPluginJar : add tsc
2023-11-11 17:24:40,448 [INFO] IPUIPlugin:80 - create IPUIPlugin
2023-11-11 17:24:40,448 [INFO] PluginManager:220 - loadIPPluginJar : add ucpd
2023-11-11 17:24:40,486 [INFO] IPUIPlugin:80 - create IPUIPlugin
2023-11-11 17:24:40,486 [INFO] PluginManager:220 - loadIPPluginJar : add usart
2023-11-11 17:24:40,521 [INFO] IPUIPlugin:80 - create IPUIPlugin
2023-11-11 17:24:40,521 [INFO] PluginManager:220 - loadIPPluginJar : add usbx
2023-11-11 17:24:40,649 [INFO] CADModel:165 - CPN selected for project level
2023-11-11 17:24:40,649 [INFO] CADModel:114 - Register for checkConnection events
2023-11-11 17:24:40,649 [FATAL] Updater:308 - Updater called before beeing initialized
2023-11-11 17:24:40,650 [ERROR] CADModel:125 - Updater not yet initialized, retry later 
2023-11-11 17:24:40,897 [INFO] CADModel:165 - CPN selected for project level
2023-11-11 17:24:40,897 [INFO] CADModel:114 - Register for checkConnection events
2023-11-11 17:24:40,897 [FATAL] Updater:308 - Updater called before beeing initialized
2023-11-11 17:24:40,897 [ERROR] CADModel:125 - Updater not yet initialized, retry later 
2023-11-11 17:24:40,901 [FATAL] Updater:308 - Updater called before beeing initialized
2023-11-11 17:24:41,015 [FATAL] Updater:308 - Updater called before beeing initialized
2023-11-11 17:24:41,027 [INFO] DbMcusAds:53 - JSON generation date=Tue Mar 07 10:50:55 EET 2023 (1678179055335)
2023-11-11 17:24:41,027 [FATAL] Updater:308 - Updater called before beeing initialized
2023-11-11 17:24:41,099 [WARN] DetailPanel:346 - Failed to get advertising image, set to default
2023-11-11 17:24:41,192 [FATAL] Updater:308 - Updater called before beeing initialized
2023-11-11 17:24:41,194 [FATAL] Updater:308 - Updater called before beeing initialized
2023-11-11 17:24:41,194 [FATAL] Updater:308 - Updater called before beeing initialized
2023-11-11 17:24:41,195 [WARN] DetailPanel:346 - Failed to get advertising image, set to default
2023-11-11 17:24:41,195 [FATAL] Updater:308 - Updater called before beeing initialized
2023-11-11 17:24:41,225 [INFO] ThirdPartyUpdaterWithRetryManager:70 - Updater plugin not ready yet. [2/15]
2023-11-11 17:24:41,256 [ERROR] Updater:1120 - MainUpdater not yet initialized. External WinMGr cannot be set.
2023-11-11 17:24:41,264 [INFO] Updater:1056 - Updater Version found : 6.9.2
2023-11-11 17:24:41,283 [INFO] ApplicationProperties:184 - Using Application install path: C:\ST\STM32CubeIDE_1.13.2\STM32CubeIDE\plugins\com.st.stm32cube.common.mx_6.9.2.202309101412
2023-11-11 17:24:41,642 [INFO] MainUpdater:2868 - connection check result : 10
2023-11-11 17:24:41,643 [INFO] MainUpdater:285 - Updater Check For Update Now.
2023-11-11 17:24:41,643 [INFO] MicroXplorer:498 - Change Database Version : DB.6.0.92
2023-11-11 17:24:41,666 [INFO] McuFinderGlobals:63 - Set McuFinder mode to 2 (CubeIDE integrated)
2023-11-11 17:24:41,666 [INFO] UserAuth:179 - activating auth plugin
2023-11-11 17:24:41,670 [INFO] UserAuth:393 - Internet connection configuration mode: 1
2023-11-11 17:24:41,705 [INFO] JxBrowserEngine:151 - Initiate JxBrowser Engine with user profile folder
2023-11-11 17:24:41,858 [INFO] CheckServerUpdateThread:120 - End of CheckServer Thread
2023-11-11 17:24:44,505 [WARN] PackLoader:240 - Cannot read IP mode file for STMicroelectronics.X-CUBE-SMBUS.2.1.0
2023-11-11 17:24:44,623 [WARN] PackLoader:240 - Cannot read IP mode file for STMicroelectronics.X-CUBE-AZRTOS-F7.1.1.0
2023-11-11 17:24:44,663 [WARN] PackLoader:240 - Cannot read IP mode file for STMicroelectronics.FP-SNS-MOTENV1.4.3.2
2023-11-11 17:24:44,707 [WARN] PackLoader:240 - Cannot read IP mode file for STMicroelectronics.FP-SNS-FLIGHT1.5.0.2
2023-11-11 17:24:44,732 [WARN] PackLoader:240 - Cannot read IP mode file for STMicroelectronics.X-CUBE-DISPLAY.3.0.0
2023-11-11 17:24:44,761 [WARN] PackLoader:240 - Cannot read IP mode file for STMicroelectronics.X-CUBE-BLE1.7.0.0
2023-11-11 17:24:44,779 [WARN] PackLoader:240 - Cannot read IP mode file for emotas.I-CUBE-CANOPEN.1.3.0
2023-11-11 17:24:44,797 [WARN] PackLoader:240 - Cannot read IP mode file for STMicroelectronics.X-CUBE-TOUCHGFX.4.22.1
2023-11-11 17:24:44,812 [WARN] PackLoader:240 - Cannot read IP mode file for STMicroelectronics.FP-SNS-SMARTAG2.1.2.0
2023-11-11 17:24:44,838 [INFO] LogOutputStream:77 - [STDOUT_REDIRECT] 1 : Invalid condition id : UX_CORESTACK_Condition cause : null
2023-11-11 17:24:44,838 [INFO] LogOutputStream:77 - [STDOUT_REDIRECT] 1 : Invalid condition id : UX_CORESTACK_Condition cause : null
2023-11-11 17:24:44,839 [INFO] LogOutputStream:77 - [STDOUT_REDIRECT] 1 : Invalid condition id : UX_CORESTACK_Condition cause : null
2023-11-11 17:24:44,841 [INFO] LogOutputStream:77 - [STDOUT_REDIRECT] 1 : Invalid condition id : UX_CORESTACK_Condition cause : null
2023-11-11 17:24:44,842 [INFO] LogOutputStream:77 - [STDOUT_REDIRECT] 1 : Invalid condition id : UX_CORESTACK_Condition cause : null
2023-11-11 17:24:44,849 [WARN] PackLoader:240 - Cannot read IP mode file for STMicroelectronics.X-CUBE-AZRTOS-WL.2.0.0
2023-11-11 17:24:44,877 [WARN] PackLoader:240 - Cannot read IP mode file for WES.I-CUBE-Cesium.1.3.0
2023-11-11 17:24:44,890 [WARN] PackLoader:240 - Cannot read IP mode file for STMicroelectronics.X-CUBE-BLE2.3.3.0
2023-11-11 17:24:44,893 [INFO] WebApp:157 - Instantiating new browser for Auth
2023-11-11 17:24:44,909 [WARN] PackLoader:240 - Cannot read IP mode file for STMicroelectronics.X-CUBE-ALGOBUILD.1.3.0
2023-11-11 17:24:44,977 [WARN] PackLoader:240 - Cannot read IP mode file for STMicroelectronics.X-CUBE-AZRTOS-G0.1.1.0
2023-11-11 17:24:45,004 [WARN] PackLoader:240 - Cannot read IP mode file for STMicroelectronics.X-CUBE-NFC4.3.0.0
2023-11-11 17:24:45,041 [WARN] PackLoader:240 - Cannot read IP mode file for STMicroelectronics.X-CUBE-BLEMGR.3.0.0
2023-11-11 17:24:45,060 [WARN] PackLoader:240 - Cannot read IP mode file for STMicroelectronics.FP-ATR-SIGFOX1.3.2.0
2023-11-11 17:24:45,084 [WARN] PackLoader:240 - Cannot read IP mode file for STMicroelectronics.X-CUBE-GNSS1.6.0.0
2023-11-11 17:24:45,137 [WARN] PackLoader:240 - Cannot read IP mode file for STMicroelectronics.X-CUBE-AZRTOS-F4.1.1.0
2023-11-11 17:24:45,165 [WARN] PackLoader:240 - Cannot read IP mode file for wolfSSL.I-CUBE-wolfSSL.5.6.3
2023-11-11 17:24:45,224 [WARN] PackLoader:240 - Cannot read IP mode file for STMicroelectronics.X-CUBE-AZRTOS-L5.2.0.0
2023-11-11 17:24:45,247 [WARN] PackLoader:240 - Cannot read IP mode file for STMicroelectronics.X-CUBE-EEPRMA1.4.2.0
2023-11-11 17:24:45,266 [WARN] PackLoader:240 - Cannot read IP mode file for ITTIA_DB.I-CUBE-ITTIADB.8.8.0
2023-11-11 17:24:45,312 [WARN] ConditionMgr:438 - getConditionDescription Invalid condition id : UX DEVICE CLASS RTOS Condition cause : null
2023-11-11 17:24:45,312 [WARN] ConditionMgr:438 - getConditionDescription Invalid condition id : UX DEVICE CLASS RTOS Condition cause : null
2023-11-11 17:24:45,317 [WARN] PackLoader:240 - Cannot read IP mode file for STMicroelectronics.X-CUBE-AZRTOS-H7.3.1.0
2023-11-11 17:24:45,318 [WARN] ConditionMgr:1039 - genDependencies : Invalid condition id : UX DEVICE CLASS RTOS Condition cause : null
2023-11-11 17:24:45,319 [WARN] ConditionMgr:1039 - genDependencies : Invalid condition id : UX DEVICE CLASS RTOS Condition cause : null
2023-11-11 17:24:45,320 [WARN] ConditionMgr:1039 - genDependencies : Invalid condition id : UX DEVICE CLASS RTOS Condition cause : null
2023-11-11 17:24:45,320 [WARN] ConditionMgr:1039 - genDependencies : Invalid condition id : UX DEVICE CLASS RTOS Condition cause : null
2023-11-11 17:24:45,321 [WARN] ConditionMgr:1039 - genDependencies : Invalid condition id : UX DEVICE CLASS RTOS Condition cause : null
2023-11-11 17:24:45,341 [WARN] PackLoader:240 - Cannot read IP mode file for STMicroelectronics.X-CUBE-NFC7.1.0.1
2023-11-11 17:24:45,361 [WARN] PackLoader:240 - Cannot read IP mode file for STMicroelectronics.X-CUBE-NFC6.3.0.0
2023-11-11 17:24:45,381 [WARN] PackLoader:240 - Cannot read IP mode file for STMicroelectronics.X-CUBE-AI.8.1.0
2023-11-11 17:24:45,424 [WARN] ConditionMgr:438 - getConditionDescription Invalid condition id : LAN8742 Phy interface Condition cause : null
2023-11-11 17:24:45,426 [WARN] PackLoader:240 - Cannot read IP mode file for STMicroelectronics.X-CUBE-AZRTOS-L4.2.0.0
2023-11-11 17:24:45,427 [WARN] ConditionMgr:1039 - genDependencies : Invalid condition id : LAN8742 Phy interface Condition cause : null
2023-11-11 17:24:45,428 [WARN] ConditionMgr:1039 - genDependencies : Invalid condition id : LAN8742 Phy interface Condition cause : null
2023-11-11 17:24:45,429 [WARN] ConditionMgr:1039 - genDependencies : Invalid condition id : LAN8742 Phy interface Condition cause : null
2023-11-11 17:24:45,452 [WARN] PackLoader:240 - Cannot read IP mode file for STMicroelectronics.X-CUBE-SFXS2LP1.4.0.0
2023-11-11 17:24:45,467 [WARN] PackLoader:240 - Cannot read IP mode file for STMicroelectronics.X-CUBE-ISPU.1.1.0
2023-11-11 17:24:45,501 [WARN] ConditionMgr:438 - getConditionDescription Invalid condition id : UX DEVICE CLASS RTOS Condition cause : null
2023-11-11 17:24:45,502 [WARN] ConditionMgr:438 - getConditionDescription Invalid condition id : UX DEVICE CLASS RTOS Condition cause : null
2023-11-11 17:24:45,505 [WARN] PackLoader:240 - Cannot read IP mode file for STMicroelectronics.X-CUBE-AZRTOS-WB.2.0.0
2023-11-11 17:24:45,506 [WARN] ConditionMgr:1039 - genDependencies : Invalid condition id : UX DEVICE CLASS RTOS Condition cause : null
2023-11-11 17:24:45,506 [WARN] ConditionMgr:1039 - genDependencies : Invalid condition id : UX DEVICE CLASS RTOS Condition cause : null
2023-11-11 17:24:45,507 [WARN] ConditionMgr:1039 - genDependencies : Invalid condition id : UX DEVICE CLASS RTOS Condition cause : null
2023-11-11 17:24:45,507 [WARN] ConditionMgr:1039 - genDependencies : Invalid condition id : UX DEVICE CLASS RTOS Condition cause : null
2023-11-11 17:24:45,507 [WARN] ConditionMgr:1039 - genDependencies : Invalid condition id : UX DEVICE CLASS RTOS Condition cause : null
2023-11-11 17:24:45,533 [WARN] PackLoader:240 - Cannot read IP mode file for STMicroelectronics.X-CUBE-SUBG2.5.0.0
2023-11-11 17:24:45,575 [WARN] PackLoader:240 - Cannot read IP mode file for STMicroelectronics.X-CUBE-TOF1.3.3.1
2023-11-11 17:24:45,643 [WARN] PackLoader:240 - Cannot read IP mode file for STMicroelectronics.X-CUBE-AZRTOS-G4.2.0.0
2023-11-11 17:24:45,705 [WARN] PackLoader:240 - Cannot read IP mode file for Infineon.AIROC-Wi-Fi-Bluetooth-STM32.1.5.1
2023-11-11 17:24:45,817 [WARN] PackLoader:240 - Cannot read IP mode file for STMicroelectronics.X-CUBE-MEMS1.10.0.0
2023-11-11 17:24:46,155 [WARN] PackLoader:240 - Cannot read IP mode file for STMicroelectronics.X-CUBE-FREERTOS.1.1.0
2023-11-11 17:24:46,209 [WARN] PackLoader:240 - Cannot read IP mode file for portGmbH.I-Cube-SoM-uGOAL.1.1.0
2023-11-11 17:24:46,239 [WARN] PackLoader:240 - Cannot read IP mode file for STMicroelectronics.X-CUBE-ALS.1.0.1
2023-11-11 17:24:46,261 [WARN] PackLoader:240 - Cannot read IP mode file for STMicroelectronics.FP-ATR-ASTRA1.2.0.0
2023-11-11 17:24:46,262 [INFO] ThirdParty:978 - Integrity check success = true
2023-11-11 17:24:46,262 [INFO] IntegrityCheckThread:100 - exiting critical section [integrity check]
2023-11-11 17:24:46,262 [INFO] IntegrityCheckThread:103 - End integrity checks thread
2023-11-11 17:24:46,297 [INFO] WebApp:753 - Register for checkConnection events
2023-11-11 17:24:46,298 [INFO] WebApp:390 - Apply proxy settings
2023-11-11 17:24:46,298 [INFO] WebApp:475 - Chromium requires no authentication
2023-11-11 17:24:46,313 [INFO] WebApp:418 - Direct internet connection detected
2023-11-11 17:24:46,666 [INFO] WebApp:188 - Starting web application
2023-11-11 17:24:46,666 [INFO] WebApp:520 - Web application path used C:\ST\STM32CubeIDE_1.13.2\STM32CubeIDE\plugins\com.st.stm32cube.common.mx_6.9.2.202309101412\db\plugins\mcufinder\reactClient1\index.html
2023-11-11 17:25:07,557 [ERROR] LogOutputStream:75 - [STDERR_REDIRECT] SLF4J: Failed to load class "org.slf4j.impl.StaticLoggerBinder".
2023-11-11 17:25:07,557 [ERROR] LogOutputStream:75 - [STDERR_REDIRECT] SLF4J: Defaulting to no-operation (NOP) logger implementation
2023-11-11 17:25:07,558 [ERROR] LogOutputStream:75 - [STDERR_REDIRECT] SLF4J: See http://www.slf4j.org/codes.html#StaticLoggerBinder for further details.
2023-11-11 17:30:32,150 [ERROR] LogOutputStream:75 - [STDERR_REDIRECT] 
2023-11-11 17:30:52,790 [INFO] Activator:176 - 


2023-11-11 17:30:52,792 [INFO] Activator:177 - !SESSION log4j initialized
2023-11-11 17:30:58,189 [INFO] LogOutputStream:77 - [STDOUT_REDIRECT] 
2023-11-11 17:30:58,989 [INFO] ApplicationProperties:184 - Using Application install path: C:\ST\STM32CubeIDE_1.13.2\STM32CubeIDE\plugins\com.st.stm32cube.common.mx_6.9.2.202309101412
2023-11-11 17:30:59,007 [INFO] DbMcusXml:78 - Set database path to: C:\ST\STM32CubeIDE_1.13.2\STM32CubeIDE\plugins\com.st.stm32cube.common.mx_6.9.2.202309101412\\db\/mcu/
2023-11-11 17:30:59,008 [INFO] ApiDb:274 - Set plugin database path to: C:\ST\STM32CubeIDE_1.13.2\STM32CubeIDE\plugins\com.st.stm32cube.common.mx_6.9.2.202309101412\\db\/plugins/boardmanager/
2023-11-11 17:30:59,008 [WARN] ApiDb:259 - Overriding images path with different value:  => C:\ST\STM32CubeIDE_1.13.2\STM32CubeIDE\plugins\com.st.stm32cube.common.mx_6.9.2.202309101412\\db\/plugins/mcufinder/images/
2023-11-11 17:30:59,017 [INFO] ApiDb:250 - Set database path to: C:\Users\shady\.stmcufinder\plugins\mcufinder//mcu/
2023-11-11 17:30:59,018 [INFO] DbMcusAds:125 - Set database path to: C:\Users\shady\.stmcufinder\plugins\mcufinder//mcu/
2023-11-11 17:30:59,021 [INFO] CrossReferenceDbSqlite:203 - Set database path to: C:\Users\shady\.stmcufinder\plugins\mcufinder//mcu/cs/
2023-11-11 17:30:59,124 [INFO] RulesReader:64 - Compatibility file has been processed (293 Rules)
2023-11-11 17:30:59,242 [INFO] DbMcusXml:78 - Set database path to: C:\ST\STM32CubeIDE_1.13.2\STM32CubeIDE\plugins\com.st.stm32cube.common.mx_6.9.2.202309101412\\db\/mcu/
2023-11-11 17:30:59,242 [INFO] ApiDb:274 - Set plugin database path to: C:\ST\STM32CubeIDE_1.13.2\STM32CubeIDE\plugins\com.st.stm32cube.common.mx_6.9.2.202309101412\\db\/plugins/boardmanager/
2023-11-11 17:30:59,242 [INFO] ApiDb:261 - Set plugin images path to: C:\ST\STM32CubeIDE_1.13.2\STM32CubeIDE\plugins\com.st.stm32cube.common.mx_6.9.2.202309101412\\db\/plugins/mcufinder/images/
2023-11-11 17:30:59,243 [WARN] DbFile:41 - Overriding database path with different value: C:\Users\shady\.stmcufinder\plugins\mcufinder/ => C:\Users\shady\.stmcufinder\plugins\mcufinder
2023-11-11 17:30:59,243 [INFO] ApiDb:250 - Set database path to: C:\Users\shady\.stmcufinder\plugins\mcufinder//mcu/
2023-11-11 17:30:59,243 [WARN] DbFile:41 - Overriding database path with different value: C:\Users\shady\.stmcufinder\plugins\mcufinder/ => C:\Users\shady\.stmcufinder\plugins\mcufinder
2023-11-11 17:30:59,243 [INFO] DbMcusAds:125 - Set database path to: C:\Users\shady\.stmcufinder\plugins\mcufinder//mcu/
2023-11-11 17:30:59,243 [WARN] DbFile:41 - Overriding database path with different value: C:\Users\shady\.stmcufinder\plugins\mcufinder/ => C:\Users\shady\.stmcufinder\plugins\mcufinder
2023-11-11 17:30:59,243 [WARN] DbFile:41 - Overriding database path with different value: C:\Users\shady\.stmcufinder\plugins\mcufinder/ => C:\Users\shady\.stmcufinder\plugins\mcufinder
2023-11-11 17:30:59,244 [INFO] CrossReferenceDbSqlite:203 - Set database path to: C:\Users\shady\.stmcufinder\plugins\mcufinder//mcu/cs/
2023-11-11 17:30:59,321 [INFO] MainPanel:262 - HeapMemory: 268435456
2023-11-11 17:30:59,380 [INFO] DbMcusXml:78 - Set database path to: C:\ST\STM32CubeIDE_1.13.2\STM32CubeIDE\plugins\com.st.stm32cube.common.mx_6.9.2.202309101412\\db\/mcu/
2023-11-11 17:30:59,380 [INFO] ApiDb:274 - Set plugin database path to: C:\ST\STM32CubeIDE_1.13.2\STM32CubeIDE\plugins\com.st.stm32cube.common.mx_6.9.2.202309101412\\db\/plugins/boardmanager/
2023-11-11 17:30:59,381 [INFO] ApiDb:261 - Set plugin images path to: C:\ST\STM32CubeIDE_1.13.2\STM32CubeIDE\plugins\com.st.stm32cube.common.mx_6.9.2.202309101412\\db\/plugins/mcufinder/images/
2023-11-11 17:30:59,381 [WARN] DbFile:41 - Overriding database path with different value: C:\Users\shady\.stmcufinder\plugins\mcufinder/ => C:\Users\shady\.stmcufinder\plugins\mcufinder
2023-11-11 17:30:59,381 [INFO] ApiDb:250 - Set database path to: C:\Users\shady\.stmcufinder\plugins\mcufinder//mcu/
2023-11-11 17:30:59,381 [WARN] DbFile:41 - Overriding database path with different value: C:\Users\shady\.stmcufinder\plugins\mcufinder/ => C:\Users\shady\.stmcufinder\plugins\mcufinder
2023-11-11 17:30:59,381 [INFO] DbMcusAds:125 - Set database path to: C:\Users\shady\.stmcufinder\plugins\mcufinder//mcu/
2023-11-11 17:30:59,381 [WARN] DbFile:41 - Overriding database path with different value: C:\Users\shady\.stmcufinder\plugins\mcufinder/ => C:\Users\shady\.stmcufinder\plugins\mcufinder
2023-11-11 17:30:59,381 [WARN] DbFile:41 - Overriding database path with different value: C:\Users\shady\.stmcufinder\plugins\mcufinder/ => C:\Users\shady\.stmcufinder\plugins\mcufinder
2023-11-11 17:30:59,381 [INFO] CrossReferenceDbSqlite:203 - Set database path to: C:\Users\shady\.stmcufinder\plugins\mcufinder//mcu/cs/
2023-11-11 17:30:59,398 [INFO] ApplicationProperties:184 - Using Application install path: C:\ST\STM32CubeIDE_1.13.2\STM32CubeIDE\plugins\com.st.stm32cube.common.mx_6.9.2.202309101412
2023-11-11 17:30:59,399 [INFO] PluginManage:196 - Search for loadable plugins [exclusion list=, ]
2023-11-11 17:30:59,402 [INFO] PluginManage:310 - Check plugin analytics
2023-11-11 17:30:59,587 [INFO] AnalyticsPlugin:253 - Accepted Software Licenses: 
2023-11-11 17:30:59,587 [INFO] AnalyticsPlugin:255 - Accepted CMSIS Pack Licenses: 
2023-11-11 17:30:59,588 [INFO] AnalyticsPlugin:257 - Accepted Firmware Licenses: 
2023-11-11 17:30:59,590 [INFO] PluginManage:359 - Loaded plugin analytics (category:tool,tabindex:-1)
2023-11-11 17:30:59,591 [INFO] PluginManage:310 - Check plugin cadmodel
2023-11-11 17:30:59,595 [INFO] CADModel:105 - Init CAD model plugin
2023-11-11 17:30:59,595 [INFO] PluginManage:359 - Loaded plugin cadmodel (category:power,tabindex:5)
2023-11-11 17:30:59,596 [INFO] PluginManage:310 - Check plugin clock
2023-11-11 17:30:59,605 [INFO] PluginManage:359 - Loaded plugin clock (category:base,tabindex:2)
2023-11-11 17:30:59,605 [INFO] PluginManage:310 - Check plugin ddr
2023-11-11 17:30:59,608 [INFO] PluginManage:359 - Loaded plugin ddr (category:tool,tabindex:6)
2023-11-11 17:30:59,608 [INFO] PluginManage:310 - Check plugin filemanager
2023-11-11 17:30:59,748 [INFO] PluginManage:359 - Loaded plugin filemanager (category:base,tabindex:10)
2023-11-11 17:30:59,748 [INFO] PluginManage:310 - Check plugin ipmanager
2023-11-11 17:30:59,754 [INFO] PluginManage:359 - Loaded plugin ipmanager (category:base,tabindex:5)
2023-11-11 17:30:59,755 [INFO] PluginManage:310 - Check plugin lpbam
2023-11-11 17:30:59,761 [INFO] PluginManage:359 - Loaded plugin lpbam (category:base,tabindex:0)
2023-11-11 17:30:59,761 [INFO] PluginManage:310 - Check plugin memorymap
2023-11-11 17:30:59,771 [INFO] PluginManage:359 - Loaded plugin memorymap (category:base,tabindex:4)
2023-11-11 17:30:59,771 [INFO] PluginManage:310 - Check plugin pinoutandconfiguration
2023-11-11 17:30:59,779 [INFO] PluginManage:359 - Loaded plugin pinoutandconfiguration (category:base,tabindex:1)
2023-11-11 17:30:59,780 [INFO] PluginManage:310 - Check plugin pinoutconfig
2023-11-11 17:30:59,866 [WARN] SupportedApi:132 - Cannot load RTOS API schema: s4s-elt-must-match.1: The content of 'definitions' must match (annotation?, (simpleType | complexType)?, (unique | key | keyref)*)). A problem was found starting at: attribute.
2023-11-11 17:31:00,071 [INFO] PluginManage:359 - Loaded plugin pinoutconfig (category:base,tabindex:0)
2023-11-11 17:31:00,071 [INFO] PluginManage:310 - Check plugin power
2023-11-11 17:31:00,087 [INFO] PluginManage:359 - Loaded plugin power (category:power,tabindex:4)
2023-11-11 17:31:00,088 [INFO] PluginManage:310 - Check plugin projectmanager
2023-11-11 17:31:00,108 [INFO] PluginManage:359 - Loaded plugin projectmanager (category:projectmanager,tabindex:3)
2023-11-11 17:31:00,108 [INFO] PluginManage:310 - Check plugin thirdparty
2023-11-11 17:31:00,247 [INFO] PluginManage:359 - Loaded plugin thirdparty (category:base,tabindex:-1)
2023-11-11 17:31:00,247 [WARN] IntegrityCheckThread:84 - waiting for thirdparty lock release [integrity check]
2023-11-11 17:31:00,248 [INFO] PluginManage:310 - Check plugin tools
2023-11-11 17:31:00,248 [INFO] IntegrityCheckThread:86 - entering critical section [integrity check]
2023-11-11 17:31:00,248 [INFO] ThirdPartyUpdaterWithRetryManager:70 - Updater plugin not ready yet. [1/15]
2023-11-11 17:31:00,251 [INFO] PluginManage:359 - Loaded plugin tools (category:base,tabindex:7)
2023-11-11 17:31:00,251 [INFO] PluginManage:310 - Check plugin tutovideos
2023-11-11 17:31:00,403 [INFO] PluginManage:359 - Loaded plugin tutovideos (category:base,tabindex:-1)
2023-11-11 17:31:00,404 [INFO] PluginManage:310 - Check plugin updater
2023-11-11 17:31:00,417 [INFO] PluginManage:359 - Loaded plugin updater (category:base,tabindex:12)
2023-11-11 17:31:00,417 [INFO] PluginManage:310 - Check plugin userauth
2023-11-11 17:31:00,423 [INFO] UserAuth:113 - Init User Auth plugin
2023-11-11 17:31:00,423 [INFO] PluginManage:359 - Loaded plugin userauth (category:base,tabindex:14)
2023-11-11 17:31:00,424 [INFO] PluginManage:283 - PluginManage : Loaded plugins [17]
2023-11-11 17:31:00,632 [INFO] PinOutPanel:1499 - setPackage(No Configuration,No Configuration)
2023-11-11 17:31:00,728 [INFO] CADModel:165 - CPN selected for project level
2023-11-11 17:31:00,728 [INFO] CADModel:114 - Register for checkConnection events
2023-11-11 17:31:00,745 [INFO] IPUIPlugin:80 - create IPUIPlugin
2023-11-11 17:31:00,745 [INFO] PluginManager:220 - loadIPPluginJar : add adc
2023-11-11 17:31:00,762 [INFO] IPUIPlugin:80 - create IPUIPlugin
2023-11-11 17:31:00,762 [INFO] PluginManager:220 - loadIPPluginJar : add aes
2023-11-11 17:31:00,767 [INFO] IPUIPlugin:80 - create IPUIPlugin
2023-11-11 17:31:00,767 [INFO] PluginManager:220 - loadIPPluginJar : add can
2023-11-11 17:31:00,769 [INFO] IPUIPlugin:80 - create IPUIPlugin
2023-11-11 17:31:00,769 [INFO] PluginManager:220 - loadIPPluginJar : add comp
2023-11-11 17:31:00,772 [INFO] IPUIPlugin:80 - create IPUIPlugin
2023-11-11 17:31:00,772 [INFO] PluginManager:220 - loadIPPluginJar : add cryp
2023-11-11 17:31:00,775 [INFO] IPUIPlugin:80 - create IPUIPlugin
2023-11-11 17:31:00,775 [INFO] PluginManager:220 - loadIPPluginJar : add dfsdm
2023-11-11 17:31:00,784 [INFO] IPUIPlugin:80 - create IPUIPlugin
2023-11-11 17:31:00,784 [INFO] PluginManager:220 - loadIPPluginJar : add dma
2023-11-11 17:31:00,787 [INFO] IPUIPlugin:80 - create IPUIPlugin
2023-11-11 17:31:00,787 [INFO] PluginManager:220 - loadIPPluginJar : add dma3
2023-11-11 17:31:00,790 [INFO] IPUIPlugin:80 - create IPUIPlugin
2023-11-11 17:31:00,790 [INFO] PluginManager:220 - loadIPPluginJar : add fatfs
2023-11-11 17:31:00,801 [INFO] IPUIPlugin:80 - create IPUIPlugin
2023-11-11 17:31:00,802 [INFO] PluginManager:220 - loadIPPluginJar : add fmc
2023-11-11 17:31:00,807 [INFO] IPUIPlugin:80 - create IPUIPlugin
2023-11-11 17:31:00,807 [INFO] PluginManager:220 - loadIPPluginJar : add freertos
2023-11-11 17:31:00,808 [INFO] IPUIPlugin:80 - create IPUIPlugin
2023-11-11 17:31:00,808 [INFO] PluginManager:220 - loadIPPluginJar : add genericplugin
2023-11-11 17:31:00,810 [INFO] IPUIPlugin:80 - create IPUIPlugin
2023-11-11 17:31:00,810 [INFO] PluginManager:220 - loadIPPluginJar : add gfxmmu
2023-11-11 17:31:00,814 [INFO] IPUIPlugin:80 - create IPUIPlugin
2023-11-11 17:31:00,814 [INFO] PluginManager:220 - loadIPPluginJar : add gic
2023-11-11 17:31:00,818 [INFO] IPUIPlugin:80 - create IPUIPlugin
2023-11-11 17:31:00,818 [INFO] PluginManager:220 - loadIPPluginJar : add gpio
2023-11-11 17:31:00,820 [INFO] IPUIPlugin:80 - create IPUIPlugin
2023-11-11 17:31:00,820 [INFO] PluginManager:220 - loadIPPluginJar : add gtzc
2023-11-11 17:31:00,822 [INFO] IPUIPlugin:80 - create IPUIPlugin
2023-11-11 17:31:00,822 [INFO] PluginManager:220 - loadIPPluginJar : add hash
2023-11-11 17:31:00,824 [INFO] IPUIPlugin:80 - create IPUIPlugin
2023-11-11 17:31:00,824 [INFO] PluginManager:220 - loadIPPluginJar : add i2c
2023-11-11 17:31:00,825 [INFO] IPUIPlugin:80 - create IPUIPlugin
2023-11-11 17:31:00,826 [INFO] PluginManager:220 - loadIPPluginJar : add i2s
2023-11-11 17:31:00,828 [INFO] IPUIPlugin:80 - create IPUIPlugin
2023-11-11 17:31:00,828 [INFO] PluginManager:220 - loadIPPluginJar : add i3c
2023-11-11 17:31:00,830 [INFO] IPUIPlugin:80 - create IPUIPlugin
2023-11-11 17:31:00,830 [INFO] PluginManager:220 - loadIPPluginJar : add ipddr
2023-11-11 17:31:00,835 [INFO] IPUIPlugin:80 - create IPUIPlugin
2023-11-11 17:31:00,836 [INFO] PluginManager:220 - loadIPPluginJar : add linkedlist
2023-11-11 17:31:00,838 [INFO] IPUIPlugin:80 - create IPUIPlugin
2023-11-11 17:31:00,838 [INFO] PluginManager:220 - loadIPPluginJar : add lorawan
2023-11-11 17:31:00,839 [INFO] IPUIPlugin:80 - create IPUIPlugin
2023-11-11 17:31:00,840 [INFO] PluginManager:220 - loadIPPluginJar : add ltdc
2023-11-11 17:31:00,849 [INFO] IPUIPlugin:80 - create IPUIPlugin
2023-11-11 17:31:00,849 [INFO] PluginManager:220 - loadIPPluginJar : add mdma
2023-11-11 17:31:00,855 [INFO] IPUIPlugin:80 - create IPUIPlugin
2023-11-11 17:31:00,855 [INFO] PluginManager:220 - loadIPPluginJar : add nvic
2023-11-11 17:31:00,858 [INFO] IPUIPlugin:80 - create IPUIPlugin
2023-11-11 17:31:00,858 [INFO] PluginManager:220 - loadIPPluginJar : add opamp
2023-11-11 17:31:00,861 [INFO] IPUIPlugin:80 - create IPUIPlugin
2023-11-11 17:31:00,861 [INFO] PluginManager:220 - loadIPPluginJar : add openamp
2023-11-11 17:31:00,864 [INFO] IPUIPlugin:80 - create IPUIPlugin
2023-11-11 17:31:00,865 [INFO] PluginManager:220 - loadIPPluginJar : add pdm2pcm
2023-11-11 17:31:00,869 [INFO] IPUIPlugin:80 - create IPUIPlugin
2023-11-11 17:31:00,872 [INFO] PluginManager:220 - loadIPPluginJar : add plateformsettings
2023-11-11 17:31:00,874 [INFO] IPUIPlugin:80 - create IPUIPlugin
2023-11-11 17:31:00,874 [INFO] PluginManager:220 - loadIPPluginJar : add quadspi
2023-11-11 17:31:00,876 [INFO] IPUIPlugin:80 - create IPUIPlugin
2023-11-11 17:31:00,876 [INFO] PluginManager:220 - loadIPPluginJar : add resmgrutility
2023-11-11 17:31:00,878 [INFO] IPUIPlugin:80 - create IPUIPlugin
2023-11-11 17:31:00,878 [INFO] PluginManager:220 - loadIPPluginJar : add sai
2023-11-11 17:31:00,880 [INFO] IPUIPlugin:80 - create IPUIPlugin
2023-11-11 17:31:00,881 [INFO] PluginManager:220 - loadIPPluginJar : add spi
2023-11-11 17:31:00,884 [INFO] IPUIPlugin:80 - create IPUIPlugin
2023-11-11 17:31:00,885 [INFO] PluginManager:220 - loadIPPluginJar : add stm32_wpan
2023-11-11 17:31:00,886 [INFO] IPUIPlugin:80 - create IPUIPlugin
2023-11-11 17:31:00,886 [INFO] PluginManager:220 - loadIPPluginJar : add tim
2023-11-11 17:31:00,888 [INFO] IPUIPlugin:80 - create IPUIPlugin
2023-11-11 17:31:00,888 [INFO] PluginManager:220 - loadIPPluginJar : add touchsensing
2023-11-11 17:31:00,889 [INFO] IPUIPlugin:80 - create IPUIPlugin
2023-11-11 17:31:00,889 [INFO] PluginManager:220 - loadIPPluginJar : add tracer_emb
2023-11-11 17:31:00,891 [INFO] IPUIPlugin:80 - create IPUIPlugin
2023-11-11 17:31:00,891 [INFO] PluginManager:220 - loadIPPluginJar : add ts
2023-11-11 17:31:00,892 [INFO] IPUIPlugin:80 - create IPUIPlugin
2023-11-11 17:31:00,892 [INFO] PluginManager:220 - loadIPPluginJar : add tsc
2023-11-11 17:31:00,893 [INFO] IPUIPlugin:80 - create IPUIPlugin
2023-11-11 17:31:00,894 [INFO] PluginManager:220 - loadIPPluginJar : add ucpd
2023-11-11 17:31:00,896 [INFO] IPUIPlugin:80 - create IPUIPlugin
2023-11-11 17:31:00,896 [INFO] PluginManager:220 - loadIPPluginJar : add usart
2023-11-11 17:31:00,898 [INFO] IPUIPlugin:80 - create IPUIPlugin
2023-11-11 17:31:00,898 [INFO] PluginManager:220 - loadIPPluginJar : add usbx
2023-11-11 17:31:01,037 [INFO] CADModel:165 - CPN selected for project level
2023-11-11 17:31:01,038 [INFO] CADModel:114 - Register for checkConnection events
2023-11-11 17:31:01,039 [FATAL] Updater:308 - Updater called before beeing initialized
2023-11-11 17:31:01,039 [ERROR] CADModel:125 - Updater not yet initialized, retry later 
2023-11-11 17:31:01,222 [INFO] CADModel:165 - CPN selected for project level
2023-11-11 17:31:01,222 [INFO] CADModel:114 - Register for checkConnection events
2023-11-11 17:31:01,222 [FATAL] Updater:308 - Updater called before beeing initialized
2023-11-11 17:31:01,222 [ERROR] CADModel:125 - Updater not yet initialized, retry later 
2023-11-11 17:31:01,224 [FATAL] Updater:308 - Updater called before beeing initialized
2023-11-11 17:31:01,327 [FATAL] Updater:308 - Updater called before beeing initialized
2023-11-11 17:31:01,333 [INFO] DbMcusAds:53 - JSON generation date=Tue Mar 07 10:50:55 EET 2023 (1678179055335)
2023-11-11 17:31:01,333 [FATAL] Updater:308 - Updater called before beeing initialized
2023-11-11 17:31:01,367 [WARN] DetailPanel:346 - Failed to get advertising image, set to default
2023-11-11 17:31:01,461 [FATAL] Updater:308 - Updater called before beeing initialized
2023-11-11 17:31:01,463 [FATAL] Updater:308 - Updater called before beeing initialized
2023-11-11 17:31:01,463 [FATAL] Updater:308 - Updater called before beeing initialized
2023-11-11 17:31:01,463 [WARN] DetailPanel:346 - Failed to get advertising image, set to default
2023-11-11 17:31:01,464 [FATAL] Updater:308 - Updater called before beeing initialized
2023-11-11 17:31:01,513 [ERROR] Updater:1120 - MainUpdater not yet initialized. External WinMGr cannot be set.
2023-11-11 17:31:01,515 [INFO] Updater:1056 - Updater Version found : 6.9.2
2023-11-11 17:31:01,533 [INFO] ApplicationProperties:184 - Using Application install path: C:\ST\STM32CubeIDE_1.13.2\STM32CubeIDE\plugins\com.st.stm32cube.common.mx_6.9.2.202309101412
2023-11-11 17:31:01,823 [INFO] MainUpdater:2868 - connection check result : 10
2023-11-11 17:31:01,824 [INFO] MainUpdater:285 - Updater Check For Update Now.
2023-11-11 17:31:01,825 [INFO] MicroXplorer:498 - Change Database Version : DB.6.0.92
2023-11-11 17:31:01,832 [INFO] McuFinderGlobals:63 - Set McuFinder mode to 2 (CubeIDE integrated)
2023-11-11 17:31:01,832 [INFO] UserAuth:179 - activating auth plugin
2023-11-11 17:31:01,837 [INFO] UserAuth:393 - Internet connection configuration mode: 1
2023-11-11 17:31:01,857 [INFO] JxBrowserEngine:151 - Initiate JxBrowser Engine with user profile folder
2023-11-11 17:31:02,020 [INFO] CheckServerUpdateThread:120 - End of CheckServer Thread
2023-11-11 17:31:02,524 [INFO] WebApp:157 - Instantiating new browser for Auth
2023-11-11 17:31:03,036 [INFO] WebApp:753 - Register for checkConnection events
2023-11-11 17:31:03,036 [INFO] WebApp:390 - Apply proxy settings
2023-11-11 17:31:03,036 [INFO] WebApp:475 - Chromium requires no authentication
2023-11-11 17:31:03,043 [INFO] WebApp:418 - Direct internet connection detected
2023-11-11 17:31:03,177 [INFO] WebApp:188 - Starting web application
2023-11-11 17:31:03,177 [INFO] WebApp:520 - Web application path used C:\ST\STM32CubeIDE_1.13.2\STM32CubeIDE\plugins\com.st.stm32cube.common.mx_6.9.2.202309101412\db\plugins\mcufinder\reactClient1\index.html
2023-11-11 17:31:03,449 [WARN] PackLoader:240 - Cannot read IP mode file for STMicroelectronics.X-CUBE-SMBUS.2.1.0
2023-11-11 17:31:03,497 [WARN] PackLoader:240 - Cannot read IP mode file for STMicroelectronics.X-CUBE-AZRTOS-F7.1.1.0
2023-11-11 17:31:03,520 [WARN] PackLoader:240 - Cannot read IP mode file for STMicroelectronics.FP-SNS-MOTENV1.4.3.2
2023-11-11 17:31:03,531 [WARN] PackLoader:240 - Cannot read IP mode file for STMicroelectronics.FP-SNS-FLIGHT1.5.0.2
2023-11-11 17:31:03,547 [WARN] PackLoader:240 - Cannot read IP mode file for STMicroelectronics.X-CUBE-DISPLAY.3.0.0
2023-11-11 17:31:03,562 [WARN] PackLoader:240 - Cannot read IP mode file for STMicroelectronics.X-CUBE-BLE1.7.0.0
2023-11-11 17:31:03,571 [WARN] PackLoader:240 - Cannot read IP mode file for emotas.I-CUBE-CANOPEN.1.3.0
2023-11-11 17:31:03,576 [WARN] PackLoader:240 - Cannot read IP mode file for STMicroelectronics.X-CUBE-TOUCHGFX.4.22.1
2023-11-11 17:31:03,581 [WARN] PackLoader:240 - Cannot read IP mode file for STMicroelectronics.FP-SNS-SMARTAG2.1.2.0
2023-11-11 17:31:03,601 [INFO] LogOutputStream:77 - [STDOUT_REDIRECT] 1 : Invalid condition id : UX_CORESTACK_Condition cause : null
2023-11-11 17:31:03,601 [INFO] LogOutputStream:77 - [STDOUT_REDIRECT] 1 : Invalid condition id : UX_CORESTACK_Condition cause : null
2023-11-11 17:31:03,602 [INFO] LogOutputStream:77 - [STDOUT_REDIRECT] 1 : Invalid condition id : UX_CORESTACK_Condition cause : null
2023-11-11 17:31:03,604 [INFO] LogOutputStream:77 - [STDOUT_REDIRECT] 1 : Invalid condition id : UX_CORESTACK_Condition cause : null
2023-11-11 17:31:03,605 [INFO] LogOutputStream:77 - [STDOUT_REDIRECT] 1 : Invalid condition id : UX_CORESTACK_Condition cause : null
2023-11-11 17:31:03,611 [WARN] PackLoader:240 - Cannot read IP mode file for STMicroelectronics.X-CUBE-AZRTOS-WL.2.0.0
2023-11-11 17:31:03,625 [WARN] PackLoader:240 - Cannot read IP mode file for WES.I-CUBE-Cesium.1.3.0
2023-11-11 17:31:03,632 [WARN] PackLoader:240 - Cannot read IP mode file for STMicroelectronics.X-CUBE-BLE2.3.3.0
2023-11-11 17:31:03,642 [WARN] PackLoader:240 - Cannot read IP mode file for STMicroelectronics.X-CUBE-ALGOBUILD.1.3.0
2023-11-11 17:31:03,672 [WARN] PackLoader:240 - Cannot read IP mode file for STMicroelectronics.X-CUBE-AZRTOS-G0.1.1.0
2023-11-11 17:31:03,684 [WARN] PackLoader:240 - Cannot read IP mode file for STMicroelectronics.X-CUBE-NFC4.3.0.0
2023-11-11 17:31:03,700 [WARN] PackLoader:240 - Cannot read IP mode file for STMicroelectronics.X-CUBE-BLEMGR.3.0.0
2023-11-11 17:31:03,705 [WARN] PackLoader:240 - Cannot read IP mode file for STMicroelectronics.FP-ATR-SIGFOX1.3.2.0
2023-11-11 17:31:03,710 [WARN] PackLoader:240 - Cannot read IP mode file for STMicroelectronics.X-CUBE-GNSS1.6.0.0
2023-11-11 17:31:03,728 [WARN] PackLoader:240 - Cannot read IP mode file for STMicroelectronics.X-CUBE-AZRTOS-F4.1.1.0
2023-11-11 17:31:03,743 [WARN] PackLoader:240 - Cannot read IP mode file for wolfSSL.I-CUBE-wolfSSL.5.6.3
2023-11-11 17:31:03,758 [WARN] PackLoader:240 - Cannot read IP mode file for STMicroelectronics.X-CUBE-AZRTOS-L5.2.0.0
2023-11-11 17:31:03,771 [WARN] PackLoader:240 - Cannot read IP mode file for STMicroelectronics.X-CUBE-EEPRMA1.4.2.0
2023-11-11 17:31:03,778 [WARN] PackLoader:240 - Cannot read IP mode file for ITTIA_DB.I-CUBE-ITTIADB.8.8.0
2023-11-11 17:31:03,796 [WARN] ConditionMgr:438 - getConditionDescription Invalid condition id : UX DEVICE CLASS RTOS Condition cause : null
2023-11-11 17:31:03,796 [WARN] ConditionMgr:438 - getConditionDescription Invalid condition id : UX DEVICE CLASS RTOS Condition cause : null
2023-11-11 17:31:03,800 [WARN] PackLoader:240 - Cannot read IP mode file for STMicroelectronics.X-CUBE-AZRTOS-H7.3.1.0
2023-11-11 17:31:03,801 [WARN] ConditionMgr:1039 - genDependencies : Invalid condition id : UX DEVICE CLASS RTOS Condition cause : null
2023-11-11 17:31:03,801 [WARN] ConditionMgr:1039 - genDependencies : Invalid condition id : UX DEVICE CLASS RTOS Condition cause : null
2023-11-11 17:31:03,801 [WARN] ConditionMgr:1039 - genDependencies : Invalid condition id : UX DEVICE CLASS RTOS Condition cause : null
2023-11-11 17:31:03,802 [WARN] ConditionMgr:1039 - genDependencies : Invalid condition id : UX DEVICE CLASS RTOS Condition cause : null
2023-11-11 17:31:03,802 [WARN] ConditionMgr:1039 - genDependencies : Invalid condition id : UX DEVICE CLASS RTOS Condition cause : null
2023-11-11 17:31:03,809 [WARN] PackLoader:240 - Cannot read IP mode file for STMicroelectronics.X-CUBE-NFC7.1.0.1
2023-11-11 17:31:03,816 [WARN] PackLoader:240 - Cannot read IP mode file for STMicroelectronics.X-CUBE-NFC6.3.0.0
2023-11-11 17:31:03,821 [WARN] PackLoader:240 - Cannot read IP mode file for STMicroelectronics.X-CUBE-AI.8.1.0
2023-11-11 17:31:03,837 [WARN] ConditionMgr:438 - getConditionDescription Invalid condition id : LAN8742 Phy interface Condition cause : null
2023-11-11 17:31:03,837 [WARN] PackLoader:240 - Cannot read IP mode file for STMicroelectronics.X-CUBE-AZRTOS-L4.2.0.0
2023-11-11 17:31:03,838 [WARN] ConditionMgr:1039 - genDependencies : Invalid condition id : LAN8742 Phy interface Condition cause : null
2023-11-11 17:31:03,839 [WARN] ConditionMgr:1039 - genDependencies : Invalid condition id : LAN8742 Phy interface Condition cause : null
2023-11-11 17:31:03,839 [WARN] ConditionMgr:1039 - genDependencies : Invalid condition id : LAN8742 Phy interface Condition cause : null
2023-11-11 17:31:03,846 [WARN] PackLoader:240 - Cannot read IP mode file for STMicroelectronics.X-CUBE-SFXS2LP1.4.0.0
2023-11-11 17:31:03,850 [WARN] PackLoader:240 - Cannot read IP mode file for STMicroelectronics.X-CUBE-ISPU.1.1.0
2023-11-11 17:31:03,863 [WARN] ConditionMgr:438 - getConditionDescription Invalid condition id : UX DEVICE CLASS RTOS Condition cause : null
2023-11-11 17:31:03,863 [WARN] ConditionMgr:438 - getConditionDescription Invalid condition id : UX DEVICE CLASS RTOS Condition cause : null
2023-11-11 17:31:03,865 [WARN] PackLoader:240 - Cannot read IP mode file for STMicroelectronics.X-CUBE-AZRTOS-WB.2.0.0
2023-11-11 17:31:03,866 [WARN] ConditionMgr:1039 - genDependencies : Invalid condition id : UX DEVICE CLASS RTOS Condition cause : null
2023-11-11 17:31:03,867 [WARN] ConditionMgr:1039 - genDependencies : Invalid condition id : UX DEVICE CLASS RTOS Condition cause : null
2023-11-11 17:31:03,867 [WARN] ConditionMgr:1039 - genDependencies : Invalid condition id : UX DEVICE CLASS RTOS Condition cause : null
2023-11-11 17:31:03,868 [WARN] ConditionMgr:1039 - genDependencies : Invalid condition id : UX DEVICE CLASS RTOS Condition cause : null
2023-11-11 17:31:03,868 [WARN] ConditionMgr:1039 - genDependencies : Invalid condition id : UX DEVICE CLASS RTOS Condition cause : null
2023-11-11 17:31:03,883 [WARN] PackLoader:240 - Cannot read IP mode file for STMicroelectronics.X-CUBE-SUBG2.5.0.0
2023-11-11 17:31:03,900 [WARN] PackLoader:240 - Cannot read IP mode file for STMicroelectronics.X-CUBE-TOF1.3.3.1
2023-11-11 17:31:03,927 [WARN] PackLoader:240 - Cannot read IP mode file for STMicroelectronics.X-CUBE-AZRTOS-G4.2.0.0
2023-11-11 17:31:03,942 [WARN] PackLoader:240 - Cannot read IP mode file for Infineon.AIROC-Wi-Fi-Bluetooth-STM32.1.5.1
2023-11-11 17:31:03,988 [WARN] PackLoader:240 - Cannot read IP mode file for STMicroelectronics.X-CUBE-MEMS1.10.0.0
2023-11-11 17:31:04,123 [WARN] PackLoader:240 - Cannot read IP mode file for STMicroelectronics.X-CUBE-FREERTOS.1.1.0
2023-11-11 17:31:04,128 [WARN] PackLoader:240 - Cannot read IP mode file for portGmbH.I-Cube-SoM-uGOAL.1.1.0
2023-11-11 17:31:04,131 [WARN] PackLoader:240 - Cannot read IP mode file for STMicroelectronics.X-CUBE-ALS.1.0.1
2023-11-11 17:31:04,135 [WARN] PackLoader:240 - Cannot read IP mode file for STMicroelectronics.FP-ATR-ASTRA1.2.0.0
2023-11-11 17:31:04,135 [INFO] ThirdParty:978 - Integrity check success = true
2023-11-11 17:31:04,136 [INFO] IntegrityCheckThread:100 - exiting critical section [integrity check]
2023-11-11 17:31:04,136 [INFO] IntegrityCheckThread:103 - End integrity checks thread
2023-11-11 17:31:23,934 [ERROR] LogOutputStream:75 - [STDERR_REDIRECT] SLF4J: Failed to load class "org.slf4j.impl.StaticLoggerBinder".
2023-11-11 17:31:23,935 [ERROR] LogOutputStream:75 - [STDERR_REDIRECT] SLF4J: Defaulting to no-operation (NOP) logger implementation
2023-11-11 17:31:23,936 [ERROR] LogOutputStream:75 - [STDERR_REDIRECT] SLF4J: See http://www.slf4j.org/codes.html#StaticLoggerBinder for further details.
2023-11-11 18:21:15,637 [ERROR] LogOutputStream:75 - [STDERR_REDIRECT] 
2023-11-11 21:57:37,028 [INFO] Activator:176 - 


2023-11-11 21:57:37,031 [INFO] Activator:177 - !SESSION log4j initialized
2023-11-11 21:57:42,778 [INFO] LogOutputStream:77 - [STDOUT_REDIRECT] 
2023-11-11 21:57:43,946 [INFO] ApplicationProperties:184 - Using Application install path: C:\ST\STM32CubeIDE_1.13.2\STM32CubeIDE\plugins\com.st.stm32cube.common.mx_6.9.2.202309101412
2023-11-11 21:57:43,966 [INFO] DbMcusXml:78 - Set database path to: C:\ST\STM32CubeIDE_1.13.2\STM32CubeIDE\plugins\com.st.stm32cube.common.mx_6.9.2.202309101412\\db\/mcu/
2023-11-11 21:57:43,967 [INFO] ApiDb:274 - Set plugin database path to: C:\ST\STM32CubeIDE_1.13.2\STM32CubeIDE\plugins\com.st.stm32cube.common.mx_6.9.2.202309101412\\db\/plugins/boardmanager/
2023-11-11 21:57:43,967 [WARN] ApiDb:259 - Overriding images path with different value:  => C:\ST\STM32CubeIDE_1.13.2\STM32CubeIDE\plugins\com.st.stm32cube.common.mx_6.9.2.202309101412\\db\/plugins/mcufinder/images/
2023-11-11 21:57:43,980 [INFO] ApiDb:250 - Set database path to: C:\Users\shady\.stmcufinder\plugins\mcufinder//mcu/
2023-11-11 21:57:43,981 [INFO] DbMcusAds:125 - Set database path to: C:\Users\shady\.stmcufinder\plugins\mcufinder//mcu/
2023-11-11 21:57:43,983 [INFO] CrossReferenceDbSqlite:203 - Set database path to: C:\Users\shady\.stmcufinder\plugins\mcufinder//mcu/cs/
2023-11-11 21:57:44,153 [INFO] RulesReader:64 - Compatibility file has been processed (293 Rules)
2023-11-11 21:57:44,374 [INFO] DbMcusXml:78 - Set database path to: C:\ST\STM32CubeIDE_1.13.2\STM32CubeIDE\plugins\com.st.stm32cube.common.mx_6.9.2.202309101412\\db\/mcu/
2023-11-11 21:57:44,374 [INFO] ApiDb:274 - Set plugin database path to: C:\ST\STM32CubeIDE_1.13.2\STM32CubeIDE\plugins\com.st.stm32cube.common.mx_6.9.2.202309101412\\db\/plugins/boardmanager/
2023-11-11 21:57:44,375 [INFO] ApiDb:261 - Set plugin images path to: C:\ST\STM32CubeIDE_1.13.2\STM32CubeIDE\plugins\com.st.stm32cube.common.mx_6.9.2.202309101412\\db\/plugins/mcufinder/images/
2023-11-11 21:57:44,375 [WARN] DbFile:41 - Overriding database path with different value: C:\Users\shady\.stmcufinder\plugins\mcufinder/ => C:\Users\shady\.stmcufinder\plugins\mcufinder
2023-11-11 21:57:44,375 [INFO] ApiDb:250 - Set database path to: C:\Users\shady\.stmcufinder\plugins\mcufinder//mcu/
2023-11-11 21:57:44,375 [WARN] DbFile:41 - Overriding database path with different value: C:\Users\shady\.stmcufinder\plugins\mcufinder/ => C:\Users\shady\.stmcufinder\plugins\mcufinder
2023-11-11 21:57:44,375 [INFO] DbMcusAds:125 - Set database path to: C:\Users\shady\.stmcufinder\plugins\mcufinder//mcu/
2023-11-11 21:57:44,375 [WARN] DbFile:41 - Overriding database path with different value: C:\Users\shady\.stmcufinder\plugins\mcufinder/ => C:\Users\shady\.stmcufinder\plugins\mcufinder
2023-11-11 21:57:44,375 [WARN] DbFile:41 - Overriding database path with different value: C:\Users\shady\.stmcufinder\plugins\mcufinder/ => C:\Users\shady\.stmcufinder\plugins\mcufinder
2023-11-11 21:57:44,375 [INFO] CrossReferenceDbSqlite:203 - Set database path to: C:\Users\shady\.stmcufinder\plugins\mcufinder//mcu/cs/
2023-11-11 21:57:44,474 [INFO] MainPanel:262 - HeapMemory: 268435456
2023-11-11 21:57:44,573 [INFO] DbMcusXml:78 - Set database path to: C:\ST\STM32CubeIDE_1.13.2\STM32CubeIDE\plugins\com.st.stm32cube.common.mx_6.9.2.202309101412\\db\/mcu/
2023-11-11 21:57:44,573 [INFO] ApiDb:274 - Set plugin database path to: C:\ST\STM32CubeIDE_1.13.2\STM32CubeIDE\plugins\com.st.stm32cube.common.mx_6.9.2.202309101412\\db\/plugins/boardmanager/
2023-11-11 21:57:44,574 [INFO] ApiDb:261 - Set plugin images path to: C:\ST\STM32CubeIDE_1.13.2\STM32CubeIDE\plugins\com.st.stm32cube.common.mx_6.9.2.202309101412\\db\/plugins/mcufinder/images/
2023-11-11 21:57:44,574 [WARN] DbFile:41 - Overriding database path with different value: C:\Users\shady\.stmcufinder\plugins\mcufinder/ => C:\Users\shady\.stmcufinder\plugins\mcufinder
2023-11-11 21:57:44,574 [INFO] ApiDb:250 - Set database path to: C:\Users\shady\.stmcufinder\plugins\mcufinder//mcu/
2023-11-11 21:57:44,574 [WARN] DbFile:41 - Overriding database path with different value: C:\Users\shady\.stmcufinder\plugins\mcufinder/ => C:\Users\shady\.stmcufinder\plugins\mcufinder
2023-11-11 21:57:44,574 [INFO] DbMcusAds:125 - Set database path to: C:\Users\shady\.stmcufinder\plugins\mcufinder//mcu/
2023-11-11 21:57:44,574 [WARN] DbFile:41 - Overriding database path with different value: C:\Users\shady\.stmcufinder\plugins\mcufinder/ => C:\Users\shady\.stmcufinder\plugins\mcufinder
2023-11-11 21:57:44,574 [WARN] DbFile:41 - Overriding database path with different value: C:\Users\shady\.stmcufinder\plugins\mcufinder/ => C:\Users\shady\.stmcufinder\plugins\mcufinder
2023-11-11 21:57:44,574 [INFO] CrossReferenceDbSqlite:203 - Set database path to: C:\Users\shady\.stmcufinder\plugins\mcufinder//mcu/cs/
2023-11-11 21:57:44,595 [INFO] ApplicationProperties:184 - Using Application install path: C:\ST\STM32CubeIDE_1.13.2\STM32CubeIDE\plugins\com.st.stm32cube.common.mx_6.9.2.202309101412
2023-11-11 21:57:44,596 [INFO] PluginManage:196 - Search for loadable plugins [exclusion list=, ]
2023-11-11 21:57:44,597 [INFO] PluginManage:310 - Check plugin analytics
2023-11-11 21:57:44,757 [INFO] AnalyticsPlugin:253 - Accepted Software Licenses: 
2023-11-11 21:57:44,757 [INFO] AnalyticsPlugin:255 - Accepted CMSIS Pack Licenses: 
2023-11-11 21:57:44,758 [INFO] AnalyticsPlugin:257 - Accepted Firmware Licenses: 
2023-11-11 21:57:44,760 [INFO] PluginManage:359 - Loaded plugin analytics (category:tool,tabindex:-1)
2023-11-11 21:57:44,761 [INFO] PluginManage:310 - Check plugin cadmodel
2023-11-11 21:57:44,769 [INFO] CADModel:105 - Init CAD model plugin
2023-11-11 21:57:44,769 [INFO] PluginManage:359 - Loaded plugin cadmodel (category:power,tabindex:5)
2023-11-11 21:57:44,769 [INFO] PluginManage:310 - Check plugin clock
2023-11-11 21:57:44,785 [INFO] PluginManage:359 - Loaded plugin clock (category:base,tabindex:2)
2023-11-11 21:57:44,785 [INFO] PluginManage:310 - Check plugin ddr
2023-11-11 21:57:44,788 [INFO] PluginManage:359 - Loaded plugin ddr (category:tool,tabindex:6)
2023-11-11 21:57:44,788 [INFO] PluginManage:310 - Check plugin filemanager
2023-11-11 21:57:45,414 [INFO] PluginManage:359 - Loaded plugin filemanager (category:base,tabindex:10)
2023-11-11 21:57:45,414 [INFO] PluginManage:310 - Check plugin ipmanager
2023-11-11 21:57:45,425 [INFO] PluginManage:359 - Loaded plugin ipmanager (category:base,tabindex:5)
2023-11-11 21:57:45,425 [INFO] PluginManage:310 - Check plugin lpbam
2023-11-11 21:57:45,436 [INFO] PluginManage:359 - Loaded plugin lpbam (category:base,tabindex:0)
2023-11-11 21:57:45,436 [INFO] PluginManage:310 - Check plugin memorymap
2023-11-11 21:57:45,452 [INFO] PluginManage:359 - Loaded plugin memorymap (category:base,tabindex:4)
2023-11-11 21:57:45,453 [INFO] PluginManage:310 - Check plugin pinoutandconfiguration
2023-11-11 21:57:45,463 [INFO] PluginManage:359 - Loaded plugin pinoutandconfiguration (category:base,tabindex:1)
2023-11-11 21:57:45,463 [INFO] PluginManage:310 - Check plugin pinoutconfig
2023-11-11 21:57:45,610 [WARN] SupportedApi:132 - Cannot load RTOS API schema: s4s-elt-must-match.1: The content of 'definitions' must match (annotation?, (simpleType | complexType)?, (unique | key | keyref)*)). A problem was found starting at: attribute.
2023-11-11 21:57:45,779 [INFO] PluginManage:359 - Loaded plugin pinoutconfig (category:base,tabindex:0)
2023-11-11 21:57:45,779 [INFO] PluginManage:310 - Check plugin power
2023-11-11 21:57:45,793 [INFO] PluginManage:359 - Loaded plugin power (category:power,tabindex:4)
2023-11-11 21:57:45,793 [INFO] PluginManage:310 - Check plugin projectmanager
2023-11-11 21:57:45,809 [INFO] PluginManage:359 - Loaded plugin projectmanager (category:projectmanager,tabindex:3)
2023-11-11 21:57:45,809 [INFO] PluginManage:310 - Check plugin thirdparty
2023-11-11 21:57:45,952 [WARN] IntegrityCheckThread:84 - waiting for thirdparty lock release [integrity check]
2023-11-11 21:57:45,953 [INFO] IntegrityCheckThread:86 - entering critical section [integrity check]
2023-11-11 21:57:45,953 [INFO] PluginManage:359 - Loaded plugin thirdparty (category:base,tabindex:-1)
2023-11-11 21:57:45,953 [INFO] PluginManage:310 - Check plugin tools
2023-11-11 21:57:45,954 [INFO] ThirdPartyUpdaterWithRetryManager:70 - Updater plugin not ready yet. [1/15]
2023-11-11 21:57:45,957 [INFO] PluginManage:359 - Loaded plugin tools (category:base,tabindex:7)
2023-11-11 21:57:45,958 [INFO] PluginManage:310 - Check plugin tutovideos
2023-11-11 21:57:46,160 [INFO] PluginManage:359 - Loaded plugin tutovideos (category:base,tabindex:-1)
2023-11-11 21:57:46,160 [INFO] PluginManage:310 - Check plugin updater
2023-11-11 21:57:46,174 [INFO] PluginManage:359 - Loaded plugin updater (category:base,tabindex:12)
2023-11-11 21:57:46,174 [INFO] PluginManage:310 - Check plugin userauth
2023-11-11 21:57:46,179 [INFO] UserAuth:113 - Init User Auth plugin
2023-11-11 21:57:46,179 [INFO] PluginManage:359 - Loaded plugin userauth (category:base,tabindex:14)
2023-11-11 21:57:46,180 [INFO] PluginManage:283 - PluginManage : Loaded plugins [17]
2023-11-11 21:57:46,495 [INFO] PinOutPanel:1499 - setPackage(No Configuration,No Configuration)
2023-11-11 21:57:46,648 [INFO] CADModel:165 - CPN selected for project level
2023-11-11 21:57:46,648 [INFO] CADModel:114 - Register for checkConnection events
2023-11-11 21:57:46,667 [INFO] IPUIPlugin:80 - create IPUIPlugin
2023-11-11 21:57:46,667 [INFO] PluginManager:220 - loadIPPluginJar : add adc
2023-11-11 21:57:46,671 [INFO] IPUIPlugin:80 - create IPUIPlugin
2023-11-11 21:57:46,671 [INFO] PluginManager:220 - loadIPPluginJar : add aes
2023-11-11 21:57:46,674 [INFO] IPUIPlugin:80 - create IPUIPlugin
2023-11-11 21:57:46,674 [INFO] PluginManager:220 - loadIPPluginJar : add can
2023-11-11 21:57:46,676 [INFO] IPUIPlugin:80 - create IPUIPlugin
2023-11-11 21:57:46,676 [INFO] PluginManager:220 - loadIPPluginJar : add comp
2023-11-11 21:57:46,679 [INFO] IPUIPlugin:80 - create IPUIPlugin
2023-11-11 21:57:46,679 [INFO] PluginManager:220 - loadIPPluginJar : add cryp
2023-11-11 21:57:46,682 [INFO] IPUIPlugin:80 - create IPUIPlugin
2023-11-11 21:57:46,682 [INFO] PluginManager:220 - loadIPPluginJar : add dfsdm
2023-11-11 21:57:46,690 [INFO] IPUIPlugin:80 - create IPUIPlugin
2023-11-11 21:57:46,690 [INFO] PluginManager:220 - loadIPPluginJar : add dma
2023-11-11 21:57:46,693 [INFO] IPUIPlugin:80 - create IPUIPlugin
2023-11-11 21:57:46,693 [INFO] PluginManager:220 - loadIPPluginJar : add dma3
2023-11-11 21:57:46,695 [INFO] IPUIPlugin:80 - create IPUIPlugin
2023-11-11 21:57:46,695 [INFO] PluginManager:220 - loadIPPluginJar : add fatfs
2023-11-11 21:57:46,700 [INFO] IPUIPlugin:80 - create IPUIPlugin
2023-11-11 21:57:46,700 [INFO] PluginManager:220 - loadIPPluginJar : add fmc
2023-11-11 21:57:46,707 [INFO] IPUIPlugin:80 - create IPUIPlugin
2023-11-11 21:57:46,708 [INFO] PluginManager:220 - loadIPPluginJar : add freertos
2023-11-11 21:57:46,709 [INFO] IPUIPlugin:80 - create IPUIPlugin
2023-11-11 21:57:46,709 [INFO] PluginManager:220 - loadIPPluginJar : add genericplugin
2023-11-11 21:57:46,712 [INFO] IPUIPlugin:80 - create IPUIPlugin
2023-11-11 21:57:46,712 [INFO] PluginManager:220 - loadIPPluginJar : add gfxmmu
2023-11-11 21:57:46,717 [INFO] IPUIPlugin:80 - create IPUIPlugin
2023-11-11 21:57:46,718 [INFO] PluginManager:220 - loadIPPluginJar : add gic
2023-11-11 21:57:46,723 [INFO] IPUIPlugin:80 - create IPUIPlugin
2023-11-11 21:57:46,723 [INFO] PluginManager:220 - loadIPPluginJar : add gpio
2023-11-11 21:57:46,726 [INFO] IPUIPlugin:80 - create IPUIPlugin
2023-11-11 21:57:46,726 [INFO] PluginManager:220 - loadIPPluginJar : add gtzc
2023-11-11 21:57:46,729 [INFO] IPUIPlugin:80 - create IPUIPlugin
2023-11-11 21:57:46,729 [INFO] PluginManager:220 - loadIPPluginJar : add hash
2023-11-11 21:57:46,732 [INFO] IPUIPlugin:80 - create IPUIPlugin
2023-11-11 21:57:46,732 [INFO] PluginManager:220 - loadIPPluginJar : add i2c
2023-11-11 21:57:46,736 [INFO] IPUIPlugin:80 - create IPUIPlugin
2023-11-11 21:57:46,736 [INFO] PluginManager:220 - loadIPPluginJar : add i2s
2023-11-11 21:57:46,739 [INFO] IPUIPlugin:80 - create IPUIPlugin
2023-11-11 21:57:46,739 [INFO] PluginManager:220 - loadIPPluginJar : add i3c
2023-11-11 21:57:46,743 [INFO] IPUIPlugin:80 - create IPUIPlugin
2023-11-11 21:57:46,743 [INFO] PluginManager:220 - loadIPPluginJar : add ipddr
2023-11-11 21:57:46,750 [INFO] IPUIPlugin:80 - create IPUIPlugin
2023-11-11 21:57:46,751 [INFO] PluginManager:220 - loadIPPluginJar : add linkedlist
2023-11-11 21:57:46,754 [INFO] IPUIPlugin:80 - create IPUIPlugin
2023-11-11 21:57:46,755 [INFO] PluginManager:220 - loadIPPluginJar : add lorawan
2023-11-11 21:57:46,756 [INFO] IPUIPlugin:80 - create IPUIPlugin
2023-11-11 21:57:46,757 [INFO] PluginManager:220 - loadIPPluginJar : add ltdc
2023-11-11 21:57:46,762 [INFO] IPUIPlugin:80 - create IPUIPlugin
2023-11-11 21:57:46,763 [INFO] PluginManager:220 - loadIPPluginJar : add mdma
2023-11-11 21:57:46,769 [INFO] IPUIPlugin:80 - create IPUIPlugin
2023-11-11 21:57:46,769 [INFO] PluginManager:220 - loadIPPluginJar : add nvic
2023-11-11 21:57:46,773 [INFO] IPUIPlugin:80 - create IPUIPlugin
2023-11-11 21:57:46,773 [INFO] PluginManager:220 - loadIPPluginJar : add opamp
2023-11-11 21:57:46,777 [INFO] IPUIPlugin:80 - create IPUIPlugin
2023-11-11 21:57:46,777 [INFO] PluginManager:220 - loadIPPluginJar : add openamp
2023-11-11 21:57:46,780 [INFO] IPUIPlugin:80 - create IPUIPlugin
2023-11-11 21:57:46,780 [INFO] PluginManager:220 - loadIPPluginJar : add pdm2pcm
2023-11-11 21:57:46,788 [INFO] IPUIPlugin:80 - create IPUIPlugin
2023-11-11 21:57:46,790 [INFO] PluginManager:220 - loadIPPluginJar : add plateformsettings
2023-11-11 21:57:46,792 [INFO] IPUIPlugin:80 - create IPUIPlugin
2023-11-11 21:57:46,792 [INFO] PluginManager:220 - loadIPPluginJar : add quadspi
2023-11-11 21:57:46,796 [INFO] IPUIPlugin:80 - create IPUIPlugin
2023-11-11 21:57:46,796 [INFO] PluginManager:220 - loadIPPluginJar : add resmgrutility
2023-11-11 21:57:46,800 [INFO] IPUIPlugin:80 - create IPUIPlugin
2023-11-11 21:57:46,800 [INFO] PluginManager:220 - loadIPPluginJar : add sai
2023-11-11 21:57:46,804 [INFO] IPUIPlugin:80 - create IPUIPlugin
2023-11-11 21:57:46,804 [INFO] PluginManager:220 - loadIPPluginJar : add spi
2023-11-11 21:57:46,809 [INFO] IPUIPlugin:80 - create IPUIPlugin
2023-11-11 21:57:46,809 [INFO] PluginManager:220 - loadIPPluginJar : add stm32_wpan
2023-11-11 21:57:46,811 [INFO] IPUIPlugin:80 - create IPUIPlugin
2023-11-11 21:57:46,811 [INFO] PluginManager:220 - loadIPPluginJar : add tim
2023-11-11 21:57:46,814 [INFO] IPUIPlugin:80 - create IPUIPlugin
2023-11-11 21:57:46,814 [INFO] PluginManager:220 - loadIPPluginJar : add touchsensing
2023-11-11 21:57:46,817 [INFO] IPUIPlugin:80 - create IPUIPlugin
2023-11-11 21:57:46,817 [INFO] PluginManager:220 - loadIPPluginJar : add tracer_emb
2023-11-11 21:57:46,820 [INFO] IPUIPlugin:80 - create IPUIPlugin
2023-11-11 21:57:46,820 [INFO] PluginManager:220 - loadIPPluginJar : add ts
2023-11-11 21:57:46,822 [INFO] IPUIPlugin:80 - create IPUIPlugin
2023-11-11 21:57:46,822 [INFO] PluginManager:220 - loadIPPluginJar : add tsc
2023-11-11 21:57:46,824 [INFO] IPUIPlugin:80 - create IPUIPlugin
2023-11-11 21:57:46,824 [INFO] PluginManager:220 - loadIPPluginJar : add ucpd
2023-11-11 21:57:46,827 [INFO] IPUIPlugin:80 - create IPUIPlugin
2023-11-11 21:57:46,827 [INFO] PluginManager:220 - loadIPPluginJar : add usart
2023-11-11 21:57:46,829 [INFO] IPUIPlugin:80 - create IPUIPlugin
2023-11-11 21:57:46,830 [INFO] PluginManager:220 - loadIPPluginJar : add usbx
2023-11-11 21:57:46,960 [INFO] CADModel:165 - CPN selected for project level
2023-11-11 21:57:46,960 [INFO] CADModel:114 - Register for checkConnection events
2023-11-11 21:57:46,960 [FATAL] Updater:308 - Updater called before beeing initialized
2023-11-11 21:57:46,960 [ERROR] CADModel:125 - Updater not yet initialized, retry later 
2023-11-11 21:57:47,166 [INFO] CADModel:165 - CPN selected for project level
2023-11-11 21:57:47,166 [INFO] CADModel:114 - Register for checkConnection events
2023-11-11 21:57:47,166 [FATAL] Updater:308 - Updater called before beeing initialized
2023-11-11 21:57:47,166 [ERROR] CADModel:125 - Updater not yet initialized, retry later 
2023-11-11 21:57:47,171 [FATAL] Updater:308 - Updater called before beeing initialized
2023-11-11 21:57:47,288 [FATAL] Updater:308 - Updater called before beeing initialized
2023-11-11 21:57:47,293 [INFO] DbMcusAds:53 - JSON generation date=Tue Mar 07 10:50:55 EET 2023 (1678179055335)
2023-11-11 21:57:47,293 [FATAL] Updater:308 - Updater called before beeing initialized
2023-11-11 21:57:47,342 [WARN] DetailPanel:346 - Failed to get advertising image, set to default
2023-11-11 21:57:47,463 [FATAL] Updater:308 - Updater called before beeing initialized
2023-11-11 21:57:47,468 [FATAL] Updater:308 - Updater called before beeing initialized
2023-11-11 21:57:47,468 [FATAL] Updater:308 - Updater called before beeing initialized
2023-11-11 21:57:47,469 [WARN] DetailPanel:346 - Failed to get advertising image, set to default
2023-11-11 21:57:47,470 [FATAL] Updater:308 - Updater called before beeing initialized
2023-11-11 21:57:47,540 [ERROR] Updater:1120 - MainUpdater not yet initialized. External WinMGr cannot be set.
2023-11-11 21:57:47,542 [INFO] Updater:1056 - Updater Version found : 6.9.2
2023-11-11 21:57:47,577 [INFO] ApplicationProperties:184 - Using Application install path: C:\ST\STM32CubeIDE_1.13.2\STM32CubeIDE\plugins\com.st.stm32cube.common.mx_6.9.2.202309101412
2023-11-11 21:57:47,901 [INFO] MainUpdater:2868 - connection check result : 10
2023-11-11 21:57:47,903 [INFO] MainUpdater:285 - Updater Check For Update Now.
2023-11-11 21:57:47,904 [INFO] MicroXplorer:498 - Change Database Version : DB.6.0.92
2023-11-11 21:57:47,925 [INFO] McuFinderGlobals:63 - Set McuFinder mode to 2 (CubeIDE integrated)
2023-11-11 21:57:47,926 [INFO] UserAuth:179 - activating auth plugin
2023-11-11 21:57:47,934 [INFO] UserAuth:393 - Internet connection configuration mode: 1
2023-11-11 21:57:47,979 [INFO] JxBrowserEngine:151 - Initiate JxBrowser Engine with user profile folder
2023-11-11 21:57:48,147 [INFO] CheckServerUpdateThread:120 - End of CheckServer Thread
2023-11-11 21:57:49,282 [WARN] PackLoader:240 - Cannot read IP mode file for STMicroelectronics.X-CUBE-SMBUS.2.1.0
2023-11-11 21:57:49,414 [WARN] PackLoader:240 - Cannot read IP mode file for STMicroelectronics.X-CUBE-AZRTOS-F7.1.1.0
2023-11-11 21:57:49,444 [WARN] PackLoader:240 - Cannot read IP mode file for STMicroelectronics.FP-SNS-MOTENV1.4.3.2
2023-11-11 21:57:49,490 [WARN] PackLoader:240 - Cannot read IP mode file for STMicroelectronics.FP-SNS-FLIGHT1.5.0.2
2023-11-11 21:57:49,516 [WARN] PackLoader:240 - Cannot read IP mode file for STMicroelectronics.X-CUBE-DISPLAY.3.0.0
2023-11-11 21:57:49,609 [WARN] PackLoader:240 - Cannot read IP mode file for STMicroelectronics.X-CUBE-BLE1.7.0.0
2023-11-11 21:57:49,619 [WARN] PackLoader:240 - Cannot read IP mode file for emotas.I-CUBE-CANOPEN.1.3.0
2023-11-11 21:57:49,630 [WARN] PackLoader:240 - Cannot read IP mode file for STMicroelectronics.X-CUBE-TOUCHGFX.4.22.1
2023-11-11 21:57:49,637 [WARN] PackLoader:240 - Cannot read IP mode file for STMicroelectronics.FP-SNS-SMARTAG2.1.2.0
2023-11-11 21:57:49,662 [INFO] LogOutputStream:77 - [STDOUT_REDIRECT] 1 : Invalid condition id : UX_CORESTACK_Condition cause : null
2023-11-11 21:57:49,663 [INFO] LogOutputStream:77 - [STDOUT_REDIRECT] 1 : Invalid condition id : UX_CORESTACK_Condition cause : null
2023-11-11 21:57:49,665 [INFO] LogOutputStream:77 - [STDOUT_REDIRECT] 1 : Invalid condition id : UX_CORESTACK_Condition cause : null
2023-11-11 21:57:49,667 [INFO] LogOutputStream:77 - [STDOUT_REDIRECT] 1 : Invalid condition id : UX_CORESTACK_Condition cause : null
2023-11-11 21:57:49,669 [INFO] LogOutputStream:77 - [STDOUT_REDIRECT] 1 : Invalid condition id : UX_CORESTACK_Condition cause : null
2023-11-11 21:57:49,675 [WARN] PackLoader:240 - Cannot read IP mode file for STMicroelectronics.X-CUBE-AZRTOS-WL.2.0.0
2023-11-11 21:57:49,690 [WARN] PackLoader:240 - Cannot read IP mode file for WES.I-CUBE-Cesium.1.3.0
2023-11-11 21:57:49,697 [WARN] PackLoader:240 - Cannot read IP mode file for STMicroelectronics.X-CUBE-BLE2.3.3.0
2023-11-11 21:57:49,708 [WARN] PackLoader:240 - Cannot read IP mode file for STMicroelectronics.X-CUBE-ALGOBUILD.1.3.0
2023-11-11 21:57:49,730 [WARN] PackLoader:240 - Cannot read IP mode file for STMicroelectronics.X-CUBE-AZRTOS-G0.1.1.0
2023-11-11 21:57:49,742 [WARN] PackLoader:240 - Cannot read IP mode file for STMicroelectronics.X-CUBE-NFC4.3.0.0
2023-11-11 21:57:49,764 [WARN] PackLoader:240 - Cannot read IP mode file for STMicroelectronics.X-CUBE-BLEMGR.3.0.0
2023-11-11 21:57:49,777 [WARN] PackLoader:240 - Cannot read IP mode file for STMicroelectronics.FP-ATR-SIGFOX1.3.2.0
2023-11-11 21:57:49,788 [WARN] PackLoader:240 - Cannot read IP mode file for STMicroelectronics.X-CUBE-GNSS1.6.0.0
2023-11-11 21:57:49,831 [WARN] PackLoader:240 - Cannot read IP mode file for STMicroelectronics.X-CUBE-AZRTOS-F4.1.1.0
2023-11-11 21:57:49,842 [WARN] PackLoader:240 - Cannot read IP mode file for wolfSSL.I-CUBE-wolfSSL.5.6.3
2023-11-11 21:57:49,843 [INFO] WebApp:157 - Instantiating new browser for Auth
2023-11-11 21:57:49,899 [WARN] PackLoader:240 - Cannot read IP mode file for STMicroelectronics.X-CUBE-AZRTOS-L5.2.0.0
2023-11-11 21:57:49,924 [WARN] PackLoader:240 - Cannot read IP mode file for STMicroelectronics.X-CUBE-EEPRMA1.4.2.0
2023-11-11 21:57:49,938 [WARN] PackLoader:240 - Cannot read IP mode file for ITTIA_DB.I-CUBE-ITTIADB.8.8.0
2023-11-11 21:57:49,997 [WARN] ConditionMgr:438 - getConditionDescription Invalid condition id : UX DEVICE CLASS RTOS Condition cause : null
2023-11-11 21:57:49,998 [WARN] ConditionMgr:438 - getConditionDescription Invalid condition id : UX DEVICE CLASS RTOS Condition cause : null
2023-11-11 21:57:50,003 [WARN] PackLoader:240 - Cannot read IP mode file for STMicroelectronics.X-CUBE-AZRTOS-H7.3.1.0
2023-11-11 21:57:50,004 [WARN] ConditionMgr:1039 - genDependencies : Invalid condition id : UX DEVICE CLASS RTOS Condition cause : null
2023-11-11 21:57:50,005 [WARN] ConditionMgr:1039 - genDependencies : Invalid condition id : UX DEVICE CLASS RTOS Condition cause : null
2023-11-11 21:57:50,006 [WARN] ConditionMgr:1039 - genDependencies : Invalid condition id : UX DEVICE CLASS RTOS Condition cause : null
2023-11-11 21:57:50,007 [WARN] ConditionMgr:1039 - genDependencies : Invalid condition id : UX DEVICE CLASS RTOS Condition cause : null
2023-11-11 21:57:50,008 [WARN] ConditionMgr:1039 - genDependencies : Invalid condition id : UX DEVICE CLASS RTOS Condition cause : null
2023-11-11 21:57:50,068 [WARN] PackLoader:240 - Cannot read IP mode file for STMicroelectronics.X-CUBE-NFC7.1.0.1
2023-11-11 21:57:50,091 [WARN] PackLoader:240 - Cannot read IP mode file for STMicroelectronics.X-CUBE-NFC6.3.0.0
2023-11-11 21:57:50,108 [WARN] PackLoader:240 - Cannot read IP mode file for STMicroelectronics.X-CUBE-AI.8.1.0
2023-11-11 21:57:50,134 [WARN] ConditionMgr:438 - getConditionDescription Invalid condition id : LAN8742 Phy interface Condition cause : null
2023-11-11 21:57:50,135 [WARN] PackLoader:240 - Cannot read IP mode file for STMicroelectronics.X-CUBE-AZRTOS-L4.2.0.0
2023-11-11 21:57:50,137 [WARN] ConditionMgr:1039 - genDependencies : Invalid condition id : LAN8742 Phy interface Condition cause : null
2023-11-11 21:57:50,137 [WARN] ConditionMgr:1039 - genDependencies : Invalid condition id : LAN8742 Phy interface Condition cause : null
2023-11-11 21:57:50,137 [WARN] ConditionMgr:1039 - genDependencies : Invalid condition id : LAN8742 Phy interface Condition cause : null
2023-11-11 21:57:50,150 [WARN] PackLoader:240 - Cannot read IP mode file for STMicroelectronics.X-CUBE-SFXS2LP1.4.0.0
2023-11-11 21:57:50,157 [WARN] PackLoader:240 - Cannot read IP mode file for STMicroelectronics.X-CUBE-ISPU.1.1.0
2023-11-11 21:57:50,172 [WARN] ConditionMgr:438 - getConditionDescription Invalid condition id : UX DEVICE CLASS RTOS Condition cause : null
2023-11-11 21:57:50,172 [WARN] ConditionMgr:438 - getConditionDescription Invalid condition id : UX DEVICE CLASS RTOS Condition cause : null
2023-11-11 21:57:50,175 [WARN] PackLoader:240 - Cannot read IP mode file for STMicroelectronics.X-CUBE-AZRTOS-WB.2.0.0
2023-11-11 21:57:50,176 [WARN] ConditionMgr:1039 - genDependencies : Invalid condition id : UX DEVICE CLASS RTOS Condition cause : null
2023-11-11 21:57:50,176 [WARN] ConditionMgr:1039 - genDependencies : Invalid condition id : UX DEVICE CLASS RTOS Condition cause : null
2023-11-11 21:57:50,177 [WARN] ConditionMgr:1039 - genDependencies : Invalid condition id : UX DEVICE CLASS RTOS Condition cause : null
2023-11-11 21:57:50,177 [WARN] ConditionMgr:1039 - genDependencies : Invalid condition id : UX DEVICE CLASS RTOS Condition cause : null
2023-11-11 21:57:50,177 [WARN] ConditionMgr:1039 - genDependencies : Invalid condition id : UX DEVICE CLASS RTOS Condition cause : null
2023-11-11 21:57:50,190 [WARN] PackLoader:240 - Cannot read IP mode file for STMicroelectronics.X-CUBE-SUBG2.5.0.0
2023-11-11 21:57:50,204 [WARN] PackLoader:240 - Cannot read IP mode file for STMicroelectronics.X-CUBE-TOF1.3.3.1
2023-11-11 21:57:50,229 [WARN] PackLoader:240 - Cannot read IP mode file for STMicroelectronics.X-CUBE-AZRTOS-G4.2.0.0
2023-11-11 21:57:50,244 [WARN] PackLoader:240 - Cannot read IP mode file for Infineon.AIROC-Wi-Fi-Bluetooth-STM32.1.5.1
2023-11-11 21:57:50,289 [WARN] PackLoader:240 - Cannot read IP mode file for STMicroelectronics.X-CUBE-MEMS1.10.0.0
2023-11-11 21:57:50,447 [WARN] PackLoader:240 - Cannot read IP mode file for STMicroelectronics.X-CUBE-FREERTOS.1.1.0
2023-11-11 21:57:50,453 [WARN] PackLoader:240 - Cannot read IP mode file for portGmbH.I-Cube-SoM-uGOAL.1.1.0
2023-11-11 21:57:50,458 [WARN] PackLoader:240 - Cannot read IP mode file for STMicroelectronics.X-CUBE-ALS.1.0.1
2023-11-11 21:57:50,463 [WARN] PackLoader:240 - Cannot read IP mode file for STMicroelectronics.FP-ATR-ASTRA1.2.0.0
2023-11-11 21:57:50,463 [INFO] ThirdParty:978 - Integrity check success = true
2023-11-11 21:57:50,464 [INFO] IntegrityCheckThread:100 - exiting critical section [integrity check]
2023-11-11 21:57:50,464 [INFO] IntegrityCheckThread:103 - End integrity checks thread
2023-11-11 21:57:51,189 [INFO] WebApp:753 - Register for checkConnection events
2023-11-11 21:57:51,189 [INFO] WebApp:390 - Apply proxy settings
2023-11-11 21:57:51,189 [INFO] WebApp:475 - Chromium requires no authentication
2023-11-11 21:57:51,209 [INFO] WebApp:418 - Direct internet connection detected
2023-11-11 21:57:51,657 [INFO] WebApp:188 - Starting web application
2023-11-11 21:57:51,658 [INFO] WebApp:520 - Web application path used C:\ST\STM32CubeIDE_1.13.2\STM32CubeIDE\plugins\com.st.stm32cube.common.mx_6.9.2.202309101412\db\plugins\mcufinder\reactClient1\index.html
2023-11-11 21:58:12,573 [ERROR] LogOutputStream:75 - [STDERR_REDIRECT] SLF4J: Failed to load class "org.slf4j.impl.StaticLoggerBinder".
2023-11-11 21:58:12,573 [ERROR] LogOutputStream:75 - [STDERR_REDIRECT] SLF4J: Defaulting to no-operation (NOP) logger implementation
2023-11-11 21:58:12,575 [ERROR] LogOutputStream:75 - [STDERR_REDIRECT] SLF4J: See http://www.slf4j.org/codes.html#StaticLoggerBinder for further details.
2023-11-11 23:17:12,098 [ERROR] LogOutputStream:75 - [STDERR_REDIRECT] 
