2023-11-15 09:22:07,784 [INFO] Activator:176 - 


2023-11-15 09:22:07,790 [INFO] Activator:177 - !SESSION log4j initialized
2023-11-15 09:22:16,959 [INFO] LogOutputStream:77 - [STDOUT_REDIRECT] 
2023-11-15 09:22:20,019 [INFO] ApplicationProperties:184 - Using Application install path: C:\ST\STM32CubeIDE_1.13.2\STM32CubeIDE\plugins\com.st.stm32cube.common.mx_6.9.2.202309101412
2023-11-15 09:22:20,045 [INFO] DbMcusXml:78 - Set database path to: C:\ST\STM32CubeIDE_1.13.2\STM32CubeIDE\plugins\com.st.stm32cube.common.mx_6.9.2.202309101412\\db\/mcu/
2023-11-15 09:22:20,045 [INFO] ApiDb:274 - Set plugin database path to: C:\ST\STM32CubeIDE_1.13.2\STM32CubeIDE\plugins\com.st.stm32cube.common.mx_6.9.2.202309101412\\db\/plugins/boardmanager/
2023-11-15 09:22:20,046 [WARN] ApiDb:259 - Overriding images path with different value:  => C:\ST\STM32CubeIDE_1.13.2\STM32CubeIDE\plugins\com.st.stm32cube.common.mx_6.9.2.202309101412\\db\/plugins/mcufinder/images/
2023-11-15 09:22:20,061 [INFO] ApiDb:250 - Set database path to: C:\Users\shady\.stmcufinder\plugins\mcufinder//mcu/
2023-11-15 09:22:20,063 [INFO] DbMcusAds:125 - Set database path to: C:\Users\shady\.stmcufinder\plugins\mcufinder//mcu/
2023-11-15 09:22:20,064 [INFO] CrossReferenceDbSqlite:203 - Set database path to: C:\Users\shady\.stmcufinder\plugins\mcufinder//mcu/cs/
2023-11-15 09:22:20,210 [INFO] RulesReader:64 - Compatibility file has been processed (293 Rules)
2023-11-15 09:22:20,316 [INFO] DbMcusXml:78 - Set database path to: C:\ST\STM32CubeIDE_1.13.2\STM32CubeIDE\plugins\com.st.stm32cube.common.mx_6.9.2.202309101412\\db\/mcu/
2023-11-15 09:22:20,316 [INFO] ApiDb:274 - Set plugin database path to: C:\ST\STM32CubeIDE_1.13.2\STM32CubeIDE\plugins\com.st.stm32cube.common.mx_6.9.2.202309101412\\db\/plugins/boardmanager/
2023-11-15 09:22:20,316 [INFO] ApiDb:261 - Set plugin images path to: C:\ST\STM32CubeIDE_1.13.2\STM32CubeIDE\plugins\com.st.stm32cube.common.mx_6.9.2.202309101412\\db\/plugins/mcufinder/images/
2023-11-15 09:22:20,316 [WARN] DbFile:41 - Overriding database path with different value: C:\Users\shady\.stmcufinder\plugins\mcufinder/ => C:\Users\shady\.stmcufinder\plugins\mcufinder
2023-11-15 09:22:20,316 [INFO] ApiDb:250 - Set database path to: C:\Users\shady\.stmcufinder\plugins\mcufinder//mcu/
2023-11-15 09:22:20,317 [WARN] DbFile:41 - Overriding database path with different value: C:\Users\shady\.stmcufinder\plugins\mcufinder/ => C:\Users\shady\.stmcufinder\plugins\mcufinder
2023-11-15 09:22:20,317 [INFO] DbMcusAds:125 - Set database path to: C:\Users\shady\.stmcufinder\plugins\mcufinder//mcu/
2023-11-15 09:22:20,317 [WARN] DbFile:41 - Overriding database path with different value: C:\Users\shady\.stmcufinder\plugins\mcufinder/ => C:\Users\shady\.stmcufinder\plugins\mcufinder
2023-11-15 09:22:20,317 [WARN] DbFile:41 - Overriding database path with different value: C:\Users\shady\.stmcufinder\plugins\mcufinder/ => C:\Users\shady\.stmcufinder\plugins\mcufinder
2023-11-15 09:22:20,317 [INFO] CrossReferenceDbSqlite:203 - Set database path to: C:\Users\shady\.stmcufinder\plugins\mcufinder//mcu/cs/
2023-11-15 09:22:20,407 [INFO] MainPanel:262 - HeapMemory: 268435456
2023-11-15 09:22:20,538 [INFO] DbMcusXml:78 - Set database path to: C:\ST\STM32CubeIDE_1.13.2\STM32CubeIDE\plugins\com.st.stm32cube.common.mx_6.9.2.202309101412\\db\/mcu/
2023-11-15 09:22:20,538 [INFO] ApiDb:274 - Set plugin database path to: C:\ST\STM32CubeIDE_1.13.2\STM32CubeIDE\plugins\com.st.stm32cube.common.mx_6.9.2.202309101412\\db\/plugins/boardmanager/
2023-11-15 09:22:20,538 [INFO] ApiDb:261 - Set plugin images path to: C:\ST\STM32CubeIDE_1.13.2\STM32CubeIDE\plugins\com.st.stm32cube.common.mx_6.9.2.202309101412\\db\/plugins/mcufinder/images/
2023-11-15 09:22:20,538 [WARN] DbFile:41 - Overriding database path with different value: C:\Users\shady\.stmcufinder\plugins\mcufinder/ => C:\Users\shady\.stmcufinder\plugins\mcufinder
2023-11-15 09:22:20,539 [INFO] ApiDb:250 - Set database path to: C:\Users\shady\.stmcufinder\plugins\mcufinder//mcu/
2023-11-15 09:22:20,539 [WARN] DbFile:41 - Overriding database path with different value: C:\Users\shady\.stmcufinder\plugins\mcufinder/ => C:\Users\shady\.stmcufinder\plugins\mcufinder
2023-11-15 09:22:20,539 [INFO] DbMcusAds:125 - Set database path to: C:\Users\shady\.stmcufinder\plugins\mcufinder//mcu/
2023-11-15 09:22:20,539 [WARN] DbFile:41 - Overriding database path with different value: C:\Users\shady\.stmcufinder\plugins\mcufinder/ => C:\Users\shady\.stmcufinder\plugins\mcufinder
2023-11-15 09:22:20,539 [WARN] DbFile:41 - Overriding database path with different value: C:\Users\shady\.stmcufinder\plugins\mcufinder/ => C:\Users\shady\.stmcufinder\plugins\mcufinder
2023-11-15 09:22:20,539 [INFO] CrossReferenceDbSqlite:203 - Set database path to: C:\Users\shady\.stmcufinder\plugins\mcufinder//mcu/cs/
2023-11-15 09:22:20,564 [INFO] ApplicationProperties:184 - Using Application install path: C:\ST\STM32CubeIDE_1.13.2\STM32CubeIDE\plugins\com.st.stm32cube.common.mx_6.9.2.202309101412
2023-11-15 09:22:20,565 [INFO] PluginManage:196 - Search for loadable plugins [exclusion list=, ]
2023-11-15 09:22:20,566 [INFO] PluginManage:310 - Check plugin analytics
2023-11-15 09:22:20,738 [INFO] AnalyticsPlugin:253 - Accepted Software Licenses: 
2023-11-15 09:22:20,738 [INFO] AnalyticsPlugin:255 - Accepted CMSIS Pack Licenses: 
2023-11-15 09:22:20,738 [INFO] AnalyticsPlugin:257 - Accepted Firmware Licenses: 
2023-11-15 09:22:20,742 [INFO] PluginManage:359 - Loaded plugin analytics (category:tool,tabindex:-1)
2023-11-15 09:22:20,743 [INFO] PluginManage:310 - Check plugin cadmodel
2023-11-15 09:22:20,759 [INFO] CADModel:105 - Init CAD model plugin
2023-11-15 09:22:20,759 [INFO] PluginManage:359 - Loaded plugin cadmodel (category:power,tabindex:5)
2023-11-15 09:22:20,759 [INFO] PluginManage:310 - Check plugin clock
2023-11-15 09:22:20,780 [INFO] PluginManage:359 - Loaded plugin clock (category:base,tabindex:2)
2023-11-15 09:22:20,780 [INFO] PluginManage:310 - Check plugin ddr
2023-11-15 09:22:20,783 [INFO] PluginManage:359 - Loaded plugin ddr (category:tool,tabindex:6)
2023-11-15 09:22:20,783 [INFO] PluginManage:310 - Check plugin filemanager
2023-11-15 09:22:21,014 [INFO] PluginManage:359 - Loaded plugin filemanager (category:base,tabindex:10)
2023-11-15 09:22:21,014 [INFO] PluginManage:310 - Check plugin ipmanager
2023-11-15 09:22:21,025 [INFO] PluginManage:359 - Loaded plugin ipmanager (category:base,tabindex:5)
2023-11-15 09:22:21,025 [INFO] PluginManage:310 - Check plugin lpbam
2023-11-15 09:22:21,039 [INFO] PluginManage:359 - Loaded plugin lpbam (category:base,tabindex:0)
2023-11-15 09:22:21,040 [INFO] PluginManage:310 - Check plugin memorymap
2023-11-15 09:22:21,064 [INFO] PluginManage:359 - Loaded plugin memorymap (category:base,tabindex:4)
2023-11-15 09:22:21,064 [INFO] PluginManage:310 - Check plugin pinoutandconfiguration
2023-11-15 09:22:21,081 [INFO] PluginManage:359 - Loaded plugin pinoutandconfiguration (category:base,tabindex:1)
2023-11-15 09:22:21,081 [INFO] PluginManage:310 - Check plugin pinoutconfig
2023-11-15 09:22:21,221 [WARN] SupportedApi:132 - Cannot load RTOS API schema: s4s-elt-must-match.1: The content of 'definitions' must match (annotation?, (simpleType | complexType)?, (unique | key | keyref)*)). A problem was found starting at: attribute.
2023-11-15 09:22:21,366 [INFO] PluginManage:359 - Loaded plugin pinoutconfig (category:base,tabindex:0)
2023-11-15 09:22:21,366 [INFO] PluginManage:310 - Check plugin power
2023-11-15 09:22:21,392 [INFO] PluginManage:359 - Loaded plugin power (category:power,tabindex:4)
2023-11-15 09:22:21,393 [INFO] PluginManage:310 - Check plugin projectmanager
2023-11-15 09:22:21,410 [INFO] PluginManage:359 - Loaded plugin projectmanager (category:projectmanager,tabindex:3)
2023-11-15 09:22:21,410 [INFO] PluginManage:310 - Check plugin thirdparty
2023-11-15 09:22:21,752 [INFO] PluginManage:359 - Loaded plugin thirdparty (category:base,tabindex:-1)
2023-11-15 09:22:21,752 [WARN] IntegrityCheckThread:84 - waiting for thirdparty lock release [integrity check]
2023-11-15 09:22:21,752 [INFO] PluginManage:310 - Check plugin tools
2023-11-15 09:22:21,752 [INFO] IntegrityCheckThread:86 - entering critical section [integrity check]
2023-11-15 09:22:21,753 [INFO] ThirdPartyUpdaterWithRetryManager:70 - Updater plugin not ready yet. [1/15]
2023-11-15 09:22:21,782 [INFO] PluginManage:359 - Loaded plugin tools (category:base,tabindex:7)
2023-11-15 09:22:21,782 [INFO] PluginManage:310 - Check plugin tutovideos
2023-11-15 09:22:22,079 [INFO] PluginManage:359 - Loaded plugin tutovideos (category:base,tabindex:-1)
2023-11-15 09:22:22,079 [INFO] PluginManage:310 - Check plugin updater
2023-11-15 09:22:22,093 [INFO] PluginManage:359 - Loaded plugin updater (category:base,tabindex:12)
2023-11-15 09:22:22,093 [INFO] PluginManage:310 - Check plugin userauth
2023-11-15 09:22:22,099 [INFO] UserAuth:113 - Init User Auth plugin
2023-11-15 09:22:22,099 [INFO] PluginManage:359 - Loaded plugin userauth (category:base,tabindex:14)
2023-11-15 09:22:22,100 [INFO] PluginManage:283 - PluginManage : Loaded plugins [17]
2023-11-15 09:22:22,467 [INFO] PinOutPanel:1499 - setPackage(No Configuration,No Configuration)
2023-11-15 09:22:22,603 [INFO] CADModel:165 - CPN selected for project level
2023-11-15 09:22:22,603 [INFO] CADModel:114 - Register for checkConnection events
2023-11-15 09:22:22,628 [INFO] IPUIPlugin:80 - create IPUIPlugin
2023-11-15 09:22:22,628 [INFO] PluginManager:220 - loadIPPluginJar : add adc
2023-11-15 09:22:22,660 [INFO] IPUIPlugin:80 - create IPUIPlugin
2023-11-15 09:22:22,661 [INFO] PluginManager:220 - loadIPPluginJar : add aes
2023-11-15 09:22:22,694 [INFO] IPUIPlugin:80 - create IPUIPlugin
2023-11-15 09:22:22,694 [INFO] PluginManager:220 - loadIPPluginJar : add can
2023-11-15 09:22:22,714 [INFO] IPUIPlugin:80 - create IPUIPlugin
2023-11-15 09:22:22,714 [INFO] PluginManager:220 - loadIPPluginJar : add comp
2023-11-15 09:22:22,743 [INFO] IPUIPlugin:80 - create IPUIPlugin
2023-11-15 09:22:22,743 [INFO] PluginManager:220 - loadIPPluginJar : add cryp
2023-11-15 09:22:22,768 [INFO] IPUIPlugin:80 - create IPUIPlugin
2023-11-15 09:22:22,768 [INFO] PluginManager:220 - loadIPPluginJar : add dfsdm
2023-11-15 09:22:22,781 [INFO] IPUIPlugin:80 - create IPUIPlugin
2023-11-15 09:22:22,781 [INFO] PluginManager:220 - loadIPPluginJar : add dma
2023-11-15 09:22:22,817 [INFO] IPUIPlugin:80 - create IPUIPlugin
2023-11-15 09:22:22,817 [INFO] PluginManager:220 - loadIPPluginJar : add dma3
2023-11-15 09:22:22,834 [INFO] IPUIPlugin:80 - create IPUIPlugin
2023-11-15 09:22:22,834 [INFO] PluginManager:220 - loadIPPluginJar : add fatfs
2023-11-15 09:22:22,873 [INFO] IPUIPlugin:80 - create IPUIPlugin
2023-11-15 09:22:22,873 [INFO] PluginManager:220 - loadIPPluginJar : add fmc
2023-11-15 09:22:22,889 [INFO] IPUIPlugin:80 - create IPUIPlugin
2023-11-15 09:22:22,889 [INFO] PluginManager:220 - loadIPPluginJar : add freertos
2023-11-15 09:22:22,910 [INFO] IPUIPlugin:80 - create IPUIPlugin
2023-11-15 09:22:22,910 [INFO] PluginManager:220 - loadIPPluginJar : add genericplugin
2023-11-15 09:22:22,998 [INFO] IPUIPlugin:80 - create IPUIPlugin
2023-11-15 09:22:22,998 [INFO] PluginManager:220 - loadIPPluginJar : add gfxmmu
2023-11-15 09:22:23,138 [INFO] IPUIPlugin:80 - create IPUIPlugin
2023-11-15 09:22:23,138 [INFO] PluginManager:220 - loadIPPluginJar : add gic
2023-11-15 09:22:23,153 [INFO] IPUIPlugin:80 - create IPUIPlugin
2023-11-15 09:22:23,153 [INFO] PluginManager:220 - loadIPPluginJar : add gpio
2023-11-15 09:22:23,249 [INFO] IPUIPlugin:80 - create IPUIPlugin
2023-11-15 09:22:23,249 [INFO] PluginManager:220 - loadIPPluginJar : add gtzc
2023-11-15 09:22:23,278 [INFO] IPUIPlugin:80 - create IPUIPlugin
2023-11-15 09:22:23,278 [INFO] PluginManager:220 - loadIPPluginJar : add hash
2023-11-15 09:22:23,321 [INFO] IPUIPlugin:80 - create IPUIPlugin
2023-11-15 09:22:23,321 [INFO] PluginManager:220 - loadIPPluginJar : add i2c
2023-11-15 09:22:23,354 [INFO] IPUIPlugin:80 - create IPUIPlugin
2023-11-15 09:22:23,354 [INFO] PluginManager:220 - loadIPPluginJar : add i2s
2023-11-15 09:22:23,394 [INFO] IPUIPlugin:80 - create IPUIPlugin
2023-11-15 09:22:23,394 [INFO] PluginManager:220 - loadIPPluginJar : add i3c
2023-11-15 09:22:23,489 [INFO] IPUIPlugin:80 - create IPUIPlugin
2023-11-15 09:22:23,489 [INFO] PluginManager:220 - loadIPPluginJar : add ipddr
2023-11-15 09:22:23,570 [INFO] IPUIPlugin:80 - create IPUIPlugin
2023-11-15 09:22:23,570 [INFO] PluginManager:220 - loadIPPluginJar : add linkedlist
2023-11-15 09:22:23,601 [INFO] IPUIPlugin:80 - create IPUIPlugin
2023-11-15 09:22:23,601 [INFO] PluginManager:220 - loadIPPluginJar : add lorawan
2023-11-15 09:22:23,635 [INFO] IPUIPlugin:80 - create IPUIPlugin
2023-11-15 09:22:23,635 [INFO] PluginManager:220 - loadIPPluginJar : add ltdc
2023-11-15 09:22:23,649 [INFO] IPUIPlugin:80 - create IPUIPlugin
2023-11-15 09:22:23,650 [INFO] PluginManager:220 - loadIPPluginJar : add mdma
2023-11-15 09:22:23,662 [INFO] IPUIPlugin:80 - create IPUIPlugin
2023-11-15 09:22:23,662 [INFO] PluginManager:220 - loadIPPluginJar : add nvic
2023-11-15 09:22:23,692 [INFO] IPUIPlugin:80 - create IPUIPlugin
2023-11-15 09:22:23,692 [INFO] PluginManager:220 - loadIPPluginJar : add opamp
2023-11-15 09:22:23,744 [INFO] IPUIPlugin:80 - create IPUIPlugin
2023-11-15 09:22:23,744 [INFO] PluginManager:220 - loadIPPluginJar : add openamp
2023-11-15 09:22:23,781 [INFO] IPUIPlugin:80 - create IPUIPlugin
2023-11-15 09:22:23,781 [INFO] PluginManager:220 - loadIPPluginJar : add pdm2pcm
2023-11-15 09:22:23,793 [INFO] IPUIPlugin:80 - create IPUIPlugin
2023-11-15 09:22:23,795 [INFO] PluginManager:220 - loadIPPluginJar : add plateformsettings
2023-11-15 09:22:23,813 [INFO] IPUIPlugin:80 - create IPUIPlugin
2023-11-15 09:22:23,813 [INFO] PluginManager:220 - loadIPPluginJar : add quadspi
2023-11-15 09:22:23,824 [INFO] IPUIPlugin:80 - create IPUIPlugin
2023-11-15 09:22:23,824 [INFO] PluginManager:220 - loadIPPluginJar : add resmgrutility
2023-11-15 09:22:23,864 [INFO] IPUIPlugin:80 - create IPUIPlugin
2023-11-15 09:22:23,864 [INFO] PluginManager:220 - loadIPPluginJar : add sai
2023-11-15 09:22:23,893 [INFO] IPUIPlugin:80 - create IPUIPlugin
2023-11-15 09:22:23,894 [INFO] PluginManager:220 - loadIPPluginJar : add spi
2023-11-15 09:22:23,940 [INFO] IPUIPlugin:80 - create IPUIPlugin
2023-11-15 09:22:23,940 [INFO] PluginManager:220 - loadIPPluginJar : add stm32_wpan
2023-11-15 09:22:23,959 [INFO] IPUIPlugin:80 - create IPUIPlugin
2023-11-15 09:22:23,960 [INFO] PluginManager:220 - loadIPPluginJar : add tim
2023-11-15 09:22:24,034 [INFO] IPUIPlugin:80 - create IPUIPlugin
2023-11-15 09:22:24,035 [INFO] PluginManager:220 - loadIPPluginJar : add touchsensing
2023-11-15 09:22:24,063 [INFO] IPUIPlugin:80 - create IPUIPlugin
2023-11-15 09:22:24,063 [INFO] PluginManager:220 - loadIPPluginJar : add tracer_emb
2023-11-15 09:22:24,090 [INFO] IPUIPlugin:80 - create IPUIPlugin
2023-11-15 09:22:24,090 [INFO] PluginManager:220 - loadIPPluginJar : add ts
2023-11-15 09:22:24,117 [INFO] IPUIPlugin:80 - create IPUIPlugin
2023-11-15 09:22:24,117 [INFO] PluginManager:220 - loadIPPluginJar : add tsc
2023-11-15 09:22:24,142 [INFO] IPUIPlugin:80 - create IPUIPlugin
2023-11-15 09:22:24,142 [INFO] PluginManager:220 - loadIPPluginJar : add ucpd
2023-11-15 09:22:24,182 [INFO] IPUIPlugin:80 - create IPUIPlugin
2023-11-15 09:22:24,182 [INFO] PluginManager:220 - loadIPPluginJar : add usart
2023-11-15 09:22:24,222 [INFO] IPUIPlugin:80 - create IPUIPlugin
2023-11-15 09:22:24,223 [INFO] PluginManager:220 - loadIPPluginJar : add usbx
2023-11-15 09:22:24,351 [INFO] CADModel:165 - CPN selected for project level
2023-11-15 09:22:24,352 [INFO] CADModel:114 - Register for checkConnection events
2023-11-15 09:22:24,352 [FATAL] Updater:308 - Updater called before beeing initialized
2023-11-15 09:22:24,353 [ERROR] CADModel:125 - Updater not yet initialized, retry later 
2023-11-15 09:22:24,542 [INFO] CADModel:165 - CPN selected for project level
2023-11-15 09:22:24,542 [INFO] CADModel:114 - Register for checkConnection events
2023-11-15 09:22:24,542 [FATAL] Updater:308 - Updater called before beeing initialized
2023-11-15 09:22:24,542 [ERROR] CADModel:125 - Updater not yet initialized, retry later 
2023-11-15 09:22:24,547 [FATAL] Updater:308 - Updater called before beeing initialized
2023-11-15 09:22:24,653 [FATAL] Updater:308 - Updater called before beeing initialized
2023-11-15 09:22:24,665 [INFO] DbMcusAds:53 - JSON generation date=Tue Mar 07 10:50:55 EET 2023 (1678179055335)
2023-11-15 09:22:24,665 [FATAL] Updater:308 - Updater called before beeing initialized
2023-11-15 09:22:24,747 [WARN] DetailPanel:346 - Failed to get advertising image, set to default
2023-11-15 09:22:24,763 [INFO] ThirdPartyUpdaterWithRetryManager:70 - Updater plugin not ready yet. [2/15]
2023-11-15 09:22:24,845 [FATAL] Updater:308 - Updater called before beeing initialized
2023-11-15 09:22:24,847 [FATAL] Updater:308 - Updater called before beeing initialized
2023-11-15 09:22:24,847 [FATAL] Updater:308 - Updater called before beeing initialized
2023-11-15 09:22:24,847 [WARN] DetailPanel:346 - Failed to get advertising image, set to default
2023-11-15 09:22:24,848 [FATAL] Updater:308 - Updater called before beeing initialized
2023-11-15 09:22:24,920 [ERROR] Updater:1120 - MainUpdater not yet initialized. External WinMGr cannot be set.
2023-11-15 09:22:24,934 [INFO] Updater:1056 - Updater Version found : 6.9.2
2023-11-15 09:22:24,963 [INFO] ApplicationProperties:184 - Using Application install path: C:\ST\STM32CubeIDE_1.13.2\STM32CubeIDE\plugins\com.st.stm32cube.common.mx_6.9.2.202309101412
2023-11-15 09:22:25,316 [INFO] MainUpdater:2868 - connection check result : 10
2023-11-15 09:22:25,317 [INFO] MainUpdater:285 - Updater Check For Update Now.
2023-11-15 09:22:25,318 [INFO] MicroXplorer:498 - Change Database Version : DB.6.0.92
2023-11-15 09:22:25,365 [INFO] McuFinderGlobals:63 - Set McuFinder mode to 2 (CubeIDE integrated)
2023-11-15 09:22:25,365 [INFO] UserAuth:179 - activating auth plugin
2023-11-15 09:22:25,369 [INFO] UserAuth:393 - Internet connection configuration mode: 1
2023-11-15 09:22:25,870 [INFO] JxBrowserEngine:151 - Initiate JxBrowser Engine with user profile folder
2023-11-15 09:22:26,064 [INFO] CheckServerUpdateThread:120 - End of CheckServer Thread
2023-11-15 09:22:28,084 [WARN] PackLoader:240 - Cannot read IP mode file for STMicroelectronics.X-CUBE-SMBUS.2.1.0
2023-11-15 09:22:28,210 [WARN] PackLoader:240 - Cannot read IP mode file for STMicroelectronics.X-CUBE-AZRTOS-F7.1.1.0
2023-11-15 09:22:28,271 [WARN] PackLoader:240 - Cannot read IP mode file for STMicroelectronics.FP-SNS-MOTENV1.4.3.2
2023-11-15 09:22:28,326 [WARN] PackLoader:240 - Cannot read IP mode file for STMicroelectronics.FP-SNS-FLIGHT1.5.0.2
2023-11-15 09:22:28,374 [WARN] PackLoader:240 - Cannot read IP mode file for STMicroelectronics.X-CUBE-DISPLAY.3.0.0
2023-11-15 09:22:28,431 [WARN] PackLoader:240 - Cannot read IP mode file for STMicroelectronics.X-CUBE-BLE1.7.0.0
2023-11-15 09:22:28,460 [WARN] PackLoader:240 - Cannot read IP mode file for emotas.I-CUBE-CANOPEN.1.3.0
2023-11-15 09:22:28,489 [WARN] PackLoader:240 - Cannot read IP mode file for STMicroelectronics.X-CUBE-TOUCHGFX.4.22.1
2023-11-15 09:22:28,519 [WARN] PackLoader:240 - Cannot read IP mode file for STMicroelectronics.FP-SNS-SMARTAG2.1.2.0
2023-11-15 09:22:28,570 [INFO] LogOutputStream:77 - [STDOUT_REDIRECT] 1 : Invalid condition id : UX_CORESTACK_Condition cause : null
2023-11-15 09:22:28,571 [INFO] LogOutputStream:77 - [STDOUT_REDIRECT] 1 : Invalid condition id : UX_CORESTACK_Condition cause : null
2023-11-15 09:22:28,574 [INFO] LogOutputStream:77 - [STDOUT_REDIRECT] 1 : Invalid condition id : UX_CORESTACK_Condition cause : null
2023-11-15 09:22:28,576 [INFO] LogOutputStream:77 - [STDOUT_REDIRECT] 1 : Invalid condition id : UX_CORESTACK_Condition cause : null
2023-11-15 09:22:28,579 [INFO] LogOutputStream:77 - [STDOUT_REDIRECT] 1 : Invalid condition id : UX_CORESTACK_Condition cause : null
2023-11-15 09:22:28,585 [WARN] PackLoader:240 - Cannot read IP mode file for STMicroelectronics.X-CUBE-AZRTOS-WL.2.0.0
2023-11-15 09:22:28,786 [WARN] PackLoader:240 - Cannot read IP mode file for WES.I-CUBE-Cesium.1.3.0
2023-11-15 09:22:28,805 [WARN] PackLoader:240 - Cannot read IP mode file for STMicroelectronics.X-CUBE-BLE2.3.3.0
2023-11-15 09:22:28,826 [WARN] PackLoader:240 - Cannot read IP mode file for STMicroelectronics.X-CUBE-ALGOBUILD.1.3.0
2023-11-15 09:22:28,913 [WARN] PackLoader:240 - Cannot read IP mode file for STMicroelectronics.X-CUBE-AZRTOS-G0.1.1.0
2023-11-15 09:22:29,243 [WARN] PackLoader:240 - Cannot read IP mode file for STMicroelectronics.X-CUBE-NFC4.3.0.0
2023-11-15 09:22:29,271 [WARN] PackLoader:240 - Cannot read IP mode file for STMicroelectronics.X-CUBE-BLEMGR.3.0.0
2023-11-15 09:22:29,299 [WARN] PackLoader:240 - Cannot read IP mode file for STMicroelectronics.FP-ATR-SIGFOX1.3.2.0
2023-11-15 09:22:29,319 [WARN] PackLoader:240 - Cannot read IP mode file for STMicroelectronics.X-CUBE-GNSS1.6.0.0
2023-11-15 09:22:29,364 [WARN] PackLoader:240 - Cannot read IP mode file for STMicroelectronics.X-CUBE-AZRTOS-F4.1.1.0
2023-11-15 09:22:29,389 [WARN] PackLoader:240 - Cannot read IP mode file for wolfSSL.I-CUBE-wolfSSL.5.6.3
2023-11-15 09:22:29,507 [WARN] PackLoader:240 - Cannot read IP mode file for STMicroelectronics.X-CUBE-AZRTOS-L5.2.0.0
2023-11-15 09:22:29,577 [WARN] PackLoader:240 - Cannot read IP mode file for STMicroelectronics.X-CUBE-EEPRMA1.4.2.0
2023-11-15 09:22:29,623 [WARN] PackLoader:240 - Cannot read IP mode file for ITTIA_DB.I-CUBE-ITTIADB.8.8.0
2023-11-15 09:22:29,702 [WARN] ConditionMgr:438 - getConditionDescription Invalid condition id : UX DEVICE CLASS RTOS Condition cause : null
2023-11-15 09:22:29,703 [WARN] ConditionMgr:438 - getConditionDescription Invalid condition id : UX DEVICE CLASS RTOS Condition cause : null
2023-11-15 09:22:29,708 [WARN] PackLoader:240 - Cannot read IP mode file for STMicroelectronics.X-CUBE-AZRTOS-H7.3.1.0
2023-11-15 09:22:29,710 [WARN] ConditionMgr:1039 - genDependencies : Invalid condition id : UX DEVICE CLASS RTOS Condition cause : null
2023-11-15 09:22:29,711 [WARN] ConditionMgr:1039 - genDependencies : Invalid condition id : UX DEVICE CLASS RTOS Condition cause : null
2023-11-15 09:22:29,712 [WARN] ConditionMgr:1039 - genDependencies : Invalid condition id : UX DEVICE CLASS RTOS Condition cause : null
2023-11-15 09:22:29,714 [WARN] ConditionMgr:1039 - genDependencies : Invalid condition id : UX DEVICE CLASS RTOS Condition cause : null
2023-11-15 09:22:29,715 [WARN] ConditionMgr:1039 - genDependencies : Invalid condition id : UX DEVICE CLASS RTOS Condition cause : null
2023-11-15 09:22:29,751 [WARN] PackLoader:240 - Cannot read IP mode file for STMicroelectronics.X-CUBE-NFC7.1.0.1
2023-11-15 09:22:29,789 [WARN] PackLoader:240 - Cannot read IP mode file for STMicroelectronics.X-CUBE-NFC6.3.0.0
2023-11-15 09:22:29,818 [WARN] PackLoader:240 - Cannot read IP mode file for STMicroelectronics.X-CUBE-AI.8.1.0
2023-11-15 09:22:29,874 [WARN] ConditionMgr:438 - getConditionDescription Invalid condition id : LAN8742 Phy interface Condition cause : null
2023-11-15 09:22:29,875 [WARN] PackLoader:240 - Cannot read IP mode file for STMicroelectronics.X-CUBE-AZRTOS-L4.2.0.0
2023-11-15 09:22:29,877 [WARN] ConditionMgr:1039 - genDependencies : Invalid condition id : LAN8742 Phy interface Condition cause : null
2023-11-15 09:22:29,877 [WARN] ConditionMgr:1039 - genDependencies : Invalid condition id : LAN8742 Phy interface Condition cause : null
2023-11-15 09:22:29,878 [WARN] ConditionMgr:1039 - genDependencies : Invalid condition id : LAN8742 Phy interface Condition cause : null
2023-11-15 09:22:29,906 [WARN] PackLoader:240 - Cannot read IP mode file for STMicroelectronics.X-CUBE-SFXS2LP1.4.0.0
2023-11-15 09:22:29,932 [WARN] PackLoader:240 - Cannot read IP mode file for STMicroelectronics.X-CUBE-ISPU.1.1.0
2023-11-15 09:22:29,976 [WARN] ConditionMgr:438 - getConditionDescription Invalid condition id : UX DEVICE CLASS RTOS Condition cause : null
2023-11-15 09:22:29,977 [WARN] ConditionMgr:438 - getConditionDescription Invalid condition id : UX DEVICE CLASS RTOS Condition cause : null
2023-11-15 09:22:29,981 [WARN] PackLoader:240 - Cannot read IP mode file for STMicroelectronics.X-CUBE-AZRTOS-WB.2.0.0
2023-11-15 09:22:29,982 [WARN] ConditionMgr:1039 - genDependencies : Invalid condition id : UX DEVICE CLASS RTOS Condition cause : null
2023-11-15 09:22:29,983 [WARN] ConditionMgr:1039 - genDependencies : Invalid condition id : UX DEVICE CLASS RTOS Condition cause : null
2023-11-15 09:22:29,984 [WARN] ConditionMgr:1039 - genDependencies : Invalid condition id : UX DEVICE CLASS RTOS Condition cause : null
2023-11-15 09:22:29,984 [INFO] WebApp:157 - Instantiating new browser for Auth
2023-11-15 09:22:29,984 [WARN] ConditionMgr:1039 - genDependencies : Invalid condition id : UX DEVICE CLASS RTOS Condition cause : null
2023-11-15 09:22:29,984 [WARN] ConditionMgr:1039 - genDependencies : Invalid condition id : UX DEVICE CLASS RTOS Condition cause : null
2023-11-15 09:22:30,051 [WARN] PackLoader:240 - Cannot read IP mode file for STMicroelectronics.X-CUBE-SUBG2.5.0.0
2023-11-15 09:22:30,122 [WARN] PackLoader:240 - Cannot read IP mode file for STMicroelectronics.X-CUBE-TOF1.3.3.1
2023-11-15 09:22:30,203 [WARN] PackLoader:240 - Cannot read IP mode file for STMicroelectronics.X-CUBE-AZRTOS-G4.2.0.0
2023-11-15 09:22:30,269 [WARN] PackLoader:240 - Cannot read IP mode file for Infineon.AIROC-Wi-Fi-Bluetooth-STM32.1.5.1
2023-11-15 09:22:30,316 [WARN] PackLoader:240 - Cannot read IP mode file for STMicroelectronics.FP-SNS-MOTENVWB1.1.3.0
2023-11-15 09:22:30,459 [WARN] PackLoader:240 - Cannot read IP mode file for STMicroelectronics.X-CUBE-MEMS1.10.0.0
2023-11-15 09:22:30,757 [WARN] PackLoader:240 - Cannot read IP mode file for STMicroelectronics.X-CUBE-FREERTOS.1.1.0
2023-11-15 09:22:30,785 [WARN] PackLoader:240 - Cannot read IP mode file for portGmbH.I-Cube-SoM-uGOAL.1.1.0
2023-11-15 09:22:30,808 [WARN] PackLoader:240 - Cannot read IP mode file for STMicroelectronics.X-CUBE-ALS.1.0.1
2023-11-15 09:22:30,828 [WARN] PackLoader:240 - Cannot read IP mode file for STMicroelectronics.FP-ATR-ASTRA1.2.0.0
2023-11-15 09:22:30,830 [INFO] ThirdParty:978 - Integrity check success = true
2023-11-15 09:22:30,830 [INFO] IntegrityCheckThread:100 - exiting critical section [integrity check]
2023-11-15 09:22:30,831 [INFO] IntegrityCheckThread:103 - End integrity checks thread
2023-11-15 09:22:31,550 [INFO] WebApp:753 - Register for checkConnection events
2023-11-15 09:22:31,551 [INFO] WebApp:390 - Apply proxy settings
2023-11-15 09:22:31,551 [INFO] WebApp:475 - Chromium requires no authentication
2023-11-15 09:22:31,572 [INFO] WebApp:418 - Direct internet connection detected
2023-11-15 09:22:32,251 [INFO] WebApp:188 - Starting web application
2023-11-15 09:22:32,251 [INFO] WebApp:520 - Web application path used C:\ST\STM32CubeIDE_1.13.2\STM32CubeIDE\plugins\com.st.stm32cube.common.mx_6.9.2.202309101412\db\plugins\mcufinder\reactClient1\index.html
2023-11-15 09:22:53,758 [ERROR] LogOutputStream:75 - [STDERR_REDIRECT] SLF4J: Failed to load class "org.slf4j.impl.StaticLoggerBinder".
2023-11-15 09:22:53,759 [ERROR] LogOutputStream:75 - [STDERR_REDIRECT] SLF4J: Defaulting to no-operation (NOP) logger implementation
2023-11-15 09:22:53,760 [ERROR] LogOutputStream:75 - [STDERR_REDIRECT] SLF4J: See http://www.slf4j.org/codes.html#StaticLoggerBinder for further details.
2023-11-15 09:23:15,255 [INFO] McuFinderGlobals:63 - Set McuFinder mode to 2 (CubeIDE integrated)
2023-11-15 09:23:15,278 [INFO] MainUpdater:2868 - connection check result : 10
2023-11-15 09:23:15,284 [INFO] MainUpdater:2868 - connection check result : 10
2023-11-15 09:23:15,451 [INFO] MicroXplorer:468 - Change Database Path : 
2023-11-15 09:23:15,451 [INFO] MicroXplorer:498 - Change Database Version : DB.6.0.92
2023-11-15 09:23:15,456 [WARN] ThirdParty:871 - waiting for thirdparty lock release [close project]
2023-11-15 09:23:15,456 [INFO] ThirdParty:873 - entering critical section [close project]
2023-11-15 09:23:15,457 [INFO] ThirdParty:883 - exiting critical section [close project]
2023-11-15 09:23:15,461 [INFO] PinOutPanel:1499 - setPackage(No Configuration,No Configuration)
2023-11-15 09:23:15,468 [INFO] UtilMem:75 - Begin LoadConfig() Used Memory: 391376960 Bytes (537919488)
2023-11-15 09:23:15,469 [INFO] MicroXplorer:468 - Change Database Path : 
2023-11-15 09:23:15,469 [INFO] MicroXplorer:498 - Change Database Version : DB.6.0.92
2023-11-15 09:23:15,469 [INFO] OpenFileManager:308 - Change cursor
2023-11-15 09:23:15,508 [INFO] Mcu:1946 - Initializing MCU STM32F103C(8-B)Tx STM32F103C8Tx STM32F103C8T6
2023-11-15 09:23:16,822 [INFO] Context:659 - Trying to add GPIOservice into a context  which must be forbidden
2023-11-15 09:23:17,208 [INFO] RtosManager:555 - Registered RTOS mode: class=CMSIS, group=RTOS, mode=CMSIS_V1, owner=FREERTOS
2023-11-15 09:23:17,208 [INFO] RtosManager:555 - Registered RTOS mode: class=CMSIS, group=RTOS2, mode=CMSIS_V2, owner=FREERTOS
2023-11-15 09:23:17,208 [INFO] RtosManager:555 - Registered RTOS mode: class=RTOS, group=Core, mode=CMSIS_V1, owner=FREERTOS
2023-11-15 09:23:17,208 [INFO] RtosManager:555 - Registered RTOS mode: class=RTOS, group=Core, mode=CMSIS_V2, owner=FREERTOS
2023-11-15 09:23:17,209 [WARN] ModelIntegratedComponent:184 - Missing modes for component STMicroelectronics:FreeRTOS:0.0.1:STMicroelectronics:RTOS:FreeRTOS:Core:::10.2.0:
2023-11-15 09:23:17,231 [WARN] ModelIntegratedComponent:63 - No mode defined for component null
2023-11-15 09:23:17,232 [WARN] ModelIntegratedComponent:63 - No mode defined for component null
2023-11-15 09:23:17,232 [WARN] ModelIntegratedComponent:63 - No mode defined for component null
2023-11-15 09:23:17,232 [WARN] ModelIntegratedComponent:63 - No mode defined for component null
2023-11-15 09:23:17,232 [WARN] ModelIntegratedComponent:63 - No mode defined for component null
2023-11-15 09:23:17,232 [WARN] ModelIntegratedComponent:63 - No mode defined for component null
2023-11-15 09:23:17,232 [WARN] ModelIntegratedComponent:63 - No mode defined for component null
2023-11-15 09:23:17,232 [WARN] ModelIntegratedComponent:63 - No mode defined for component null
2023-11-15 09:23:17,232 [WARN] ModelIntegratedComponent:63 - No mode defined for component null
2023-11-15 09:23:17,232 [WARN] ModelIntegratedComponent:63 - No mode defined for component null
2023-11-15 09:23:17,232 [WARN] ModelIntegratedComponent:63 - No mode defined for component null
2023-11-15 09:23:17,232 [WARN] ModelIntegratedComponent:63 - No mode defined for component null
2023-11-15 09:23:17,232 [WARN] ModelIntegratedComponent:63 - No mode defined for component null
2023-11-15 09:23:17,233 [WARN] ModelIntegratedComponent:63 - No mode defined for component null
2023-11-15 09:23:17,233 [WARN] ModelIntegratedComponent:63 - No mode defined for component null
2023-11-15 09:23:17,233 [WARN] ModelIntegratedComponent:63 - No mode defined for component null
2023-11-15 09:23:17,233 [WARN] ModelIntegratedComponent:63 - No mode defined for component null
2023-11-15 09:23:17,233 [WARN] ModelIntegratedComponent:63 - No mode defined for component null
2023-11-15 09:23:17,233 [WARN] ModelIntegratedComponent:63 - No mode defined for component null
2023-11-15 09:23:17,233 [WARN] ModelIntegratedComponent:63 - No mode defined for component null
2023-11-15 09:23:17,233 [WARN] ModelIntegratedComponent:63 - No mode defined for component null
2023-11-15 09:23:17,233 [WARN] ModelIntegratedComponent:63 - No mode defined for component null
2023-11-15 09:23:17,233 [WARN] ModelIntegratedComponent:63 - No mode defined for component null
2023-11-15 09:23:17,233 [WARN] ModelIntegratedComponent:63 - No mode defined for component null
2023-11-15 09:23:17,233 [WARN] ModelIntegratedComponent:63 - No mode defined for component null
2023-11-15 09:23:17,233 [WARN] ModelIntegratedComponent:63 - No mode defined for component null
2023-11-15 09:23:17,233 [WARN] ModelIntegratedComponent:63 - No mode defined for component null
2023-11-15 09:23:17,233 [WARN] ModelIntegratedComponent:63 - No mode defined for component null
2023-11-15 09:23:17,233 [WARN] ModelIntegratedComponent:63 - No mode defined for component null
2023-11-15 09:23:17,233 [WARN] ModelIntegratedComponent:63 - No mode defined for component null
2023-11-15 09:23:17,233 [WARN] ModelIntegratedComponent:63 - No mode defined for component null
2023-11-15 09:23:17,234 [WARN] ModelIntegratedComponent:63 - No mode defined for component null
2023-11-15 09:23:17,234 [WARN] ModelIntegratedComponent:63 - No mode defined for component null
2023-11-15 09:23:17,454 [INFO] ThirdPartyModel:298 - Start build external matchings
2023-11-15 09:23:17,755 [INFO] ThirdPartyModel:316 - End build external matchings
2023-11-15 09:23:17,769 [INFO] RtosManager:919 - Current active RTOS is FREERTOS [Cortex-M3NS]
2023-11-15 09:23:17,783 [INFO] ImportTextPane:194 - (OptionalMessage_ERROR) IP (RCC) : Invalid parameter (FamilyName)
2023-11-15 09:23:17,785 [INFO] ImportTextPane:194 - (OptionalMessage_ERROR) IP (RCC) : Parameter (USBFreq_Value) has invalid value (16000000)
2023-11-15 09:23:18,027 [INFO] UtilMem:75 - End LoadConfig() Used Memory: 510936520 Bytes (791674880)
2023-11-15 09:23:18,179 [INFO] ApiDb:581 - Connected to CubeFinder SQLite database (C:\Users\shady\.stmcufinder\plugins\mcufinder\mcu\cube-finder-db.db)
2023-11-15 09:23:18,336 [INFO] ApiDb:668 - CubeFinder database Data Model version=2.1
2023-11-15 09:23:18,336 [INFO] ApiDb:669 - CubeFinder database Configuration version=3.0.37
2023-11-15 09:23:18,336 [INFO] ApiDb:670 - CubeFinder database generation date=2023-10-13 (1697197505)
2023-11-15 09:23:18,336 [INFO] ApiDb:671 - CubeFinder database FW Pack versions=[FP-ATR-ASTRA1_V2.0.0, FP-SNS-FLIGHT1_V5.0.1, FP-SNS-FLIGHT1_V5.0.2, FP-SNS-MOTENV1_V4.3.1, FP-SNS-MOTENV1_V4.3.2, FP-SNS-SMARTAG2_V1.2.0, I-CUBE-ITTIADB_V8.6.3-1, STM32Cube_FW_C0_V1.1.0, STM32Cube_FW_F4_V1.27.1, STM32Cube_FW_F7_V1.17.0, STM32Cube_FW_G0_V1.6.1, STM32Cube_FW_G4_V1.5.1, STM32Cube_FW_H5_V0.5.1, STM32Cube_FW_H5_V1.1.1, STM32Cube_FW_H7_V1.11.0, STM32Cube_FW_L0_V1.12.2, STM32Cube_FW_L5_V1.5.0, STM32Cube_FW_U5_V1.3.0, STM32Cube_FW_U5_V1.3.0RC4, STM32Cube_FW_WBA_V1.0.0RC1, STM32Cube_FW_WBA_V1.1.0RC1, STM32Cube_FW_WBA_V1.1.1, STM32Cube_FW_WB_V1.15.0RC1, STM32Cube_FW_WB_V1.16.0, STM32Cube_FW_WB_V1.16.0RC2, STM32Cube_FW_WB_V1.17.3, STM32Cube_FW_WL_V1.3.0, X-CUBE-ALGOBUILD_V1.3.0, X-CUBE-ALS_V1.0.1, X-CUBE-AZRTOS-F4_V1.1.0, X-CUBE-AZRTOS-F7_V1.1.0, X-CUBE-AZRTOS-G0_V1.1.0, X-CUBE-AZRTOS-G4_V2.0.0, X-CUBE-AZRTOS-H7_V3.1.0, X-CUBE-AZRTOS-L4_V1.0.0, X-CUBE-AZRTOS-L4_V2.0.0, X-CUBE-AZRTOS-L5_V1.1.0, X-CUBE-AZRTOS-WB_V2.0.0, X-CUBE-AZRTOS-WL_V2.0.0, X-CUBE-BLE1_V7.0.0, X-CUBE-BLE2_V3.3.0, X-CUBE-BLEMGR_V2.0.0, X-CUBE-EEPRMA1_V4.1.0, X-CUBE-FREERTOS_V1.1.0, X-CUBE-GNSS1_V6.0.0, X-CUBE-MEMS1_V10.0.0, X-CUBE-MEMS1_V9.1.0, X-CUBE-MEMS1_V9.4.0, X-CUBE-MEMS1_V9.6.0, X-CUBE-NFC4_V3.0.0, X-CUBE-NFC7_V1.0.1, X-CUBE-SFXS2LP1_V4.0.0, X-CUBE-SUBG2_V5.0.0, X-CUBE-TOF1_V3.3.1]
2023-11-15 09:23:21,230 [INFO] ApiDb:240 - Found 323 in-development CPN: [B-G473E-ZEST1S, B-WB1M-WPAN1, B-WL5M-SUBG1, NUCLEO-C031C6, NUCLEO-H503RB, NUCLEO-H563ZI, NUCLEO-U545RE-Q, NUCLEO-U5A5ZJ-Q, NUCLEO-WBA52CG, STEVAL-PROTEUS1, STEVAL-SMARTAG2, STEVAL-STWINBX1, STM320518-EVAL, STM32C0116-DK, STM32C011D6Y3TR, STM32C011D6Y6TR, STM32C011F4P3, STM32C011F4P6, STM32C011F4U3, STM32C011F4U6TR, STM32C011F6P3, STM32C011F6P6, STM32C011F6U3, STM32C011F6U6TR, STM32C011J4M3, STM32C011J4M6, STM32C011J6M3, STM32C011J6M6, STM32C0316-DK, STM32C031C4T3, STM32C031C4T6, STM32C031C4U3, STM32C031C4U6, STM32C031C6T3, STM32C031C6T6, STM32C031C6U3, STM32C031C6U6, STM32C031F4P3, STM32C031F4P6, STM32C031F6P3, STM32C031F6P6, STM32C031G4U3, STM32C031G4U6, STM32C031G6U3, STM32C031G6U6, STM32C031K4T3, STM32C031K4T6, STM32C031K4U3, STM32C031K4U6, STM32C031K6T3, STM32C031K6T6, STM32C031K6U3, STM32C031K6U6, STM32G071K8TXN, STM32G071K8UXN, STM32G081GBU6N, STM32G081KBT6N, STM32G081KBUXN, STM32G0B1CCT6N, STM32G0B1KCT6, STM32G0B1NEY6TR, STM32G0B1RCT6N, STM32G0C1CCT6, STM32G0C1CCT6N, STM32G0C1CCU6N, STM32G0C1CET6N, STM32G0C1CEU6N, STM32G0C1KCT6, STM32G0C1NEY6TR, STM32G0C1RCI6N, STM32G0C1RCT6N, STM32G0C1REI6N, STM32G0C1RET6N, STM32G0C1VCI6, STM32G0C1VEI6, STM32G471CCT6, STM32G471CCU6, STM32G471CET3, STM32G471CET6, STM32G471CEU3, STM32G471CEU6, STM32G471MCT6, STM32G471MET3, STM32G471MET6, STM32G471MEY6TR, STM32G471QCT6, STM32G471QET3, STM32G471RCT6, STM32G471RET3, STM32G471RET6, STM32G471VCH6, STM32G471VCI6, STM32G471VCT6, STM32G471VEH3, STM32G471VEH6, STM32G471VEI3, STM32G471VEI6, STM32G471VET3, STM32G471VET6, STM32G474CCT6, STM32H503CBT6, STM32H503CBU6, STM32H503EBY6TR, STM32H503KBU6, STM32H503RBT6, STM32H562AGI6, STM32H562AII6, STM32H562IGK6, STM32H562IGT6, STM32H562IIK6, STM32H562IIT6, STM32H562RGT6, STM32H562RGV6, STM32H562RIT6, STM32H562RIV6, STM32H562VGT6, STM32H562VIT6, STM32H562ZGT6, STM32H562ZIT6, STM32H563AGI6, STM32H563AII3Q, STM32H563AII6, STM32H563IGK6, STM32H563IGT6, STM32H563IIK3Q, STM32H563IIK6, STM32H563IIT3Q, STM32H563IIT6, STM32H563MIY3QTR, STM32H563RGT6, STM32H563RGV6, STM32H563RIT6, STM32H563RIV6, STM32H563VGT6, STM32H563VIT3Q, STM32H563VIT6, STM32H563ZGT6, STM32H563ZIT3Q, STM32H563ZIT6, STM32H573AII3Q, STM32H573AII6, STM32H573I-DK, STM32H573IIK3Q, STM32H573IIK6, STM32H573IIT3Q, STM32H573IIT6, STM32H573MIY3QTR, STM32H573RIT6, STM32H573RIV6, STM32H573VIT3Q, STM32H573VIT6, STM32H573ZIT3Q, STM32H573ZIT6, STM32L4R5QGI6STR, STM32MP131AAE3, STM32MP131AAF3, STM32MP131AAG3, STM32MP131CAE3, STM32MP131CAF3, STM32MP131CAG3, STM32MP131DAE7, STM32MP131DAF7, STM32MP131DAG7, STM32MP131FAE7, STM32MP131FAF7, STM32MP131FAG7, STM32MP133AAE3, STM32MP133AAF3, STM32MP133AAG3, STM32MP133CAE3, STM32MP133CAF3, STM32MP133CAG3, STM32MP133DAE7, STM32MP133DAF7, STM32MP133DAG7, STM32MP133FAE7, STM32MP133FAF7, STM32MP133FAG7, STM32MP135AAE3, STM32MP135AAF3, STM32MP135AAG3, STM32MP135CAE3, STM32MP135CAF3, STM32MP135CAG3, STM32MP135DAE7, STM32MP135DAF7, STM32MP135DAG7, STM32MP135F-DK, STM32MP135FAE7, STM32MP135FAF7, STM32MP135FAF7T, STM32MP135FAF7U, STM32MP135FAG7, STM32U535CBT6, STM32U535CBT6Q, STM32U535CBU6, STM32U535CBU6Q, STM32U535CCT6, STM32U535CCT6Q, STM32U535CCU6, STM32U535CCU6Q, STM32U535CET6, STM32U535CET6Q, STM32U535CEU6, STM32U535CEU6Q, STM32U535JEY6QTR, STM32U535NCY6QTR, STM32U535NEY6QTR, STM32U535RBI6, STM32U535RBI6Q, STM32U535RBT6, STM32U535RBT6Q, STM32U535RCI6, STM32U535RCI6Q, STM32U535RCT6, STM32U535RCT6Q, STM32U535REI6, STM32U535REI6Q, STM32U535RET6, STM32U535RET6Q, STM32U535VCI6, STM32U535VCI6Q, STM32U535VCT6, STM32U535VCT6Q, STM32U535VEI6, STM32U535VEI6Q, STM32U535VET6, STM32U535VET6Q, STM32U545CET6, STM32U545CET6Q, STM32U545CEU6, STM32U545CEU6Q, STM32U545JEY6QTR, STM32U545NEY6QTR, STM32U545REI6, STM32U545REI6Q, STM32U545RET6, STM32U545RET6Q, STM32U545VEI6, STM32U545VEI6Q, STM32U545VET6, STM32U545VET6Q, STM32U595AIH6, STM32U595AIH6Q, STM32U595AJH6, STM32U595AJH6Q, STM32U595QII6, STM32U595QII6Q, STM32U595QJI6, STM32U595QJI6Q, STM32U595RIT6, STM32U595RIT6Q, STM32U595RJT6, STM32U595RJT6Q, STM32U595VIT6, STM32U595VIT6Q, STM32U595VJT6, STM32U595VJT6Q, STM32U595ZIT6, STM32U595ZIT6Q, STM32U595ZIY6QTR, STM32U595ZJT6, STM32U595ZJT6Q, STM32U595ZJY6QTR, STM32U599BJY6QTR, STM32U599NIH6Q, STM32U599NJH6Q, STM32U599VIT6Q, STM32U599VJT6, STM32U599VJT6Q, STM32U599ZIT6Q, STM32U599ZIY6QTR, STM32U599ZJT6Q, STM32U599ZJY6QTR, STM32U5A5AJH6, STM32U5A5AJH6Q, STM32U5A5QJI6, STM32U5A5QJI6Q, STM32U5A5RJT6, STM32U5A5RJT6Q, STM32U5A5VJT6, STM32U5A5VJT6Q, STM32U5A5ZJT6, STM32U5A5ZJT6Q, STM32U5A5ZJY6QTR, STM32U5A9BJY6QTR, STM32U5A9J-DK, STM32U5A9NJH6Q, STM32U5A9VJT6Q, STM32U5A9ZJT6Q, STM32U5A9ZJY6QTR, STM32U5F7VIT6, STM32U5F7VIT6Q, STM32U5F7VJT6, STM32U5F7VJT6Q, STM32U5F9BJY6QTR, STM32U5F9NJH6Q, STM32U5F9VIT6Q, STM32U5F9VJT6Q, STM32U5F9ZIJ6QTR, STM32U5F9ZIT6Q, STM32U5F9ZJJ6QTR, STM32U5F9ZJT6Q, STM32U5G7VJT6, STM32U5G7VJT6Q, STM32U5G9BJY6QTR, STM32U5G9J-DK1, STM32U5G9J-DK2, STM32U5G9NJH6Q, STM32U5G9VJT6Q, STM32U5G9ZJJ6QTR, STM32U5G9ZJT6Q, STM32WB1MMCH6, STM32WBA52CEU6, STM32WBA52CEU6T, STM32WBA52CGU6, STM32WBA52CGU6T, STM32WBA52KEU6, STM32WBA52KEU6T, STM32WBA52KGU6, STM32WBA52KGU6T, STM32WL5MOCH6, STM32WL5MOCH6TR]
2023-11-15 09:23:21,235 [INFO] DbMcus:217 - Found 3848 MCUs, 3848 are supported
2023-11-15 09:23:21,237 [INFO] ApiDb:423 - Load user favorites file C:\Users\shady/.stm32cubeide/favorites.mcus.txt: 0 item(s)
2023-11-15 09:23:21,237 [INFO] ApiDb:427 - User favorites MCUs=[]
2023-11-15 09:23:21,237 [INFO] DbMcus:223 - Set 0 / 0 favorites MCUs
2023-11-15 09:23:21,636 [WARN] ThirdParty:833 - waiting for thirdparty lock release [change project]
2023-11-15 09:23:21,636 [INFO] ThirdParty:835 - entering critical section [change project]
2023-11-15 09:23:21,636 [INFO] ThirdParty:1030 - CMSIS Pack Vendor :STMicroelectronics X-CUBE-ISPU 1.1.0
2023-11-15 09:23:21,636 [INFO] ThirdParty:1030 - CMSIS Pack Vendor :STMicroelectronics USBPD 4.1
2023-11-15 09:23:21,636 [INFO] ThirdParty:1030 - CMSIS Pack Vendor :STMicroelectronics X-CUBE-GNSS1 6.0.0
2023-11-15 09:23:21,636 [INFO] ThirdParty:1030 - CMSIS Pack Vendor :STMicroelectronics USB_HOST 2.0.0
2023-11-15 09:23:21,636 [INFO] ThirdParty:1030 - CMSIS Pack Vendor :STMicroelectronics X-CUBE-AZRTOS-F4 1.1.0
2023-11-15 09:23:21,636 [INFO] ThirdParty:1030 - CMSIS Pack Vendor :STMicroelectronics LIBJPEG 8.0.0
2023-11-15 09:23:21,636 [INFO] ThirdParty:1030 - CMSIS Pack Vendor :wolfSSL I-CUBE-wolfSSL 5.6.3
2023-11-15 09:23:21,636 [INFO] ThirdParty:1030 - CMSIS Pack Vendor :STMicroelectronics X-CUBE-SMBUS 2.1.0
2023-11-15 09:23:21,636 [INFO] ThirdParty:1030 - CMSIS Pack Vendor :STMicroelectronics USB_DEVICE 3.0.0
2023-11-15 09:23:21,636 [INFO] ThirdParty:1030 - CMSIS Pack Vendor :STMicroelectronics X-CUBE-AZRTOS-WB 2.0.0
2023-11-15 09:23:21,637 [INFO] ThirdParty:1030 - CMSIS Pack Vendor :STMicroelectronics X-CUBE-AZRTOS-F7 1.1.0
2023-11-15 09:23:21,637 [INFO] ThirdParty:1030 - CMSIS Pack Vendor :STMicroelectronics X-CUBE-AZRTOS-L5 2.0.0
2023-11-15 09:23:21,637 [INFO] ThirdParty:1030 - CMSIS Pack Vendor :STMicroelectronics USB_DEVICE 2.0.0
2023-11-15 09:23:21,637 [INFO] ThirdParty:1030 - CMSIS Pack Vendor :STMicroelectronics X-CUBE-EEPRMA1 4.2.0
2023-11-15 09:23:21,637 [INFO] ThirdParty:1030 - CMSIS Pack Vendor :ITTIA_DB I-CUBE-ITTIADB 8.8.0
2023-11-15 09:23:21,637 [INFO] ThirdParty:1030 - CMSIS Pack Vendor :STMicroelectronics FP-SNS-MOTENV1 4.3.2
2023-11-15 09:23:21,637 [INFO] ThirdParty:1030 - CMSIS Pack Vendor :STMicroelectronics X-CUBE-ALGOBUILD 1.3.0
2023-11-15 09:23:21,637 [INFO] ThirdParty:1030 - CMSIS Pack Vendor :STMicroelectronics FreeRTOS 0.0.1
2023-11-15 09:23:21,637 [INFO] ThirdParty:1030 - CMSIS Pack Vendor :STMicroelectronics X-CUBE-AZRTOS-G0 1.1.0
2023-11-15 09:23:21,637 [INFO] ThirdParty:1030 - CMSIS Pack Vendor :STMicroelectronics X-CUBE-NFC4 3.0.0
2023-11-15 09:23:21,637 [INFO] ThirdParty:1030 - CMSIS Pack Vendor :STMicroelectronics X-CUBE-SUBG2 5.0.0
2023-11-15 09:23:21,637 [INFO] ThirdParty:1030 - CMSIS Pack Vendor :STMicroelectronics STM32_WPAN 1.0.0
2023-11-15 09:23:21,637 [INFO] ThirdParty:1030 - CMSIS Pack Vendor :STMicroelectronics lwIP 2.0.3
2023-11-15 09:23:21,637 [INFO] ThirdParty:1030 - CMSIS Pack Vendor :STMicroelectronics FP-SNS-FLIGHT1 5.0.2
2023-11-15 09:23:21,637 [INFO] ThirdParty:1030 - CMSIS Pack Vendor :STMicroelectronics USB_HOST 1.0.0
2023-11-15 09:23:21,637 [INFO] ThirdParty:1030 - CMSIS Pack Vendor :STMicroelectronics X-CUBE-TOF1 3.3.1
2023-11-15 09:23:21,637 [INFO] ThirdParty:1030 - CMSIS Pack Vendor :STMicroelectronics X-CUBE-AZRTOS-G4 2.0.0
2023-11-15 09:23:21,637 [INFO] ThirdParty:1030 - CMSIS Pack Vendor :STMicroelectronics PDM2PCM 3.1.0
2023-11-15 09:23:21,637 [INFO] ThirdParty:1030 - CMSIS Pack Vendor :STMicroelectronics X-CUBE-AZRTOS-H7 3.1.0
2023-11-15 09:23:21,638 [INFO] ThirdParty:1030 - CMSIS Pack Vendor :Infineon AIROC-Wi-Fi-Bluetooth-STM32 1.5.1
2023-11-15 09:23:21,638 [INFO] ThirdParty:1030 - CMSIS Pack Vendor :STMicroelectronics X-CUBE-BLEMGR 3.0.0
2023-11-15 09:23:21,638 [INFO] ThirdParty:1030 - CMSIS Pack Vendor :STMicroelectronics PDM2PCM 3.3.0
2023-11-15 09:23:21,638 [INFO] ThirdParty:1030 - CMSIS Pack Vendor :STMicroelectronics X-CUBE-DISPLAY 3.0.0
2023-11-15 09:23:21,638 [INFO] ThirdParty:1030 - CMSIS Pack Vendor :STMicroelectronics FP-SNS-MOTENVWB1 1.3.0
2023-11-15 09:23:21,638 [INFO] ThirdParty:1030 - CMSIS Pack Vendor :STMicroelectronics X-CUBE-BLE1 7.0.0
2023-11-15 09:23:21,638 [INFO] ThirdParty:1030 - CMSIS Pack Vendor :STMicroelectronics FP-ATR-SIGFOX1 3.2.0
2023-11-15 09:23:21,638 [INFO] ThirdParty:1030 - CMSIS Pack Vendor :STMicroelectronics HAL Drivers 0.0.0
2023-11-15 09:23:21,638 [INFO] ThirdParty:1030 - CMSIS Pack Vendor :STMicroelectronics MBEDTLS 2.16.2
2023-11-15 09:23:21,638 [INFO] ThirdParty:1030 - CMSIS Pack Vendor :emotas I-CUBE-CANOPEN 1.3.0
2023-11-15 09:23:21,638 [INFO] ThirdParty:1030 - CMSIS Pack Vendor :STMicroelectronics X-CUBE-MEMS1 10.0.0
2023-11-15 09:23:21,638 [INFO] ThirdParty:1030 - CMSIS Pack Vendor :STMicroelectronics X-CUBE-FREERTOS 1.1.0
2023-11-15 09:23:21,638 [INFO] ThirdParty:1030 - CMSIS Pack Vendor :STMicroelectronics X-CUBE-NFC7 1.0.1
2023-11-15 09:23:21,638 [INFO] ThirdParty:1030 - CMSIS Pack Vendor :STMicroelectronics MBEDTLS 2.14.1
2023-11-15 09:23:21,638 [INFO] ThirdParty:1030 - CMSIS Pack Vendor :STMicroelectronics X-CUBE-TOUCHGFX 4.22.1
2023-11-15 09:23:21,638 [INFO] ThirdParty:1030 - CMSIS Pack Vendor :STMicroelectronics X-CUBE-NFC6 3.0.0
2023-11-15 09:23:21,638 [INFO] ThirdParty:1030 - CMSIS Pack Vendor :portGmbH I-Cube-SoM-uGOAL 1.1.0
2023-11-15 09:23:21,638 [INFO] ThirdParty:1030 - CMSIS Pack Vendor :STMicroelectronics X-CUBE-ALS 1.0.1
2023-11-15 09:23:21,639 [INFO] ThirdParty:1030 - CMSIS Pack Vendor :STMicroelectronics ThreadX 1.0.0
2023-11-15 09:23:21,639 [INFO] ThirdParty:1030 - CMSIS Pack Vendor :STMicroelectronics FP-SNS-SMARTAG2 1.2.0
2023-11-15 09:23:21,639 [INFO] ThirdParty:1030 - CMSIS Pack Vendor :STMicroelectronics X-CUBE-AZRTOS-WL 2.0.0
2023-11-15 09:23:21,639 [INFO] ThirdParty:1030 - CMSIS Pack Vendor :STMicroelectronics USB_DEVICE 1.0.0
2023-11-15 09:23:21,639 [INFO] ThirdParty:1030 - CMSIS Pack Vendor :STMicroelectronics X-CUBE-AI 8.1.0
2023-11-15 09:23:21,639 [INFO] ThirdParty:1030 - CMSIS Pack Vendor :STMicroelectronics X-CUBE-AZRTOS-L4 2.0.0
2023-11-15 09:23:21,639 [INFO] ThirdParty:1030 - CMSIS Pack Vendor :STMicroelectronics ThreadX 0.0.2
2023-11-15 09:23:21,639 [INFO] ThirdParty:1030 - CMSIS Pack Vendor :WES I-CUBE-Cesium 1.3.0
2023-11-15 09:23:21,639 [INFO] ThirdParty:1030 - CMSIS Pack Vendor :STMicroelectronics FP-ATR-ASTRA1 2.0.0
2023-11-15 09:23:21,639 [INFO] ThirdParty:1030 - CMSIS Pack Vendor :STMicroelectronics lwIP 2.1.2
2023-11-15 09:23:21,639 [INFO] ThirdParty:1030 - CMSIS Pack Vendor :STMicroelectronics X-CUBE-SFXS2LP1 4.0.0
2023-11-15 09:23:21,640 [INFO] ThirdParty:1030 - CMSIS Pack Vendor :STMicroelectronics X-CUBE-BLE2 3.3.0
2023-11-15 09:23:21,640 [INFO] ThirdParty:1030 - CMSIS Pack Vendor :STMicroelectronics PDM2PCM 3.2.0
2023-11-15 09:23:21,640 [INFO] ThirdParty:841 - exiting critical section [change project]
2023-11-15 09:23:22,111 [INFO] PinOutPanel:1499 - setPackage(No Configuration,No Configuration)
2023-11-15 09:23:22,115 [INFO] PinOutPanel:1499 - setPackage(STM32F103C8Tx,LQFP48)
2023-11-15 09:23:22,967 [INFO] UtilMem:75 - Before build in PCC Used Memory: 440108528 Bytes (803209216)
2023-11-15 09:23:23,992 [INFO] UtilMem:75 - After build in PCC Used Memory: 617747152 Bytes (803209216)
2023-11-15 09:23:24,213 [INFO] ApiDbMcu:507 - Load IP Config File for FREERTOS
2023-11-15 09:23:24,274 [INFO] IPUIPlugin:80 - create IPUIPlugin
2023-11-15 09:23:24,276 [INFO] IPUIPlugin:80 - create IPUIPlugin
2023-11-15 09:23:24,277 [INFO] IPUIPlugin:80 - create IPUIPlugin
2023-11-15 09:23:24,277 [INFO] IPUIPlugin:80 - create IPUIPlugin
2023-11-15 09:23:24,277 [INFO] IPUIPlugin:80 - create IPUIPlugin
2023-11-15 09:23:24,278 [INFO] IPUIPlugin:80 - create IPUIPlugin
2023-11-15 09:23:24,278 [INFO] IPUIPlugin:80 - create IPUIPlugin
2023-11-15 09:23:24,278 [INFO] IPUIPlugin:80 - create IPUIPlugin
2023-11-15 09:23:24,278 [INFO] IPUIPlugin:80 - create IPUIPlugin
2023-11-15 09:23:24,278 [INFO] IPUIPlugin:80 - create IPUIPlugin
2023-11-15 09:23:24,279 [INFO] IPUIPlugin:80 - create IPUIPlugin
2023-11-15 09:23:24,279 [INFO] IPUIPlugin:80 - create IPUIPlugin
2023-11-15 09:23:24,279 [INFO] IPUIPlugin:80 - create IPUIPlugin
2023-11-15 09:23:24,279 [INFO] IPUIPlugin:80 - create IPUIPlugin
2023-11-15 09:23:24,280 [INFO] IPUIPlugin:80 - create IPUIPlugin
2023-11-15 09:23:24,280 [INFO] IPUIPlugin:80 - create IPUIPlugin
2023-11-15 09:23:24,281 [INFO] IPUIPlugin:80 - create IPUIPlugin
2023-11-15 09:23:24,281 [INFO] IPUIPlugin:80 - create IPUIPlugin
2023-11-15 09:23:24,282 [INFO] IPUIPlugin:80 - create IPUIPlugin
2023-11-15 09:23:24,282 [INFO] IPUIPlugin:80 - create IPUIPlugin
2023-11-15 09:23:24,282 [INFO] IPUIPlugin:80 - create IPUIPlugin
2023-11-15 09:23:24,283 [INFO] IPUIPlugin:80 - create IPUIPlugin
2023-11-15 09:23:24,283 [INFO] IPUIPlugin:80 - create IPUIPlugin
2023-11-15 09:23:24,284 [INFO] IPUIPlugin:80 - create IPUIPlugin
2023-11-15 09:23:24,284 [INFO] IPUIPlugin:80 - create IPUIPlugin
2023-11-15 09:23:24,285 [INFO] IPUIPlugin:80 - create IPUIPlugin
2023-11-15 09:23:24,285 [INFO] IPUIPlugin:80 - create IPUIPlugin
2023-11-15 09:23:24,345 [WARN] FreeRTOS:1023 - Null or empty value: should not occur! (nothing added to the table)
2023-11-15 09:23:24,744 [INFO] CADModel:165 - CPN selected for project levelSTM32F103C8T6
2023-11-15 09:23:24,744 [INFO] CADModel:114 - Register for checkConnection events
2023-11-15 09:23:24,748 [INFO] RtosManager:697 - Active RTOS found at IOC load: FREERTOS [Cortex-M3NS]
2023-11-15 09:23:24,789 [INFO] OpenFileManager:328 - Restore cursor
2023-11-15 09:24:34,221 [INFO] UtilMem:75 - End SaveConfig() Used Memory: 312278720 Bytes (694157312)
2023-11-15 09:24:34,390 [INFO] UtilMem:75 - End SaveConfig() Used Memory: 342281840 Bytes (694157312)
2023-11-15 09:24:34,610 [INFO] UtilMem:75 - End SaveConfig() Used Memory: 271278304 Bytes (694157312)
2023-11-15 09:24:35,211 [INFO] BlockDiagram:2759 - set Specific Code input for plugin: SPI
2023-11-15 09:24:35,211 [INFO] BlockDiagram:2759 - set Specific Code input for plugin: NVIC
2023-11-15 09:24:35,212 [INFO] BlockDiagram:2759 - set Specific Code input for plugin: FREERTOS
2023-11-15 09:24:35,212 [INFO] BlockDiagram:2759 - set Specific Code input for plugin: SYS
2023-11-15 09:24:35,212 [INFO] BlockDiagram:2759 - set Specific Code input for plugin: GPIO
2023-11-15 09:24:35,213 [INFO] BlockDiagram:2759 - set Specific Code input for plugin: RCC
2023-11-15 09:24:35,214 [INFO] CodeGenerator:799 - code generatio: config db path: C:\ST\STM32CubeIDE_1.13.2\STM32CubeIDE\plugins\com.st.stm32cube.common.mx_6.9.2.202309101412\\db\
2023-11-15 09:24:35,962 [INFO] CodeEngine:255 - oldGeneratedFile, D:\Codes\Projects\Communication_Protocols\SPI\Node_1\MXTmpFiles\license.tmp_save
2023-11-15 09:24:36,643 [INFO] CodeEngine:279 - Generated code: D:\Codes\Projects\Communication_Protocols\SPI\Node_1\MXTmpFiles\license.tmp
2023-11-15 09:24:36,806 [INFO] CodeEngine:255 - oldGeneratedFile, D:\Codes\Projects\Communication_Protocols\SPI\Node_1\Core\Src\gpio.c_save
2023-11-15 09:24:36,995 [INFO] CodeEngine:279 - Generated code: D:\Codes\Projects\Communication_Protocols\SPI\Node_1\Core\Src\gpio.c
2023-11-15 09:24:37,020 [INFO] CodeEngine:255 - oldGeneratedFile, D:\Codes\Projects\Communication_Protocols\SPI\Node_1\Core\Inc\gpio.h_save
2023-11-15 09:24:37,140 [INFO] CodeEngine:279 - Generated code: D:\Codes\Projects\Communication_Protocols\SPI\Node_1\Core\Inc\gpio.h
2023-11-15 09:24:37,294 [INFO] Middleware:1439 - No code input for Bsp Dependency
2023-11-15 09:24:37,309 [INFO] CodeEngine:255 - oldGeneratedFile, D:\Codes\Projects\Communication_Protocols\SPI\Node_1\MXTmpFiles\rtos_inc.tmp_save
2023-11-15 09:24:37,425 [INFO] CodeEngine:279 - Generated code: D:\Codes\Projects\Communication_Protocols\SPI\Node_1\MXTmpFiles\rtos_inc.tmp
2023-11-15 09:24:37,435 [INFO] CodeEngine:255 - oldGeneratedFile, D:\Codes\Projects\Communication_Protocols\SPI\Node_1\MXTmpFiles\rtos_kernelInit.tmp_save
2023-11-15 09:24:37,521 [INFO] CodeEngine:279 - Generated code: D:\Codes\Projects\Communication_Protocols\SPI\Node_1\MXTmpFiles\rtos_kernelInit.tmp
2023-11-15 09:24:37,536 [INFO] CodeEngine:255 - oldGeneratedFile, D:\Codes\Projects\Communication_Protocols\SPI\Node_1\MXTmpFiles\rtos_kernelStart.tmp_save
2023-11-15 09:24:37,606 [INFO] CodeEngine:279 - Generated code: D:\Codes\Projects\Communication_Protocols\SPI\Node_1\MXTmpFiles\rtos_kernelStart.tmp
2023-11-15 09:24:37,616 [INFO] CodeEngine:255 - oldGeneratedFile, D:\Codes\Projects\Communication_Protocols\SPI\Node_1\MXTmpFiles\rtos_typedefs.tmp_save
2023-11-15 09:24:37,682 [INFO] CodeEngine:279 - Generated code: D:\Codes\Projects\Communication_Protocols\SPI\Node_1\MXTmpFiles\rtos_typedefs.tmp
2023-11-15 09:24:37,692 [INFO] CodeEngine:255 - oldGeneratedFile, D:\Codes\Projects\Communication_Protocols\SPI\Node_1\MXTmpFiles\rtos_vars.tmp_save
2023-11-15 09:24:37,768 [INFO] CodeEngine:279 - Generated code: D:\Codes\Projects\Communication_Protocols\SPI\Node_1\MXTmpFiles\rtos_vars.tmp
2023-11-15 09:24:37,778 [INFO] CodeEngine:255 - oldGeneratedFile, D:\Codes\Projects\Communication_Protocols\SPI\Node_1\MXTmpFiles\rtos_pfp.tmp_save
2023-11-15 09:24:37,847 [INFO] CodeEngine:279 - Generated code: D:\Codes\Projects\Communication_Protocols\SPI\Node_1\MXTmpFiles\rtos_pfp.tmp
2023-11-15 09:24:37,857 [INFO] CodeEngine:255 - oldGeneratedFile, D:\Codes\Projects\Communication_Protocols\SPI\Node_1\MXTmpFiles\rtos_obj_creat.tmp_save
2023-11-15 09:24:37,938 [INFO] CodeEngine:279 - Generated code: D:\Codes\Projects\Communication_Protocols\SPI\Node_1\MXTmpFiles\rtos_obj_creat.tmp
2023-11-15 09:24:37,948 [INFO] CodeEngine:255 - oldGeneratedFile, D:\Codes\Projects\Communication_Protocols\SPI\Node_1\MXTmpFiles\rtos_default_thread.tmp_save
2023-11-15 09:24:38,018 [INFO] CodeEngine:279 - Generated code: D:\Codes\Projects\Communication_Protocols\SPI\Node_1\MXTmpFiles\rtos_default_thread.tmp
2023-11-15 09:24:38,027 [INFO] CodeEngine:255 - oldGeneratedFile, D:\Codes\Projects\Communication_Protocols\SPI\Node_1\MXTmpFiles\rtos_threads.tmp_save
2023-11-15 09:24:38,101 [INFO] CodeEngine:279 - Generated code: D:\Codes\Projects\Communication_Protocols\SPI\Node_1\MXTmpFiles\rtos_threads.tmp
2023-11-15 09:24:38,112 [INFO] Middleware:1439 - No code input for Bsp Dependency
2023-11-15 09:24:38,120 [INFO] CodeEngine:255 - oldGeneratedFile, D:\Codes\Projects\Communication_Protocols\SPI\Node_1\MXTmpFiles\rtos_inc.tmp_save
2023-11-15 09:24:38,208 [INFO] CodeEngine:279 - Generated code: D:\Codes\Projects\Communication_Protocols\SPI\Node_1\MXTmpFiles\rtos_inc.tmp
2023-11-15 09:24:38,212 [INFO] CodeEngine:255 - oldGeneratedFile, D:\Codes\Projects\Communication_Protocols\SPI\Node_1\MXTmpFiles\rtos_kernelInit.tmp_save
2023-11-15 09:24:38,267 [INFO] CodeEngine:279 - Generated code: D:\Codes\Projects\Communication_Protocols\SPI\Node_1\MXTmpFiles\rtos_kernelInit.tmp
2023-11-15 09:24:38,271 [INFO] CodeEngine:255 - oldGeneratedFile, D:\Codes\Projects\Communication_Protocols\SPI\Node_1\MXTmpFiles\rtos_kernelStart.tmp_save
2023-11-15 09:24:38,330 [INFO] CodeEngine:279 - Generated code: D:\Codes\Projects\Communication_Protocols\SPI\Node_1\MXTmpFiles\rtos_kernelStart.tmp
2023-11-15 09:24:38,334 [INFO] CodeEngine:255 - oldGeneratedFile, D:\Codes\Projects\Communication_Protocols\SPI\Node_1\MXTmpFiles\rtos_typedefs.tmp_save
2023-11-15 09:24:38,393 [INFO] CodeEngine:279 - Generated code: D:\Codes\Projects\Communication_Protocols\SPI\Node_1\MXTmpFiles\rtos_typedefs.tmp
2023-11-15 09:24:38,405 [INFO] CodeEngine:255 - oldGeneratedFile, D:\Codes\Projects\Communication_Protocols\SPI\Node_1\MXTmpFiles\rtos_vars.tmp_save
2023-11-15 09:24:38,484 [INFO] CodeEngine:279 - Generated code: D:\Codes\Projects\Communication_Protocols\SPI\Node_1\MXTmpFiles\rtos_vars.tmp
2023-11-15 09:24:38,488 [INFO] CodeEngine:255 - oldGeneratedFile, D:\Codes\Projects\Communication_Protocols\SPI\Node_1\MXTmpFiles\rtos_pfp.tmp_save
2023-11-15 09:24:38,546 [INFO] CodeEngine:279 - Generated code: D:\Codes\Projects\Communication_Protocols\SPI\Node_1\MXTmpFiles\rtos_pfp.tmp
2023-11-15 09:24:38,558 [INFO] CodeEngine:255 - oldGeneratedFile, D:\Codes\Projects\Communication_Protocols\SPI\Node_1\MXTmpFiles\rtos_obj_creat.tmp_save
2023-11-15 09:24:38,627 [INFO] CodeEngine:279 - Generated code: D:\Codes\Projects\Communication_Protocols\SPI\Node_1\MXTmpFiles\rtos_obj_creat.tmp
2023-11-15 09:24:38,632 [INFO] CodeEngine:255 - oldGeneratedFile, D:\Codes\Projects\Communication_Protocols\SPI\Node_1\MXTmpFiles\rtos_default_thread.tmp_save
2023-11-15 09:24:38,688 [INFO] CodeEngine:279 - Generated code: D:\Codes\Projects\Communication_Protocols\SPI\Node_1\MXTmpFiles\rtos_default_thread.tmp
2023-11-15 09:24:38,692 [INFO] CodeEngine:255 - oldGeneratedFile, D:\Codes\Projects\Communication_Protocols\SPI\Node_1\MXTmpFiles\rtos_threads.tmp_save
2023-11-15 09:24:38,747 [INFO] CodeEngine:279 - Generated code: D:\Codes\Projects\Communication_Protocols\SPI\Node_1\MXTmpFiles\rtos_threads.tmp
2023-11-15 09:24:38,775 [INFO] CodeEngine:255 - oldGeneratedFile, D:\Codes\Projects\Communication_Protocols\SPI\Node_1\Core\Inc\FreeRTOSConfig.h_save
2023-11-15 09:24:38,875 [INFO] CodeEngine:279 - Generated code: D:\Codes\Projects\Communication_Protocols\SPI\Node_1\Core\Inc\FreeRTOSConfig.h
2023-11-15 09:24:38,895 [INFO] CodeEngine:255 - oldGeneratedFile, D:\Codes\Projects\Communication_Protocols\SPI\Node_1\Core\Src\freertos.c_save
2023-11-15 09:24:39,033 [INFO] CodeEngine:279 - Generated code: D:\Codes\Projects\Communication_Protocols\SPI\Node_1\Core\Src\freertos.c
2023-11-15 09:24:39,060 [INFO] CodeEngine:255 - oldGeneratedFile, D:\Codes\Projects\Communication_Protocols\SPI\Node_1\Core\Src\spi.c_save
2023-11-15 09:24:39,255 [INFO] CodeEngine:279 - Generated code: D:\Codes\Projects\Communication_Protocols\SPI\Node_1\Core\Src\spi.c
2023-11-15 09:24:39,279 [INFO] CodeEngine:255 - oldGeneratedFile, D:\Codes\Projects\Communication_Protocols\SPI\Node_1\Core\Inc\spi.h_save
2023-11-15 09:24:39,374 [INFO] CodeEngine:279 - Generated code: D:\Codes\Projects\Communication_Protocols\SPI\Node_1\Core\Inc\spi.h
2023-11-15 09:24:39,400 [INFO] CodeEngine:255 - oldGeneratedFile, D:\Codes\Projects\Communication_Protocols\SPI\Node_1\Core\Src\stm32f1xx_it.c_save
2023-11-15 09:24:39,509 [INFO] CodeEngine:279 - Generated code: D:\Codes\Projects\Communication_Protocols\SPI\Node_1\Core\Src\stm32f1xx_it.c
2023-11-15 09:24:39,526 [INFO] CodeEngine:255 - oldGeneratedFile, D:\Codes\Projects\Communication_Protocols\SPI\Node_1\Core\Inc\stm32f1xx_it.h_save
2023-11-15 09:24:39,606 [INFO] CodeEngine:279 - Generated code: D:\Codes\Projects\Communication_Protocols\SPI\Node_1\Core\Inc\stm32f1xx_it.h
2023-11-15 09:24:39,645 [INFO] CodeEngine:255 - oldGeneratedFile, D:\Codes\Projects\Communication_Protocols\SPI\Node_1\Core\Src\stm32f1xx_hal_msp.c_save
2023-11-15 09:24:39,758 [INFO] CodeEngine:279 - Generated code: D:\Codes\Projects\Communication_Protocols\SPI\Node_1\Core\Src\stm32f1xx_hal_msp.c
2023-11-15 09:24:39,767 [INFO] CodeEngine:255 - oldGeneratedFile, D:\Codes\Projects\Communication_Protocols\SPI\Node_1\MXTmpFiles\system.tmp_save
2023-11-15 09:24:39,846 [INFO] CodeEngine:279 - Generated code: D:\Codes\Projects\Communication_Protocols\SPI\Node_1\MXTmpFiles\system.tmp
2023-11-15 09:24:39,873 [INFO] CodeEngine:311 - oldGeneratedFile, D:\Codes\Projects\Communication_Protocols\SPI\Node_1\Core\Inc\stm32f1xx_hal_conf.h_save
2023-11-15 09:24:39,970 [INFO] CodeEngine:335 - Generated code: D:\Codes\Projects\Communication_Protocols\SPI\Node_1\Core\Inc\stm32f1xx_hal_conf.h
2023-11-15 09:24:40,030 [INFO] CodeEngine:255 - oldGeneratedFile, D:\Codes\Projects\Communication_Protocols\SPI\Node_1\Core\Inc\main.h_save
2023-11-15 09:24:40,139 [INFO] CodeEngine:279 - Generated code: D:\Codes\Projects\Communication_Protocols\SPI\Node_1\Core\Inc\main.h
2023-11-15 09:24:40,161 [INFO] CodeEngine:255 - oldGeneratedFile, D:\Codes\Projects\Communication_Protocols\SPI\Node_1\Core\Src\main.c_save
2023-11-15 09:24:40,301 [INFO] CodeEngine:279 - Generated code: D:\Codes\Projects\Communication_Protocols\SPI\Node_1\Core\Src\main.c
2023-11-15 09:24:41,117 [INFO] ProjectBuilder:3064 - Time for Copy HAL[1] : 241mS.
2023-11-15 09:24:41,124 [INFO] ProjectBuilder:4404 - Project Generator version: 4.1.0
2023-11-15 09:24:41,325 [INFO] ConfigFileManager:1457 - The Die is : DIE410
2023-11-15 09:24:41,345 [INFO] ApiDbMcu:507 - Load IP Config File for FATFS
2023-11-15 09:24:41,380 [INFO] ApiDbMcu:507 - Load IP Config File for USB_DEVICE
2023-11-15 09:24:42,775 [INFO] LogOutputStream:77 - [STDOUT_REDIRECT] 
2023-11-15 09:24:44,789 [INFO] ProjectBuilder:4626 - Time for Generating toolchain IDE Files: 3665mS.
2023-11-15 09:24:44,791 [INFO] ProjectBuilder:2935 - Time for Copy CMSIS : 0mS.
2023-11-15 09:24:44,795 [INFO] ProjectBuilder:2935 - Time for Copy CMSIS : 0mS.
2023-11-15 09:57:50,834 [INFO] UtilMem:75 - End SaveConfig() Used Memory: 556479416 Bytes (908066816)
2023-11-15 09:57:50,961 [INFO] UtilMem:75 - End SaveConfig() Used Memory: 603223128 Bytes (908066816)
2023-11-15 09:57:51,134 [INFO] UtilMem:75 - End SaveConfig() Used Memory: 687635544 Bytes (908066816)
2023-11-15 09:57:51,401 [INFO] BlockDiagram:2759 - set Specific Code input for plugin: SPI
2023-11-15 09:57:51,401 [INFO] BlockDiagram:2759 - set Specific Code input for plugin: NVIC
2023-11-15 09:57:51,401 [INFO] BlockDiagram:2759 - set Specific Code input for plugin: FREERTOS
2023-11-15 09:57:51,401 [INFO] BlockDiagram:2759 - set Specific Code input for plugin: SYS
2023-11-15 09:57:51,402 [INFO] BlockDiagram:2759 - set Specific Code input for plugin: GPIO
2023-11-15 09:57:51,402 [INFO] BlockDiagram:2759 - set Specific Code input for plugin: RCC
2023-11-15 09:57:51,404 [INFO] CodeGenerator:799 - code generatio: config db path: C:\ST\STM32CubeIDE_1.13.2\STM32CubeIDE\plugins\com.st.stm32cube.common.mx_6.9.2.202309101412\\db\
2023-11-15 09:57:51,546 [INFO] CodeEngine:255 - oldGeneratedFile, D:\Codes\Projects\Communication_Protocols\SPI\Node_1\MXTmpFiles\license.tmp_save
2023-11-15 09:57:51,665 [INFO] CodeEngine:279 - Generated code: D:\Codes\Projects\Communication_Protocols\SPI\Node_1\MXTmpFiles\license.tmp
2023-11-15 09:57:51,710 [INFO] CodeEngine:255 - oldGeneratedFile, D:\Codes\Projects\Communication_Protocols\SPI\Node_1\Core\Src\gpio.c_save
2023-11-15 09:57:51,845 [INFO] CodeEngine:279 - Generated code: D:\Codes\Projects\Communication_Protocols\SPI\Node_1\Core\Src\gpio.c
2023-11-15 09:57:51,869 [INFO] CodeEngine:255 - oldGeneratedFile, D:\Codes\Projects\Communication_Protocols\SPI\Node_1\Core\Inc\gpio.h_save
2023-11-15 09:57:51,945 [INFO] CodeEngine:279 - Generated code: D:\Codes\Projects\Communication_Protocols\SPI\Node_1\Core\Inc\gpio.h
2023-11-15 09:57:52,035 [INFO] Middleware:1439 - No code input for Bsp Dependency
2023-11-15 09:57:52,043 [INFO] CodeEngine:255 - oldGeneratedFile, D:\Codes\Projects\Communication_Protocols\SPI\Node_1\MXTmpFiles\rtos_inc.tmp_save
2023-11-15 09:57:52,135 [INFO] CodeEngine:279 - Generated code: D:\Codes\Projects\Communication_Protocols\SPI\Node_1\MXTmpFiles\rtos_inc.tmp
2023-11-15 09:57:52,138 [INFO] CodeEngine:255 - oldGeneratedFile, D:\Codes\Projects\Communication_Protocols\SPI\Node_1\MXTmpFiles\rtos_kernelInit.tmp_save
2023-11-15 09:57:52,284 [INFO] CodeEngine:279 - Generated code: D:\Codes\Projects\Communication_Protocols\SPI\Node_1\MXTmpFiles\rtos_kernelInit.tmp
2023-11-15 09:57:52,287 [INFO] CodeEngine:255 - oldGeneratedFile, D:\Codes\Projects\Communication_Protocols\SPI\Node_1\MXTmpFiles\rtos_kernelStart.tmp_save
2023-11-15 09:57:52,342 [INFO] CodeEngine:279 - Generated code: D:\Codes\Projects\Communication_Protocols\SPI\Node_1\MXTmpFiles\rtos_kernelStart.tmp
2023-11-15 09:57:52,344 [INFO] CodeEngine:255 - oldGeneratedFile, D:\Codes\Projects\Communication_Protocols\SPI\Node_1\MXTmpFiles\rtos_typedefs.tmp_save
2023-11-15 09:57:52,396 [INFO] CodeEngine:279 - Generated code: D:\Codes\Projects\Communication_Protocols\SPI\Node_1\MXTmpFiles\rtos_typedefs.tmp
2023-11-15 09:57:52,400 [INFO] CodeEngine:255 - oldGeneratedFile, D:\Codes\Projects\Communication_Protocols\SPI\Node_1\MXTmpFiles\rtos_vars.tmp_save
2023-11-15 09:57:52,461 [INFO] CodeEngine:279 - Generated code: D:\Codes\Projects\Communication_Protocols\SPI\Node_1\MXTmpFiles\rtos_vars.tmp
2023-11-15 09:57:52,464 [INFO] CodeEngine:255 - oldGeneratedFile, D:\Codes\Projects\Communication_Protocols\SPI\Node_1\MXTmpFiles\rtos_pfp.tmp_save
2023-11-15 09:57:52,516 [INFO] CodeEngine:279 - Generated code: D:\Codes\Projects\Communication_Protocols\SPI\Node_1\MXTmpFiles\rtos_pfp.tmp
2023-11-15 09:57:52,519 [INFO] CodeEngine:255 - oldGeneratedFile, D:\Codes\Projects\Communication_Protocols\SPI\Node_1\MXTmpFiles\rtos_obj_creat.tmp_save
2023-11-15 09:57:52,576 [INFO] CodeEngine:279 - Generated code: D:\Codes\Projects\Communication_Protocols\SPI\Node_1\MXTmpFiles\rtos_obj_creat.tmp
2023-11-15 09:57:52,580 [INFO] CodeEngine:255 - oldGeneratedFile, D:\Codes\Projects\Communication_Protocols\SPI\Node_1\MXTmpFiles\rtos_default_thread.tmp_save
2023-11-15 09:57:52,632 [INFO] CodeEngine:279 - Generated code: D:\Codes\Projects\Communication_Protocols\SPI\Node_1\MXTmpFiles\rtos_default_thread.tmp
2023-11-15 09:57:52,635 [INFO] CodeEngine:255 - oldGeneratedFile, D:\Codes\Projects\Communication_Protocols\SPI\Node_1\MXTmpFiles\rtos_threads.tmp_save
2023-11-15 09:57:52,681 [INFO] CodeEngine:279 - Generated code: D:\Codes\Projects\Communication_Protocols\SPI\Node_1\MXTmpFiles\rtos_threads.tmp
2023-11-15 09:57:52,689 [INFO] Middleware:1439 - No code input for Bsp Dependency
2023-11-15 09:57:52,695 [INFO] CodeEngine:255 - oldGeneratedFile, D:\Codes\Projects\Communication_Protocols\SPI\Node_1\MXTmpFiles\rtos_inc.tmp_save
2023-11-15 09:57:52,767 [INFO] CodeEngine:279 - Generated code: D:\Codes\Projects\Communication_Protocols\SPI\Node_1\MXTmpFiles\rtos_inc.tmp
2023-11-15 09:57:52,770 [INFO] CodeEngine:255 - oldGeneratedFile, D:\Codes\Projects\Communication_Protocols\SPI\Node_1\MXTmpFiles\rtos_kernelInit.tmp_save
2023-11-15 09:57:52,812 [INFO] CodeEngine:279 - Generated code: D:\Codes\Projects\Communication_Protocols\SPI\Node_1\MXTmpFiles\rtos_kernelInit.tmp
2023-11-15 09:57:52,815 [INFO] CodeEngine:255 - oldGeneratedFile, D:\Codes\Projects\Communication_Protocols\SPI\Node_1\MXTmpFiles\rtos_kernelStart.tmp_save
2023-11-15 09:57:52,860 [INFO] CodeEngine:279 - Generated code: D:\Codes\Projects\Communication_Protocols\SPI\Node_1\MXTmpFiles\rtos_kernelStart.tmp
2023-11-15 09:57:52,864 [INFO] CodeEngine:255 - oldGeneratedFile, D:\Codes\Projects\Communication_Protocols\SPI\Node_1\MXTmpFiles\rtos_typedefs.tmp_save
2023-11-15 09:57:52,915 [INFO] CodeEngine:279 - Generated code: D:\Codes\Projects\Communication_Protocols\SPI\Node_1\MXTmpFiles\rtos_typedefs.tmp
2023-11-15 09:57:52,925 [INFO] CodeEngine:255 - oldGeneratedFile, D:\Codes\Projects\Communication_Protocols\SPI\Node_1\MXTmpFiles\rtos_vars.tmp_save
2023-11-15 09:57:52,977 [INFO] CodeEngine:279 - Generated code: D:\Codes\Projects\Communication_Protocols\SPI\Node_1\MXTmpFiles\rtos_vars.tmp
2023-11-15 09:57:52,980 [INFO] CodeEngine:255 - oldGeneratedFile, D:\Codes\Projects\Communication_Protocols\SPI\Node_1\MXTmpFiles\rtos_pfp.tmp_save
2023-11-15 09:57:53,023 [INFO] CodeEngine:279 - Generated code: D:\Codes\Projects\Communication_Protocols\SPI\Node_1\MXTmpFiles\rtos_pfp.tmp
2023-11-15 09:57:53,032 [INFO] CodeEngine:255 - oldGeneratedFile, D:\Codes\Projects\Communication_Protocols\SPI\Node_1\MXTmpFiles\rtos_obj_creat.tmp_save
2023-11-15 09:57:53,085 [INFO] CodeEngine:279 - Generated code: D:\Codes\Projects\Communication_Protocols\SPI\Node_1\MXTmpFiles\rtos_obj_creat.tmp
2023-11-15 09:57:53,089 [INFO] CodeEngine:255 - oldGeneratedFile, D:\Codes\Projects\Communication_Protocols\SPI\Node_1\MXTmpFiles\rtos_default_thread.tmp_save
2023-11-15 09:57:53,152 [INFO] CodeEngine:279 - Generated code: D:\Codes\Projects\Communication_Protocols\SPI\Node_1\MXTmpFiles\rtos_default_thread.tmp
2023-11-15 09:57:53,155 [INFO] CodeEngine:255 - oldGeneratedFile, D:\Codes\Projects\Communication_Protocols\SPI\Node_1\MXTmpFiles\rtos_threads.tmp_save
2023-11-15 09:57:53,207 [INFO] CodeEngine:279 - Generated code: D:\Codes\Projects\Communication_Protocols\SPI\Node_1\MXTmpFiles\rtos_threads.tmp
2023-11-15 09:57:53,234 [INFO] CodeEngine:255 - oldGeneratedFile, D:\Codes\Projects\Communication_Protocols\SPI\Node_1\Core\Inc\FreeRTOSConfig.h_save
2023-11-15 09:57:53,322 [INFO] CodeEngine:279 - Generated code: D:\Codes\Projects\Communication_Protocols\SPI\Node_1\Core\Inc\FreeRTOSConfig.h
2023-11-15 09:57:53,341 [INFO] CodeEngine:255 - oldGeneratedFile, D:\Codes\Projects\Communication_Protocols\SPI\Node_1\Core\Src\freertos.c_save
2023-11-15 09:57:53,421 [INFO] CodeEngine:279 - Generated code: D:\Codes\Projects\Communication_Protocols\SPI\Node_1\Core\Src\freertos.c
2023-11-15 09:57:53,439 [INFO] CodeEngine:255 - oldGeneratedFile, D:\Codes\Projects\Communication_Protocols\SPI\Node_1\Core\Src\spi.c_save
2023-11-15 09:57:53,556 [INFO] CodeEngine:279 - Generated code: D:\Codes\Projects\Communication_Protocols\SPI\Node_1\Core\Src\spi.c
2023-11-15 09:57:53,570 [INFO] CodeEngine:255 - oldGeneratedFile, D:\Codes\Projects\Communication_Protocols\SPI\Node_1\Core\Inc\spi.h_save
2023-11-15 09:57:53,637 [INFO] CodeEngine:279 - Generated code: D:\Codes\Projects\Communication_Protocols\SPI\Node_1\Core\Inc\spi.h
2023-11-15 09:57:53,657 [INFO] CodeEngine:255 - oldGeneratedFile, D:\Codes\Projects\Communication_Protocols\SPI\Node_1\Core\Src\stm32f1xx_it.c_save
2023-11-15 09:57:53,826 [INFO] CodeEngine:279 - Generated code: D:\Codes\Projects\Communication_Protocols\SPI\Node_1\Core\Src\stm32f1xx_it.c
2023-11-15 09:57:53,829 [INFO] CodeEngine:255 - oldGeneratedFile, D:\Codes\Projects\Communication_Protocols\SPI\Node_1\Core\Inc\stm32f1xx_it.h_save
2023-11-15 09:57:53,888 [INFO] CodeEngine:279 - Generated code: D:\Codes\Projects\Communication_Protocols\SPI\Node_1\Core\Inc\stm32f1xx_it.h
2023-11-15 09:57:53,907 [INFO] CodeEngine:255 - oldGeneratedFile, D:\Codes\Projects\Communication_Protocols\SPI\Node_1\Core\Src\stm32f1xx_hal_msp.c_save
2023-11-15 09:57:53,975 [INFO] CodeEngine:279 - Generated code: D:\Codes\Projects\Communication_Protocols\SPI\Node_1\Core\Src\stm32f1xx_hal_msp.c
2023-11-15 09:57:53,977 [INFO] CodeEngine:255 - oldGeneratedFile, D:\Codes\Projects\Communication_Protocols\SPI\Node_1\MXTmpFiles\system.tmp_save
2023-11-15 09:57:54,041 [INFO] CodeEngine:279 - Generated code: D:\Codes\Projects\Communication_Protocols\SPI\Node_1\MXTmpFiles\system.tmp
2023-11-15 09:57:54,054 [INFO] CodeEngine:311 - oldGeneratedFile, D:\Codes\Projects\Communication_Protocols\SPI\Node_1\Core\Inc\stm32f1xx_hal_conf.h_save
2023-11-15 09:57:54,133 [INFO] CodeEngine:335 - Generated code: D:\Codes\Projects\Communication_Protocols\SPI\Node_1\Core\Inc\stm32f1xx_hal_conf.h
2023-11-15 09:57:54,174 [INFO] CodeEngine:255 - oldGeneratedFile, D:\Codes\Projects\Communication_Protocols\SPI\Node_1\Core\Inc\main.h_save
2023-11-15 09:57:54,270 [INFO] CodeEngine:279 - Generated code: D:\Codes\Projects\Communication_Protocols\SPI\Node_1\Core\Inc\main.h
2023-11-15 09:57:54,282 [INFO] CodeEngine:255 - oldGeneratedFile, D:\Codes\Projects\Communication_Protocols\SPI\Node_1\Core\Src\main.c_save
2023-11-15 09:57:54,365 [INFO] CodeEngine:279 - Generated code: D:\Codes\Projects\Communication_Protocols\SPI\Node_1\Core\Src\main.c
2023-11-15 09:57:54,888 [INFO] ProjectBuilder:3064 - Time for Copy HAL[1] : 202mS.
2023-11-15 09:57:54,891 [INFO] ProjectBuilder:4404 - Project Generator version: 4.1.0
2023-11-15 09:57:55,058 [INFO] ConfigFileManager:1457 - The Die is : DIE410
2023-11-15 09:57:56,595 [INFO] ProjectBuilder:4626 - Time for Generating toolchain IDE Files: 1703mS.
2023-11-15 09:57:56,596 [INFO] ProjectBuilder:2935 - Time for Copy CMSIS : 1mS.
2023-11-15 09:57:56,600 [INFO] ProjectBuilder:2935 - Time for Copy CMSIS : 0mS.
2023-11-15 10:28:47,290 [ERROR] LogOutputStream:75 - [STDERR_REDIRECT] 
